<?xml version="1.0" encoding="utf-8"?>
<CoverageSession xmlns:xsd="http://www.w3.org/2001/XMLSchema" xmlns:xsi="http://www.w3.org/2001/XMLSchema-instance" Version="0.0.0.0">
  <Summary numSequencePoints="3405" visitedSequencePoints="3192" numBranchPoints="0" visitedBranchPoints="0" sequenceCoverage="93.74" branchCoverage="0.0" maxCyclomaticComplexity="24" minCyclomaticComplexity="1" maxCrapScore="30" minCrapScore="1" visitedClasses="121" numClasses="123" visitedMethods="496" numMethods="499" />
  <Modules>
    <Module>
      <Summary numSequencePoints="2204" visitedSequencePoints="2008" numBranchPoints="0" visitedBranchPoints="0" sequenceCoverage="91.11" branchCoverage="0.0" maxCyclomaticComplexity="24" minCyclomaticComplexity="1" maxCrapScore="30" minCrapScore="1" visitedClasses="88" numClasses="90" visitedMethods="363" numMethods="366" />
      <ModuleTime>0001-01-01T00:00:00</ModuleTime>
      <ModuleName>bamlab.micromissiles</ModuleName>
      <Files>
        <File uid="1" fullPath="/github/workspace/Assets/Scripts/Agent.cs" />
        <File uid="2" fullPath="/github/workspace/Assets/Scripts/Algorithms/Clustering/AgglomerativeClusterer.cs" />
        <File uid="3" fullPath="/github/workspace/Assets/Scripts/Algorithms/Clustering/Cluster.cs" />
        <File uid="4" fullPath="/github/workspace/Assets/Scripts/Algorithms/Clustering/Clusterer.cs" />
        <File uid="5" fullPath="/github/workspace/Assets/Scripts/Algorithms/Clustering/KMeansClusterer.cs" />
        <File uid="6" fullPath="/github/workspace/Assets/Scripts/Algorithms/Planning/IterativeLaunchPlanner.cs" />
        <File uid="7" fullPath="/github/workspace/Assets/Scripts/Algorithms/Planning/LaunchAngleInterpolator.cs" />
        <File uid="8" fullPath="/github/workspace/Assets/Scripts/Algorithms/Planning/LaunchAnglePlanner.cs" />
        <File uid="9" fullPath="/github/workspace/Assets/Scripts/Algorithms/Planning/LaunchPlanner.cs" />
        <File uid="10" fullPath="/github/workspace/Assets/Scripts/Algorithms/Prediction/LinearExtrapolator.cs" />
        <File uid="11" fullPath="/github/workspace/Assets/Scripts/Algorithms/Prediction/Predictor.cs" />
        <File uid="12" fullPath="/github/workspace/Assets/Scripts/Assignment/Assignment.cs" />
        <File uid="13" fullPath="/github/workspace/Assets/Scripts/Assignment/MaxSpeedAssignment.cs" />
        <File uid="14" fullPath="/github/workspace/Assets/Scripts/Assignment/RoundRobinAssignment.cs" />
        <File uid="15" fullPath="/github/workspace/Assets/Scripts/Assignment/ThreatAssignment.cs" />
        <File uid="16" fullPath="/github/workspace/Assets/Scripts/Behavior/AttackBehavior.cs" />
        <File uid="17" fullPath="/github/workspace/Assets/Scripts/Behavior/AttackBehaviorFactory.cs" />
        <File uid="18" fullPath="/github/workspace/Assets/Scripts/Behavior/DirectAttackBehavior.cs" />
        <File uid="19" fullPath="/github/workspace/Assets/Scripts/Behavior/FlightPlan.cs" />
        <File uid="20" fullPath="/github/workspace/Assets/Scripts/Behavior/Waypoint.cs" />
        <File uid="21" fullPath="/github/workspace/Assets/Scripts/Config/ConfigLoader.cs" />
        <File uid="22" fullPath="/github/workspace/Assets/Scripts/Constants.cs" />
        <File uid="23" fullPath="/github/workspace/Assets/Scripts/Controller/ApnController.cs" />
        <File uid="24" fullPath="/github/workspace/Assets/Scripts/Controller/Controller.cs" />
        <File uid="25" fullPath="/github/workspace/Assets/Scripts/Controller/PnController.cs" />
        <File uid="26" fullPath="/github/workspace/Assets/Scripts/Controller/WaypointController.cs" />
        <File uid="27" fullPath="/github/workspace/Assets/Scripts/Editor/GenerateCone.cs" />
        <File uid="28" fullPath="/github/workspace/Assets/Scripts/IADS/IADS.cs" />
        <File uid="29" fullPath="/github/workspace/Assets/Scripts/IADS/ThreatClusterData.cs" />
        <File uid="30" fullPath="/github/workspace/Assets/Scripts/IADS/TrackFileData.cs" />
        <File uid="31" fullPath="/github/workspace/Assets/Scripts/IADS/Vessel.cs" />
        <File uid="32" fullPath="/github/workspace/Assets/Scripts/Interceptor.cs" />
        <File uid="33" fullPath="/github/workspace/Assets/Scripts/Interceptors/CarrierInterceptor.cs" />
        <File uid="34" fullPath="/github/workspace/Assets/Scripts/Managers/InputManager.cs" />
        <File uid="35" fullPath="/github/workspace/Assets/Scripts/Managers/ParticleManager.cs" />
        <File uid="36" fullPath="/github/workspace/Assets/Scripts/Monitor.cs" />
        <File uid="37" fullPath="/github/workspace/Assets/Scripts/Sensors/IdealSensor.cs" />
        <File uid="38" fullPath="/github/workspace/Assets/Scripts/Sensors/Sensor.cs" />
        <File uid="39" fullPath="/github/workspace/Assets/Scripts/SimManager.cs" />
        <File uid="40" fullPath="/github/workspace/Assets/Scripts/Threats/FixedWingThreat.cs" />
        <File uid="41" fullPath="/github/workspace/Assets/Scripts/Threats/RotaryWingThreat.cs" />
        <File uid="42" fullPath="/github/workspace/Assets/Scripts/Threats/Threat.cs" />
        <File uid="43" fullPath="/github/workspace/Assets/Scripts/UI/CameraController.cs" />
        <File uid="44" fullPath="/github/workspace/Assets/Scripts/UI/Dialogs/SwarmStatusDialog.cs" />
        <File uid="45" fullPath="/github/workspace/Assets/Scripts/UI/RectTransformExtensions.cs" />
        <File uid="46" fullPath="/github/workspace/Assets/Scripts/UI/TacticalPanelController.cs" />
        <File uid="47" fullPath="/github/workspace/Assets/Scripts/UI/TacticalPolarGridGraphic.cs" />
        <File uid="48" fullPath="/github/workspace/Assets/Scripts/UI/TacticalSymbol.cs" />
        <File uid="49" fullPath="/github/workspace/Assets/Scripts/UI/UIBuildButton.cs" />
        <File uid="50" fullPath="/github/workspace/Assets/Scripts/UI/UIDialog.cs" />
        <File uid="51" fullPath="/github/workspace/Assets/Scripts/UI/UIElementDragger.cs" />
        <File uid="52" fullPath="/github/workspace/Assets/Scripts/UI/UIElementMouseCapturer.cs" />
        <File uid="53" fullPath="/github/workspace/Assets/Scripts/UI/UIManager.cs" />
        <File uid="54" fullPath="/github/workspace/Assets/Scripts/UI/UISelectableEntry.cs" />
        <File uid="55" fullPath="/github/workspace/Assets/Scripts/UI/Windows/UIWindow.cs" />
        <File uid="56" fullPath="/github/workspace/Assets/Scripts/UIEventMarker.cs" />
        <File uid="57" fullPath="/github/workspace/Assets/Scripts/Utilities.cs" />
        <File uid="58" fullPath="/github/workspace/Assets/Scripts/Utils/Coordinates.cs" />
        <File uid="59" fullPath="/github/workspace/Assets/Scripts/Utils/Interpolator2D.cs" />
        <File uid="60" fullPath="/github/workspace/Assets/Scripts/Utils/KDTree.cs" />
        <File uid="61" fullPath="/github/workspace/Assets/Scripts/Utils/PriorityQueue.cs" />
        <File uid="62" fullPath="/github/workspace/Assets/Scripts/Generated/Protobuf/Agent.cs" />
        <File uid="63" fullPath="/github/workspace/Assets/Scripts/Generated/Protobuf/Coordinates.cs" />
        <File uid="64" fullPath="/github/workspace/Assets/Scripts/Generated/Protobuf/DynamicConfig.cs" />
        <File uid="65" fullPath="/github/workspace/Assets/Scripts/Generated/Protobuf/Sensor.cs" />
        <File uid="66" fullPath="/github/workspace/Assets/Scripts/Generated/Protobuf/SimulationConfig.cs" />
        <File uid="67" fullPath="/github/workspace/Assets/Scripts/Generated/Protobuf/SimulatorConfig.cs" />
        <File uid="68" fullPath="/github/workspace/Assets/Scripts/Generated/Protobuf/State.cs" />
        <File uid="69" fullPath="/github/workspace/Assets/Scripts/Generated/Protobuf/StaticConfig.cs" />
        <File uid="70" fullPath="/github/workspace/Assets/Scripts/Generated/Protobuf/Transformation.cs" />
        <File uid="71" fullPath="/github/workspace/Assets/Scripts/Generated/Proto/Status.cs" />
        <File uid="72" fullPath="/github/workspace/Assets/Scripts/Generated/Proto/Coordinates.cs" />
        <File uid="73" fullPath="/github/workspace/Assets/Scripts/Generated/Proto/FlightPhase.cs" />
        <File uid="74" fullPath="/github/workspace/Assets/Scripts/Generated/Proto/Sensor.cs" />
        <File uid="75" fullPath="/github/workspace/Assets/Scripts/Generated/Proto/State.cs" />
        <File uid="76" fullPath="/github/workspace/Assets/Scripts/Generated/Proto/Transformation.cs" />
        <File uid="77" fullPath="/github/workspace/Assets/Scripts/Generated/Proto/AgentConfig.cs" />
        <File uid="78" fullPath="/github/workspace/Assets/Scripts/Generated/Proto/AttackBehaviorConfig.cs" />
        <File uid="79" fullPath="/github/workspace/Assets/Scripts/Generated/Proto/DynamicConfig.cs" />
        <File uid="80" fullPath="/github/workspace/Assets/Scripts/Generated/Proto/SimulationConfig.cs" />
        <File uid="81" fullPath="/github/workspace/Assets/Scripts/Generated/Proto/SimulatorConfig.cs" />
        <File uid="82" fullPath="/github/workspace/Assets/Scripts/Generated/Proto/StaticConfig.cs" />
        <File uid="83" fullPath="/github/workspace/Assets/Scripts/Generated/Proto/SwarmConfig.cs" />
      </Files>
      <Classes>
        <Class>
          <Summary numSequencePoints="143" visitedSequencePoints="143" numBranchPoints="0" visitedBranchPoints="0" sequenceCoverage="100.0" branchCoverage="0.0" maxCyclomaticComplexity="5" minCyclomaticComplexity="1" maxCrapScore="5" minCrapScore="1" visitedClasses="1" numClasses="1" visitedMethods="26" numMethods="26" />
          <FullName>Agent</FullName>
          <Methods>
            <Method visited="true" cyclomaticComplexity="1" nPathComplexity="0" sequenceCoverage="100.0" branchCoverage="0" crapScore="1" isConstructor="false" isStatic="false" isGetter="false" isSetter="false">
              <Summary numSequencePoints="3" visitedSequencePoints="3" numBranchPoints="0" visitedBranchPoints="0" sequenceCoverage="100.0" branchCoverage="0" maxCyclomaticComplexity="1" minCyclomaticComplexity="1" maxCrapScore="1" minCrapScore="1" visitedClasses="0" numClasses="0" visitedMethods="1" numMethods="1" />
              <MetadataToken>100663310</MetadataToken>
              <Name>System.Boolean Agent::IsTerminated()</Name>
              <FileRef uid="1" />
              <SequencePoints>
                <SequencePoint vc="26" uspid="15511" ordinal="0" offset="0" sl="79" sc="30" el="79" ec="30" bec="0" bev="0" fileid="1" />
                <SequencePoint vc="26" uspid="15512" ordinal="0" offset="1" sl="80" sc="5" el="80" ec="5" bec="0" bev="0" fileid="1" />
                <SequencePoint vc="26" uspid="15513" ordinal="0" offset="13" sl="81" sc="3" el="81" ec="3" bec="0" bev="0" fileid="1" />
              </SequencePoints>
              <BranchPoints />
            </Method>
            <Method visited="true" cyclomaticComplexity="1" nPathComplexity="0" sequenceCoverage="100.0" branchCoverage="0" crapScore="1" isConstructor="false" isStatic="false" isGetter="false" isSetter="false">
              <Summary numSequencePoints="3" visitedSequencePoints="3" numBranchPoints="0" visitedBranchPoints="0" sequenceCoverage="100.0" branchCoverage="0" maxCyclomaticComplexity="1" minCyclomaticComplexity="1" maxCrapScore="1" minCrapScore="1" visitedClasses="0" numClasses="0" visitedMethods="1" numMethods="1" />
              <MetadataToken>100663311</MetadataToken>
              <Name>System.Void Agent::SetAgentConfig(Configs.AgentConfig)</Name>
              <FileRef uid="1" />
              <SequencePoints>
                <SequencePoint vc="16" uspid="15514" ordinal="0" offset="0" sl="83" sc="66" el="83" ec="66" bec="0" bev="0" fileid="1" />
                <SequencePoint vc="16" uspid="15515" ordinal="0" offset="1" sl="84" sc="5" el="84" ec="5" bec="0" bev="0" fileid="1" />
                <SequencePoint vc="16" uspid="15516" ordinal="0" offset="8" sl="85" sc="3" el="85" ec="3" bec="0" bev="0" fileid="1" />
              </SequencePoints>
              <BranchPoints />
            </Method>
            <Method visited="true" cyclomaticComplexity="3" nPathComplexity="0" sequenceCoverage="100.0" branchCoverage="0" crapScore="3" isConstructor="false" isStatic="false" isGetter="false" isSetter="false">
              <Summary numSequencePoints="4" visitedSequencePoints="4" numBranchPoints="0" visitedBranchPoints="0" sequenceCoverage="100.0" branchCoverage="0" maxCyclomaticComplexity="3" minCyclomaticComplexity="3" maxCrapScore="3" minCrapScore="3" visitedClasses="0" numClasses="0" visitedMethods="1" numMethods="1" />
              <MetadataToken>100663312</MetadataToken>
              <Name>System.Void Agent::SetStaticConfig(Configs.StaticConfig)</Name>
              <FileRef uid="1" />
              <SequencePoints>
                <SequencePoint vc="16" uspid="15517" ordinal="0" offset="0" sl="87" sc="68" el="87" ec="68" bec="0" bev="0" fileid="1" />
                <SequencePoint vc="16" uspid="15518" ordinal="0" offset="1" sl="88" sc="5" el="88" ec="5" bec="0" bev="0" fileid="1" />
                <SequencePoint vc="16" uspid="15519" ordinal="0" offset="8" sl="89" sc="5" el="89" ec="5" bec="0" bev="0" fileid="1" />
                <SequencePoint vc="16" uspid="15520" ordinal="0" offset="47" sl="90" sc="3" el="90" ec="3" bec="0" bev="0" fileid="1" />
              </SequencePoints>
              <BranchPoints />
            </Method>
            <Method visited="true" cyclomaticComplexity="1" nPathComplexity="0" sequenceCoverage="100.0" branchCoverage="0" crapScore="1" isConstructor="false" isStatic="false" isGetter="false" isSetter="false">
              <Summary numSequencePoints="5" visitedSequencePoints="5" numBranchPoints="0" visitedBranchPoints="0" sequenceCoverage="100.0" branchCoverage="0" maxCyclomaticComplexity="1" minCyclomaticComplexity="1" maxCrapScore="1" minCrapScore="1" visitedClasses="0" numClasses="0" visitedMethods="1" numMethods="1" />
              <MetadataToken>100663314</MetadataToken>
              <Name>System.Void Agent::AssignTarget(Agent)</Name>
              <FileRef uid="1" />
              <SequencePoints>
                <SequencePoint vc="1" uspid="15524" ordinal="0" offset="0" sl="96" sc="50" el="96" ec="50" bec="0" bev="0" fileid="1" />
                <SequencePoint vc="1" uspid="15525" ordinal="0" offset="1" sl="97" sc="5" el="97" ec="5" bec="0" bev="0" fileid="1" />
                <SequencePoint vc="1" uspid="15526" ordinal="0" offset="8" sl="98" sc="5" el="98" ec="5" bec="0" bev="0" fileid="1" />
                <SequencePoint vc="1" uspid="15527" ordinal="0" offset="21" sl="99" sc="5" el="99" ec="5" bec="0" bev="0" fileid="1" />
                <SequencePoint vc="1" uspid="15528" ordinal="0" offset="49" sl="100" sc="3" el="100" ec="3" bec="0" bev="0" fileid="1" />
              </SequencePoints>
              <BranchPoints />
            </Method>
            <Method visited="true" cyclomaticComplexity="1" nPathComplexity="0" sequenceCoverage="100.0" branchCoverage="0" crapScore="1" isConstructor="false" isStatic="false" isGetter="false" isSetter="false">
              <Summary numSequencePoints="3" visitedSequencePoints="3" numBranchPoints="0" visitedBranchPoints="0" sequenceCoverage="100.0" branchCoverage="0" maxCyclomaticComplexity="1" minCyclomaticComplexity="1" maxCrapScore="1" minCrapScore="1" visitedClasses="0" numClasses="0" visitedMethods="1" numMethods="1" />
              <MetadataToken>100663316</MetadataToken>
              <Name>System.Boolean Agent::HasAssignedTarget()</Name>
              <FileRef uid="1" />
              <SequencePoints>
                <SequencePoint vc="17" uspid="15532" ordinal="0" offset="0" sl="106" sc="35" el="106" ec="35" bec="0" bev="0" fileid="1" />
                <SequencePoint vc="17" uspid="15533" ordinal="0" offset="1" sl="107" sc="5" el="107" ec="5" bec="0" bev="0" fileid="1" />
                <SequencePoint vc="17" uspid="15534" ordinal="0" offset="16" sl="108" sc="3" el="108" ec="3" bec="0" bev="0" fileid="1" />
              </SequencePoints>
              <BranchPoints />
            </Method>
            <Method visited="true" cyclomaticComplexity="2" nPathComplexity="0" sequenceCoverage="100.0" branchCoverage="0" crapScore="2" isConstructor="false" isStatic="false" isGetter="false" isSetter="false">
              <Summary numSequencePoints="8" visitedSequencePoints="8" numBranchPoints="0" visitedBranchPoints="0" sequenceCoverage="100.0" branchCoverage="0" maxCyclomaticComplexity="2" minCyclomaticComplexity="2" maxCrapScore="2" minCrapScore="2" visitedClasses="0" numClasses="0" visitedMethods="1" numMethods="1" />
              <MetadataToken>100663318</MetadataToken>
              <Name>System.Void Agent::UnassignTarget()</Name>
              <FileRef uid="1" />
              <SequencePoints>
                <SequencePoint vc="2" uspid="15538" ordinal="0" offset="0" sl="114" sc="40" el="114" ec="40" bec="0" bev="0" fileid="1" />
                <SequencePoint vc="2" uspid="15539" ordinal="0" offset="1" sl="115" sc="5" el="115" ec="5" bec="0" bev="0" fileid="1" />
                <SequencePoint vc="2" uspid="15540" ordinal="0" offset="11" sl="115" sc="30" el="115" ec="30" bec="0" bev="0" fileid="1" />
                <SequencePoint vc="2" uspid="15541" ordinal="0" offset="12" sl="116" sc="7" el="116" ec="7" bec="0" bev="0" fileid="1" />
                <SequencePoint vc="2" uspid="15542" ordinal="0" offset="25" sl="117" sc="5" el="117" ec="5" bec="0" bev="0" fileid="1" />
                <SequencePoint vc="2" uspid="15543" ordinal="0" offset="26" sl="118" sc="5" el="118" ec="5" bec="0" bev="0" fileid="1" />
                <SequencePoint vc="2" uspid="15544" ordinal="0" offset="33" sl="119" sc="5" el="119" ec="5" bec="0" bev="0" fileid="1" />
                <SequencePoint vc="2" uspid="15545" ordinal="0" offset="40" sl="120" sc="3" el="120" ec="3" bec="0" bev="0" fileid="1" />
              </SequencePoints>
              <BranchPoints />
            </Method>
            <Method visited="true" cyclomaticComplexity="1" nPathComplexity="0" sequenceCoverage="100.0" branchCoverage="0" crapScore="1" isConstructor="false" isStatic="false" isGetter="false" isSetter="false">
              <Summary numSequencePoints="3" visitedSequencePoints="3" numBranchPoints="0" visitedBranchPoints="0" sequenceCoverage="100.0" branchCoverage="0" maxCyclomaticComplexity="1" minCyclomaticComplexity="1" maxCrapScore="1" minCrapScore="1" visitedClasses="0" numClasses="0" visitedMethods="1" numMethods="1" />
              <MetadataToken>100663319</MetadataToken>
              <Name>System.Void Agent::AddInterceptor(Agent)</Name>
              <FileRef uid="1" />
              <SequencePoints>
                <SequencePoint vc="2" uspid="15546" ordinal="0" offset="0" sl="122" sc="49" el="122" ec="49" bec="0" bev="0" fileid="1" />
                <SequencePoint vc="2" uspid="15547" ordinal="0" offset="1" sl="123" sc="5" el="123" ec="5" bec="0" bev="0" fileid="1" />
                <SequencePoint vc="2" uspid="15548" ordinal="0" offset="14" sl="124" sc="3" el="124" ec="3" bec="0" bev="0" fileid="1" />
              </SequencePoints>
              <BranchPoints />
            </Method>
            <Method visited="true" cyclomaticComplexity="1" nPathComplexity="0" sequenceCoverage="100.0" branchCoverage="0" crapScore="1" isConstructor="false" isStatic="false" isGetter="false" isSetter="false">
              <Summary numSequencePoints="3" visitedSequencePoints="3" numBranchPoints="0" visitedBranchPoints="0" sequenceCoverage="100.0" branchCoverage="0" maxCyclomaticComplexity="1" minCyclomaticComplexity="1" maxCrapScore="1" minCrapScore="1" visitedClasses="0" numClasses="0" visitedMethods="1" numMethods="1" />
              <MetadataToken>100663320</MetadataToken>
              <Name>System.Void Agent::RemoveInterceptor(Agent)</Name>
              <FileRef uid="1" />
              <SequencePoints>
                <SequencePoint vc="3" uspid="15549" ordinal="0" offset="0" sl="126" sc="52" el="126" ec="52" bec="0" bev="0" fileid="1" />
                <SequencePoint vc="3" uspid="15550" ordinal="0" offset="1" sl="127" sc="5" el="127" ec="5" bec="0" bev="0" fileid="1" />
                <SequencePoint vc="3" uspid="15551" ordinal="0" offset="14" sl="128" sc="3" el="128" ec="3" bec="0" bev="0" fileid="1" />
              </SequencePoints>
              <BranchPoints />
            </Method>
            <Method visited="true" cyclomaticComplexity="1" nPathComplexity="0" sequenceCoverage="100.0" branchCoverage="0" crapScore="1" isConstructor="false" isStatic="false" isGetter="true" isSetter="false">
              <Summary numSequencePoints="3" visitedSequencePoints="3" numBranchPoints="0" visitedBranchPoints="0" sequenceCoverage="100.0" branchCoverage="0" maxCyclomaticComplexity="1" minCyclomaticComplexity="1" maxCrapScore="1" minCrapScore="1" visitedClasses="0" numClasses="0" visitedMethods="1" numMethods="1" />
              <MetadataToken>100663321</MetadataToken>
              <Name>System.Collections.Generic.IReadOnlyList[Agent] Agent::get_AssignedInterceptors()</Name>
              <FileRef uid="1" />
              <SequencePoints>
                <SequencePoint vc="5" uspid="15552" ordinal="0" offset="0" sl="131" sc="9" el="131" ec="9" bec="0" bev="0" fileid="1" />
                <SequencePoint vc="5" uspid="15553" ordinal="0" offset="1" sl="131" sc="11" el="131" ec="11" bec="0" bev="0" fileid="1" />
                <SequencePoint vc="5" uspid="15554" ordinal="0" offset="10" sl="131" sc="33" el="131" ec="33" bec="0" bev="0" fileid="1" />
              </SequencePoints>
              <BranchPoints />
            </Method>
            <Method visited="true" cyclomaticComplexity="3" nPathComplexity="0" sequenceCoverage="100.0" branchCoverage="0" crapScore="3" isConstructor="false" isStatic="false" isGetter="false" isSetter="false">
              <Summary numSequencePoints="10" visitedSequencePoints="10" numBranchPoints="0" visitedBranchPoints="0" sequenceCoverage="100.0" branchCoverage="0" maxCyclomaticComplexity="3" minCyclomaticComplexity="3" maxCrapScore="3" minCrapScore="3" visitedClasses="0" numClasses="0" visitedMethods="1" numMethods="1" />
              <MetadataToken>100663322</MetadataToken>
              <Name>System.Void Agent::TerminateAgent()</Name>
              <FileRef uid="1" />
              <SequencePoints>
                <SequencePoint vc="1" uspid="15555" ordinal="0" offset="0" sl="134" sc="40" el="134" ec="40" bec="0" bev="0" fileid="1" />
                <SequencePoint vc="1" uspid="15556" ordinal="0" offset="1" sl="135" sc="5" el="135" ec="5" bec="0" bev="0" fileid="1" />
                <SequencePoint vc="1" uspid="15557" ordinal="0" offset="8" sl="136" sc="5" el="136" ec="5" bec="0" bev="0" fileid="1" />
                <SequencePoint vc="1" uspid="15558" ordinal="0" offset="24" sl="136" sc="49" el="136" ec="49" bec="0" bev="0" fileid="1" />
                <SequencePoint vc="1" uspid="15559" ordinal="0" offset="25" sl="137" sc="7" el="137" ec="7" bec="0" bev="0" fileid="1" />
                <SequencePoint vc="1" uspid="15560" ordinal="0" offset="44" sl="138" sc="5" el="138" ec="5" bec="0" bev="0" fileid="1" />
                <SequencePoint vc="1" uspid="15561" ordinal="0" offset="45" sl="139" sc="5" el="139" ec="5" bec="0" bev="0" fileid="1" />
                <SequencePoint vc="1" uspid="15562" ordinal="0" offset="52" sl="140" sc="5" el="140" ec="5" bec="0" bev="0" fileid="1" />
                <SequencePoint vc="1" uspid="15563" ordinal="0" offset="64" sl="141" sc="5" el="141" ec="5" bec="0" bev="0" fileid="1" />
                <SequencePoint vc="1" uspid="15564" ordinal="0" offset="77" sl="142" sc="3" el="142" ec="3" bec="0" bev="0" fileid="1" />
              </SequencePoints>
              <BranchPoints />
            </Method>
            <Method visited="true" cyclomaticComplexity="1" nPathComplexity="0" sequenceCoverage="100.0" branchCoverage="0" crapScore="1" isConstructor="false" isStatic="false" isGetter="false" isSetter="false">
              <Summary numSequencePoints="3" visitedSequencePoints="3" numBranchPoints="0" visitedBranchPoints="0" sequenceCoverage="100.0" branchCoverage="0" maxCyclomaticComplexity="1" minCyclomaticComplexity="1" maxCrapScore="1" minCrapScore="1" visitedClasses="0" numClasses="0" visitedMethods="1" numMethods="1" />
              <MetadataToken>100663328</MetadataToken>
              <Name>System.Void Agent::SetInitialVelocity(UnityEngine.Vector3)</Name>
              <FileRef uid="1" />
              <SequencePoints>
                <SequencePoint vc="16" uspid="15602" ordinal="0" offset="0" sl="180" sc="52" el="180" ec="52" bec="0" bev="0" fileid="1" />
                <SequencePoint vc="16" uspid="15603" ordinal="0" offset="1" sl="181" sc="5" el="181" ec="5" bec="0" bev="0" fileid="1" />
                <SequencePoint vc="16" uspid="15604" ordinal="0" offset="8" sl="182" sc="3" el="182" ec="3" bec="0" bev="0" fileid="1" />
              </SequencePoints>
              <BranchPoints />
            </Method>
            <Method visited="true" cyclomaticComplexity="1" nPathComplexity="0" sequenceCoverage="100.0" branchCoverage="0" crapScore="1" isConstructor="false" isStatic="false" isGetter="false" isSetter="false">
              <Summary numSequencePoints="3" visitedSequencePoints="3" numBranchPoints="0" visitedBranchPoints="0" sequenceCoverage="100.0" branchCoverage="0" maxCyclomaticComplexity="1" minCyclomaticComplexity="1" maxCrapScore="1" minCrapScore="1" visitedClasses="0" numClasses="0" visitedMethods="1" numMethods="1" />
              <MetadataToken>100663329</MetadataToken>
              <Name>UnityEngine.Vector3 Agent::GetPosition()</Name>
              <FileRef uid="1" />
              <SequencePoints>
                <SequencePoint vc="69" uspid="15605" ordinal="0" offset="0" sl="184" sc="32" el="184" ec="32" bec="0" bev="0" fileid="1" />
                <SequencePoint vc="69" uspid="15606" ordinal="0" offset="1" sl="185" sc="5" el="185" ec="5" bec="0" bev="0" fileid="1" />
                <SequencePoint vc="69" uspid="15607" ordinal="0" offset="15" sl="186" sc="3" el="186" ec="3" bec="0" bev="0" fileid="1" />
              </SequencePoints>
              <BranchPoints />
            </Method>
            <Method visited="true" cyclomaticComplexity="1" nPathComplexity="0" sequenceCoverage="100.0" branchCoverage="0" crapScore="1" isConstructor="false" isStatic="false" isGetter="false" isSetter="false">
              <Summary numSequencePoints="3" visitedSequencePoints="3" numBranchPoints="0" visitedBranchPoints="0" sequenceCoverage="100.0" branchCoverage="0" maxCyclomaticComplexity="1" minCyclomaticComplexity="1" maxCrapScore="1" minCrapScore="1" visitedClasses="0" numClasses="0" visitedMethods="1" numMethods="1" />
              <MetadataToken>100663330</MetadataToken>
              <Name>System.Void Agent::SetPosition(UnityEngine.Vector3)</Name>
              <FileRef uid="1" />
              <SequencePoints>
                <SequencePoint vc="6" uspid="15608" ordinal="0" offset="0" sl="188" sc="45" el="188" ec="45" bec="0" bev="0" fileid="1" />
                <SequencePoint vc="6" uspid="15609" ordinal="0" offset="1" sl="189" sc="5" el="189" ec="5" bec="0" bev="0" fileid="1" />
                <SequencePoint vc="6" uspid="15610" ordinal="0" offset="14" sl="190" sc="3" el="190" ec="3" bec="0" bev="0" fileid="1" />
              </SequencePoints>
              <BranchPoints />
            </Method>
            <Method visited="true" cyclomaticComplexity="1" nPathComplexity="0" sequenceCoverage="100.0" branchCoverage="0" crapScore="1" isConstructor="false" isStatic="false" isGetter="false" isSetter="false">
              <Summary numSequencePoints="3" visitedSequencePoints="3" numBranchPoints="0" visitedBranchPoints="0" sequenceCoverage="100.0" branchCoverage="0" maxCyclomaticComplexity="1" minCyclomaticComplexity="1" maxCrapScore="1" minCrapScore="1" visitedClasses="0" numClasses="0" visitedMethods="1" numMethods="1" />
              <MetadataToken>100663331</MetadataToken>
              <Name>System.Double Agent::GetSpeed()</Name>
              <FileRef uid="1" />
              <SequencePoints>
                <SequencePoint vc="30" uspid="15611" ordinal="0" offset="0" sl="192" sc="28" el="192" ec="28" bec="0" bev="0" fileid="1" />
                <SequencePoint vc="30" uspid="15612" ordinal="0" offset="1" sl="193" sc="5" el="193" ec="5" bec="0" bev="0" fileid="1" />
                <SequencePoint vc="30" uspid="15613" ordinal="0" offset="24" sl="194" sc="3" el="194" ec="3" bec="0" bev="0" fileid="1" />
              </SequencePoints>
              <BranchPoints />
            </Method>
            <Method visited="true" cyclomaticComplexity="1" nPathComplexity="0" sequenceCoverage="100.0" branchCoverage="0" crapScore="1" isConstructor="false" isStatic="false" isGetter="false" isSetter="false">
              <Summary numSequencePoints="3" visitedSequencePoints="3" numBranchPoints="0" visitedBranchPoints="0" sequenceCoverage="100.0" branchCoverage="0" maxCyclomaticComplexity="1" minCyclomaticComplexity="1" maxCrapScore="1" minCrapScore="1" visitedClasses="0" numClasses="0" visitedMethods="1" numMethods="1" />
              <MetadataToken>100663332</MetadataToken>
              <Name>UnityEngine.Vector3 Agent::GetVelocity()</Name>
              <FileRef uid="1" />
              <SequencePoints>
                <SequencePoint vc="69" uspid="15614" ordinal="0" offset="0" sl="196" sc="32" el="196" ec="32" bec="0" bev="0" fileid="1" />
                <SequencePoint vc="69" uspid="15615" ordinal="0" offset="1" sl="197" sc="5" el="197" ec="5" bec="0" bev="0" fileid="1" />
                <SequencePoint vc="69" uspid="15616" ordinal="0" offset="15" sl="198" sc="3" el="198" ec="3" bec="0" bev="0" fileid="1" />
              </SequencePoints>
              <BranchPoints />
            </Method>
            <Method visited="true" cyclomaticComplexity="1" nPathComplexity="0" sequenceCoverage="100.0" branchCoverage="0" crapScore="1" isConstructor="false" isStatic="false" isGetter="false" isSetter="false">
              <Summary numSequencePoints="3" visitedSequencePoints="3" numBranchPoints="0" visitedBranchPoints="0" sequenceCoverage="100.0" branchCoverage="0" maxCyclomaticComplexity="1" minCyclomaticComplexity="1" maxCrapScore="1" minCrapScore="1" visitedClasses="0" numClasses="0" visitedMethods="1" numMethods="1" />
              <MetadataToken>100663333</MetadataToken>
              <Name>System.Void Agent::SetVelocity(UnityEngine.Vector3)</Name>
              <FileRef uid="1" />
              <SequencePoints>
                <SequencePoint vc="2" uspid="15617" ordinal="0" offset="0" sl="200" sc="45" el="200" ec="45" bec="0" bev="0" fileid="1" />
                <SequencePoint vc="2" uspid="15618" ordinal="0" offset="1" sl="201" sc="5" el="201" ec="5" bec="0" bev="0" fileid="1" />
                <SequencePoint vc="2" uspid="15619" ordinal="0" offset="14" sl="202" sc="3" el="202" ec="3" bec="0" bev="0" fileid="1" />
              </SequencePoints>
              <BranchPoints />
            </Method>
            <Method visited="true" cyclomaticComplexity="1" nPathComplexity="0" sequenceCoverage="100.0" branchCoverage="0" crapScore="1" isConstructor="false" isStatic="false" isGetter="false" isSetter="false">
              <Summary numSequencePoints="3" visitedSequencePoints="3" numBranchPoints="0" visitedBranchPoints="0" sequenceCoverage="100.0" branchCoverage="0" maxCyclomaticComplexity="1" minCyclomaticComplexity="1" maxCrapScore="1" minCrapScore="1" visitedClasses="0" numClasses="0" visitedMethods="1" numMethods="1" />
              <MetadataToken>100663334</MetadataToken>
              <Name>UnityEngine.Vector3 Agent::GetAcceleration()</Name>
              <FileRef uid="1" />
              <SequencePoints>
                <SequencePoint vc="12" uspid="15620" ordinal="0" offset="0" sl="204" sc="36" el="204" ec="36" bec="0" bev="0" fileid="1" />
                <SequencePoint vc="12" uspid="15621" ordinal="0" offset="1" sl="205" sc="5" el="205" ec="5" bec="0" bev="0" fileid="1" />
                <SequencePoint vc="12" uspid="15622" ordinal="0" offset="10" sl="206" sc="3" el="206" ec="3" bec="0" bev="0" fileid="1" />
              </SequencePoints>
              <BranchPoints />
            </Method>
            <Method visited="true" cyclomaticComplexity="1" nPathComplexity="0" sequenceCoverage="100.0" branchCoverage="0" crapScore="1" isConstructor="false" isStatic="false" isGetter="false" isSetter="false">
              <Summary numSequencePoints="7" visitedSequencePoints="7" numBranchPoints="0" visitedBranchPoints="0" sequenceCoverage="100.0" branchCoverage="0" maxCyclomaticComplexity="1" minCyclomaticComplexity="1" maxCrapScore="1" minCrapScore="1" visitedClasses="0" numClasses="0" visitedMethods="1" numMethods="1" />
              <MetadataToken>100663336</MetadataToken>
              <Name>Transformation Agent::GetRelativeTransformation(Agent)</Name>
              <FileRef uid="1" />
              <SequencePoints>
                <SequencePoint vc="3" uspid="15626" ordinal="0" offset="0" sl="212" sc="65" el="212" ec="65" bec="0" bev="0" fileid="1" />
                <SequencePoint vc="3" uspid="15627" ordinal="0" offset="1" sl="213" sc="5" el="213" ec="5" bec="0" bev="0" fileid="1" />
                <SequencePoint vc="3" uspid="15628" ordinal="0" offset="9" sl="216" sc="5" el="216" ec="5" bec="0" bev="0" fileid="1" />
                <SequencePoint vc="3" uspid="15629" ordinal="0" offset="39" sl="220" sc="5" el="220" ec="5" bec="0" bev="0" fileid="1" />
                <SequencePoint vc="3" uspid="15630" ordinal="0" offset="86" sl="224" sc="5" el="224" ec="5" bec="0" bev="0" fileid="1" />
                <SequencePoint vc="3" uspid="15631" ordinal="0" offset="100" sl="225" sc="5" el="225" ec="5" bec="0" bev="0" fileid="1" />
                <SequencePoint vc="3" uspid="15632" ordinal="0" offset="104" sl="226" sc="3" el="226" ec="3" bec="0" bev="0" fileid="1" />
              </SequencePoints>
              <BranchPoints />
            </Method>
            <Method visited="true" cyclomaticComplexity="1" nPathComplexity="0" sequenceCoverage="100.0" branchCoverage="0" crapScore="1" isConstructor="false" isStatic="false" isGetter="false" isSetter="false">
              <Summary numSequencePoints="6" visitedSequencePoints="6" numBranchPoints="0" visitedBranchPoints="0" sequenceCoverage="100.0" branchCoverage="0" maxCyclomaticComplexity="1" minCyclomaticComplexity="1" maxCrapScore="1" minCrapScore="1" visitedClasses="0" numClasses="0" visitedMethods="1" numMethods="1" />
              <MetadataToken>100663337</MetadataToken>
              <Name>Transformation Agent::GetRelativeTransformationToWaypoint(UnityEngine.Vector3)</Name>
              <FileRef uid="1" />
              <SequencePoints>
                <SequencePoint vc="5" uspid="15633" ordinal="0" offset="0" sl="228" sc="79" el="228" ec="79" bec="0" bev="0" fileid="1" />
                <SequencePoint vc="5" uspid="15634" ordinal="0" offset="1" sl="229" sc="5" el="229" ec="5" bec="0" bev="0" fileid="1" />
                <SequencePoint vc="5" uspid="15635" ordinal="0" offset="9" sl="232" sc="5" el="232" ec="5" bec="0" bev="0" fileid="1" />
                <SequencePoint vc="5" uspid="15636" ordinal="0" offset="34" sl="235" sc="5" el="235" ec="5" bec="0" bev="0" fileid="1" />
                <SequencePoint vc="5" uspid="15637" ordinal="0" offset="70" sl="238" sc="5" el="238" ec="5" bec="0" bev="0" fileid="1" />
                <SequencePoint vc="5" uspid="15638" ordinal="0" offset="74" sl="239" sc="3" el="239" ec="3" bec="0" bev="0" fileid="1" />
              </SequencePoints>
              <BranchPoints />
            </Method>
            <Method visited="true" cyclomaticComplexity="2" nPathComplexity="0" sequenceCoverage="100.0" branchCoverage="0" crapScore="2" isConstructor="false" isStatic="false" isGetter="false" isSetter="false">
              <Summary numSequencePoints="16" visitedSequencePoints="16" numBranchPoints="0" visitedBranchPoints="0" sequenceCoverage="100.0" branchCoverage="0" maxCyclomaticComplexity="2" minCyclomaticComplexity="2" maxCrapScore="2" minCrapScore="2" visitedClasses="0" numClasses="0" visitedMethods="1" numMethods="1" />
              <MetadataToken>100663338</MetadataToken>
              <Name>PositionTransformation Agent::GetRelativePositionTransformation(UnityEngine.Vector3)</Name>
              <FileRef uid="1" />
              <SequencePoints>
                <SequencePoint vc="8" uspid="15639" ordinal="0" offset="0" sl="241" sc="94" el="241" ec="94" bec="0" bev="0" fileid="1" />
                <SequencePoint vc="8" uspid="15640" ordinal="0" offset="1" sl="242" sc="5" el="242" ec="5" bec="0" bev="0" fileid="1" />
                <SequencePoint vc="8" uspid="15641" ordinal="0" offset="9" sl="245" sc="5" el="245" ec="5" bec="0" bev="0" fileid="1" />
                <SequencePoint vc="8" uspid="15642" ordinal="0" offset="17" sl="248" sc="5" el="248" ec="5" bec="0" bev="0" fileid="1" />
                <SequencePoint vc="8" uspid="15643" ordinal="0" offset="31" sl="250" sc="5" el="250" ec="5" bec="0" bev="0" fileid="1" />
                <SequencePoint vc="8" uspid="15644" ordinal="0" offset="49" sl="251" sc="5" el="251" ec="5" bec="0" bev="0" fileid="1" />
                <SequencePoint vc="8" uspid="15645" ordinal="0" offset="57" sl="254" sc="5" el="254" ec="5" bec="0" bev="0" fileid="1" />
                <SequencePoint vc="8" uspid="15646" ordinal="0" offset="84" sl="258" sc="5" el="258" ec="5" bec="0" bev="0" fileid="1" />
                <SequencePoint vc="1" uspid="15647" ordinal="0" offset="102" sl="258" sc="46" el="258" ec="46" bec="0" bev="0" fileid="1" />
                <SequencePoint vc="1" uspid="15648" ordinal="0" offset="103" sl="259" sc="7" el="259" ec="7" bec="0" bev="0" fileid="1" />
                <SequencePoint vc="1" uspid="15649" ordinal="0" offset="115" sl="260" sc="5" el="260" ec="5" bec="0" bev="0" fileid="1" />
                <SequencePoint vc="7" uspid="15650" ordinal="0" offset="118" sl="260" sc="12" el="260" ec="12" bec="0" bev="0" fileid="1" />
                <SequencePoint vc="7" uspid="15651" ordinal="0" offset="119" sl="261" sc="7" el="261" ec="7" bec="0" bev="0" fileid="1" />
                <SequencePoint vc="7" uspid="15652" ordinal="0" offset="166" sl="264" sc="5" el="264" ec="5" bec="0" bev="0" fileid="1" />
                <SequencePoint vc="8" uspid="15653" ordinal="0" offset="167" sl="266" sc="5" el="266" ec="5" bec="0" bev="0" fileid="1" />
                <SequencePoint vc="8" uspid="15654" ordinal="0" offset="172" sl="267" sc="3" el="267" ec="3" bec="0" bev="0" fileid="1" />
              </SequencePoints>
              <BranchPoints />
            </Method>
            <Method visited="true" cyclomaticComplexity="5" nPathComplexity="0" sequenceCoverage="100.0" branchCoverage="0" crapScore="5" isConstructor="false" isStatic="false" isGetter="false" isSetter="false">
              <Summary numSequencePoints="29" visitedSequencePoints="29" numBranchPoints="0" visitedBranchPoints="0" sequenceCoverage="100.0" branchCoverage="0" maxCyclomaticComplexity="5" minCyclomaticComplexity="5" maxCrapScore="5" minCrapScore="5" visitedClasses="0" numClasses="0" visitedMethods="1" numMethods="1" />
              <MetadataToken>100663339</MetadataToken>
              <Name>VelocityTransformation Agent::GetRelativeVelocityTransformation(UnityEngine.Vector3, UnityEngine.Vector3)</Name>
              <FileRef uid="1" />
              <SequencePoints>
                <SequencePoint vc="8" uspid="15655" ordinal="0" offset="0" sl="270" sc="94" el="270" ec="94" bec="0" bev="0" fileid="1" />
                <SequencePoint vc="8" uspid="15656" ordinal="0" offset="1" sl="271" sc="5" el="271" ec="5" bec="0" bev="0" fileid="1" />
                <SequencePoint vc="8" uspid="15657" ordinal="0" offset="9" sl="274" sc="5" el="274" ec="5" bec="0" bev="0" fileid="1" />
                <SequencePoint vc="8" uspid="15658" ordinal="0" offset="17" sl="277" sc="5" el="277" ec="5" bec="0" bev="0" fileid="1" />
                <SequencePoint vc="8" uspid="15659" ordinal="0" offset="37" sl="280" sc="5" el="280" ec="5" bec="0" bev="0" fileid="1" />
                <SequencePoint vc="8" uspid="15660" ordinal="0" offset="45" sl="284" sc="5" el="284" ec="5" bec="0" bev="0" fileid="1" />
                <SequencePoint vc="8" uspid="15661" ordinal="0" offset="63" sl="287" sc="5" el="287" ec="5" bec="0" bev="0" fileid="1" />
                <SequencePoint vc="8" uspid="15662" ordinal="0" offset="81" sl="290" sc="5" el="290" ec="5" bec="0" bev="0" fileid="1" />
                <SequencePoint vc="1" uspid="15663" ordinal="0" offset="101" sl="290" sc="39" el="290" ec="39" bec="0" bev="0" fileid="1" />
                <SequencePoint vc="1" uspid="15664" ordinal="0" offset="102" sl="291" sc="7" el="291" ec="7" bec="0" bev="0" fileid="1" />
                <SequencePoint vc="1" uspid="15665" ordinal="0" offset="110" sl="292" sc="5" el="292" ec="5" bec="0" bev="0" fileid="1" />
                <SequencePoint vc="7" uspid="15666" ordinal="0" offset="113" sl="292" sc="12" el="292" ec="12" bec="0" bev="0" fileid="1" />
                <SequencePoint vc="2" uspid="15667" ordinal="0" offset="133" sl="292" sc="48" el="292" ec="48" bec="0" bev="0" fileid="1" />
                <SequencePoint vc="2" uspid="15668" ordinal="0" offset="134" sl="293" sc="7" el="293" ec="7" bec="0" bev="0" fileid="1" />
                <SequencePoint vc="2" uspid="15669" ordinal="0" offset="142" sl="294" sc="5" el="294" ec="5" bec="0" bev="0" fileid="1" />
                <SequencePoint vc="8" uspid="15670" ordinal="0" offset="143" sl="298" sc="5" el="298" ec="5" bec="0" bev="0" fileid="1" />
                <SequencePoint vc="8" uspid="15671" ordinal="0" offset="152" sl="301" sc="5" el="301" ec="5" bec="0" bev="0" fileid="1" />
                <SequencePoint vc="8" uspid="15672" ordinal="0" offset="174" sl="303" sc="5" el="303" ec="5" bec="0" bev="0" fileid="1" />
                <SequencePoint vc="1" uspid="15673" ordinal="0" offset="195" sl="303" sc="70" el="303" ec="70" bec="0" bev="0" fileid="1" />
                <SequencePoint vc="1" uspid="15674" ordinal="0" offset="196" sl="304" sc="7" el="304" ec="7" bec="0" bev="0" fileid="1" />
                <SequencePoint vc="1" uspid="15675" ordinal="0" offset="212" sl="305" sc="5" el="305" ec="5" bec="0" bev="0" fileid="1" />
                <SequencePoint vc="8" uspid="15676" ordinal="0" offset="213" sl="309" sc="5" el="309" ec="5" bec="0" bev="0" fileid="1" />
                <SequencePoint vc="8" uspid="15677" ordinal="0" offset="222" sl="312" sc="5" el="312" ec="5" bec="0" bev="0" fileid="1" />
                <SequencePoint vc="8" uspid="15678" ordinal="0" offset="244" sl="314" sc="5" el="314" ec="5" bec="0" bev="0" fileid="1" />
                <SequencePoint vc="1" uspid="15679" ordinal="0" offset="265" sl="314" sc="74" el="314" ec="74" bec="0" bev="0" fileid="1" />
                <SequencePoint vc="1" uspid="15680" ordinal="0" offset="266" sl="315" sc="7" el="315" ec="7" bec="0" bev="0" fileid="1" />
                <SequencePoint vc="1" uspid="15681" ordinal="0" offset="282" sl="316" sc="5" el="316" ec="5" bec="0" bev="0" fileid="1" />
                <SequencePoint vc="8" uspid="15682" ordinal="0" offset="283" sl="318" sc="5" el="318" ec="5" bec="0" bev="0" fileid="1" />
                <SequencePoint vc="8" uspid="15683" ordinal="0" offset="288" sl="319" sc="3" el="319" ec="3" bec="0" bev="0" fileid="1" />
              </SequencePoints>
              <BranchPoints />
            </Method>
            <Method visited="true" cyclomaticComplexity="1" nPathComplexity="0" sequenceCoverage="100.0" branchCoverage="0" crapScore="1" isConstructor="false" isStatic="false" isGetter="false" isSetter="false">
              <Summary numSequencePoints="5" visitedSequencePoints="5" numBranchPoints="0" visitedBranchPoints="0" sequenceCoverage="100.0" branchCoverage="0" maxCyclomaticComplexity="1" minCyclomaticComplexity="1" maxCrapScore="1" minCrapScore="1" visitedClasses="0" numClasses="0" visitedMethods="1" numMethods="1" />
              <MetadataToken>100663340</MetadataToken>
              <Name>AccelerationTransformation Agent::GetRelativeAccelerationTransformation(Agent)</Name>
              <FileRef uid="1" />
              <SequencePoints>
                <SequencePoint vc="3" uspid="15684" ordinal="0" offset="0" sl="321" sc="89" el="321" ec="89" bec="0" bev="0" fileid="1" />
                <SequencePoint vc="3" uspid="15685" ordinal="0" offset="1" sl="324" sc="5" el="324" ec="5" bec="0" bev="0" fileid="1" />
                <SequencePoint vc="3" uspid="15686" ordinal="0" offset="9" sl="325" sc="5" el="325" ec="5" bec="0" bev="0" fileid="1" />
                <SequencePoint vc="3" uspid="15687" ordinal="0" offset="22" sl="326" sc="5" el="326" ec="5" bec="0" bev="0" fileid="1" />
                <SequencePoint vc="3" uspid="15688" ordinal="0" offset="26" sl="327" sc="3" el="327" ec="3" bec="0" bev="0" fileid="1" />
              </SequencePoints>
              <BranchPoints />
            </Method>
            <Method visited="true" cyclomaticComplexity="1" nPathComplexity="0" sequenceCoverage="100.0" branchCoverage="0" crapScore="1" isConstructor="false" isStatic="false" isGetter="false" isSetter="false">
              <Summary numSequencePoints="2" visitedSequencePoints="2" numBranchPoints="0" visitedBranchPoints="0" sequenceCoverage="100.0" branchCoverage="0" maxCyclomaticComplexity="1" minCyclomaticComplexity="1" maxCrapScore="1" minCrapScore="1" visitedClasses="0" numClasses="0" visitedMethods="1" numMethods="1" />
              <MetadataToken>100663346</MetadataToken>
              <Name>System.Void Agent::Start()</Name>
              <FileRef uid="1" />
              <SequencePoints>
                <SequencePoint vc="20" uspid="15696" ordinal="0" offset="0" sl="341" sc="34" el="341" ec="34" bec="0" bev="0" fileid="1" />
                <SequencePoint vc="20" uspid="15697" ordinal="0" offset="1" sl="341" sc="35" el="341" ec="35" bec="0" bev="0" fileid="1" />
              </SequencePoints>
              <BranchPoints />
            </Method>
            <Method visited="true" cyclomaticComplexity="3" nPathComplexity="0" sequenceCoverage="100.0" branchCoverage="0" crapScore="3" isConstructor="false" isStatic="false" isGetter="false" isSetter="false">
              <Summary numSequencePoints="3" visitedSequencePoints="3" numBranchPoints="0" visitedBranchPoints="0" sequenceCoverage="100.0" branchCoverage="0" maxCyclomaticComplexity="3" minCyclomaticComplexity="3" maxCrapScore="3" minCrapScore="3" visitedClasses="0" numClasses="0" visitedMethods="1" numMethods="1" />
              <MetadataToken>100663350</MetadataToken>
              <Name>System.Single Agent::CalculateMaxForwardAcceleration()</Name>
              <FileRef uid="1" />
              <SequencePoints>
                <SequencePoint vc="5" uspid="15748" ordinal="0" offset="0" sl="412" sc="50" el="412" ec="50" bec="0" bev="0" fileid="1" />
                <SequencePoint vc="5" uspid="15749" ordinal="0" offset="1" sl="413" sc="5" el="413" ec="5" bec="0" bev="0" fileid="1" />
                <SequencePoint vc="5" uspid="15750" ordinal="0" offset="31" sl="414" sc="3" el="414" ec="3" bec="0" bev="0" fileid="1" />
              </SequencePoints>
              <BranchPoints />
            </Method>
            <Method visited="true" cyclomaticComplexity="5" nPathComplexity="0" sequenceCoverage="100.0" branchCoverage="0" crapScore="5" isConstructor="false" isStatic="false" isGetter="false" isSetter="false">
              <Summary numSequencePoints="5" visitedSequencePoints="5" numBranchPoints="0" visitedBranchPoints="0" sequenceCoverage="100.0" branchCoverage="0" maxCyclomaticComplexity="5" minCyclomaticComplexity="5" maxCrapScore="5" minCrapScore="5" visitedClasses="0" numClasses="0" visitedMethods="1" numMethods="1" />
              <MetadataToken>100663351</MetadataToken>
              <Name>System.Single Agent::CalculateMaxNormalAcceleration()</Name>
              <FileRef uid="1" />
              <SequencePoints>
                <SequencePoint vc="15" uspid="15751" ordinal="0" offset="0" sl="416" sc="49" el="416" ec="49" bec="0" bev="0" fileid="1" />
                <SequencePoint vc="15" uspid="15752" ordinal="0" offset="1" sl="417" sc="5" el="417" ec="5" bec="0" bev="0" fileid="1" />
                <SequencePoint vc="15" uspid="15753" ordinal="0" offset="41" sl="420" sc="5" el="420" ec="5" bec="0" bev="0" fileid="1" />
                <SequencePoint vc="15" uspid="15754" ordinal="0" offset="69" sl="421" sc="5" el="421" ec="5" bec="0" bev="0" fileid="1" />
                <SequencePoint vc="15" uspid="15755" ordinal="0" offset="93" sl="422" sc="3" el="422" ec="3" bec="0" bev="0" fileid="1" />
              </SequencePoints>
              <BranchPoints />
            </Method>
            <Method visited="true" cyclomaticComplexity="1" nPathComplexity="0" sequenceCoverage="100.0" branchCoverage="0" crapScore="1" isConstructor="true" isStatic="false" isGetter="false" isSetter="false">
              <Summary numSequencePoints="4" visitedSequencePoints="4" numBranchPoints="0" visitedBranchPoints="0" sequenceCoverage="100.0" branchCoverage="0" maxCyclomaticComplexity="1" minCyclomaticComplexity="1" maxCrapScore="1" minCrapScore="1" visitedClasses="0" numClasses="0" visitedMethods="1" numMethods="1" />
              <MetadataToken>100663354</MetadataToken>
              <Name>Agent::Agent()</Name>
              <FileRef uid="1" />
              <SequencePoints>
                <SequencePoint vc="68" uspid="15769" ordinal="0" offset="0" sl="12" sc="3" el="12" ec="3" bec="0" bev="0" fileid="1" />
                <SequencePoint vc="68" uspid="15770" ordinal="0" offset="7" sl="27" sc="3" el="27" ec="3" bec="0" bev="0" fileid="1" />
                <SequencePoint vc="68" uspid="15771" ordinal="0" offset="18" sl="34" sc="3" el="34" ec="3" bec="0" bev="0" fileid="1" />
                <SequencePoint vc="68" uspid="15772" ordinal="0" offset="33" sl="36" sc="3" el="36" ec="3" bec="0" bev="0" fileid="1" />
              </SequencePoints>
              <BranchPoints />
            </Method>
          </Methods>
        </Class>
        <Class>
          <Summary numSequencePoints="3" visitedSequencePoints="3" numBranchPoints="0" visitedBranchPoints="0" sequenceCoverage="100.0" branchCoverage="0.0" maxCyclomaticComplexity="1" minCyclomaticComplexity="1" maxCrapScore="1" minCrapScore="1" visitedClasses="1" numClasses="1" visitedMethods="1" numMethods="1" />
          <FullName>DummyAgent</FullName>
          <Methods>
            <Method visited="true" cyclomaticComplexity="1" nPathComplexity="0" sequenceCoverage="100.0" branchCoverage="0" crapScore="1" isConstructor="false" isStatic="false" isGetter="false" isSetter="false">
              <Summary numSequencePoints="3" visitedSequencePoints="3" numBranchPoints="0" visitedBranchPoints="0" sequenceCoverage="100.0" branchCoverage="0" maxCyclomaticComplexity="1" minCyclomaticComplexity="1" maxCrapScore="1" minCrapScore="1" visitedClasses="0" numClasses="0" visitedMethods="1" numMethods="1" />
              <MetadataToken>100663355</MetadataToken>
              <Name>System.Void DummyAgent::Start()</Name>
              <FileRef uid="1" />
              <SequencePoints>
                <SequencePoint vc="4" uspid="15773" ordinal="0" offset="0" sl="441" sc="35" el="441" ec="35" bec="0" bev="0" fileid="1" />
                <SequencePoint vc="4" uspid="15774" ordinal="0" offset="1" sl="442" sc="5" el="442" ec="5" bec="0" bev="0" fileid="1" />
                <SequencePoint vc="4" uspid="15775" ordinal="0" offset="8" sl="443" sc="3" el="443" ec="3" bec="0" bev="0" fileid="1" />
              </SequencePoints>
              <BranchPoints />
            </Method>
          </Methods>
        </Class>
        <Class>
          <Summary numSequencePoints="106" visitedSequencePoints="106" numBranchPoints="0" visitedBranchPoints="0" sequenceCoverage="100.0" branchCoverage="0.0" maxCyclomaticComplexity="18" minCyclomaticComplexity="1" maxCrapScore="18" minCrapScore="1" visitedClasses="1" numClasses="1" visitedMethods="2" numMethods="2" />
          <FullName>AgglomerativeClusterer</FullName>
          <Methods>
            <Method visited="true" cyclomaticComplexity="18" nPathComplexity="0" sequenceCoverage="100.0" branchCoverage="0" crapScore="18" isConstructor="false" isStatic="false" isGetter="false" isSetter="false">
              <Summary numSequencePoints="103" visitedSequencePoints="103" numBranchPoints="0" visitedBranchPoints="0" sequenceCoverage="100.0" branchCoverage="0" maxCyclomaticComplexity="18" minCyclomaticComplexity="18" maxCrapScore="18" minCrapScore="18" visitedClasses="0" numClasses="0" visitedMethods="1" numMethods="1" />
              <MetadataToken>100663363</MetadataToken>
              <Name>System.Void AgglomerativeClusterer::Cluster()</Name>
              <FileRef uid="2" />
              <SequencePoints>
                <SequencePoint vc="4" uspid="15785" ordinal="0" offset="0" sl="14" sc="34" el="14" ec="34" bec="0" bev="0" fileid="2" />
                <SequencePoint vc="4" uspid="15786" ordinal="0" offset="1" sl="16" sc="5" el="16" ec="5" bec="0" bev="0" fileid="2" />
                <SequencePoint vc="4" uspid="15787" ordinal="0" offset="2" sl="16" sc="25" el="16" ec="25" bec="0" bev="0" fileid="2" />
                <SequencePoint vc="16" uspid="15788" ordinal="0" offset="16" sl="16" sc="14" el="16" ec="14" bec="0" bev="0" fileid="2" />
                <SequencePoint vc="16" uspid="15789" ordinal="0" offset="24" sl="16" sc="35" el="16" ec="35" bec="0" bev="0" fileid="2" />
                <SequencePoint vc="16" uspid="15790" ordinal="0" offset="25" sl="17" sc="7" el="17" ec="7" bec="0" bev="0" fileid="2" />
                <SequencePoint vc="16" uspid="15791" ordinal="0" offset="34" sl="18" sc="7" el="18" ec="7" bec="0" bev="0" fileid="2" />
                <SequencePoint vc="16" uspid="15792" ordinal="0" offset="44" sl="19" sc="7" el="19" ec="7" bec="0" bev="0" fileid="2" />
                <SequencePoint vc="16" uspid="15793" ordinal="0" offset="58" sl="20" sc="5" el="20" ec="5" bec="0" bev="0" fileid="2" />
                <SequencePoint vc="20" uspid="15794" ordinal="0" offset="59" sl="16" sc="22" el="16" ec="22" bec="0" bev="0" fileid="2" />
                <SequencePoint vc="4" uspid="15795" ordinal="0" offset="85" sl="23" sc="5" el="23" ec="5" bec="0" bev="0" fileid="2" />
                <SequencePoint vc="4" uspid="15796" ordinal="0" offset="91" sl="24" sc="10" el="24" ec="10" bec="0" bev="0" fileid="2" />
                <SequencePoint vc="16" uspid="15797" ordinal="0" offset="96" sl="24" sc="47" el="24" ec="47" bec="0" bev="0" fileid="2" />
                <SequencePoint vc="16" uspid="15798" ordinal="0" offset="97" sl="25" sc="7" el="25" ec="7" bec="0" bev="0" fileid="2" />
                <SequencePoint vc="16" uspid="15799" ordinal="0" offset="106" sl="26" sc="5" el="26" ec="5" bec="0" bev="0" fileid="2" />
                <SequencePoint vc="16" uspid="15800" ordinal="0" offset="107" sl="24" sc="42" el="24" ec="42" bec="0" bev="0" fileid="2" />
                <SequencePoint vc="20" uspid="15801" ordinal="0" offset="113" sl="24" sc="21" el="24" ec="21" bec="0" bev="0" fileid="2" />
                <SequencePoint vc="4" uspid="15802" ordinal="0" offset="134" sl="30" sc="5" el="30" ec="5" bec="0" bev="0" fileid="2" />
                <SequencePoint vc="4" uspid="15803" ordinal="0" offset="162" sl="31" sc="10" el="31" ec="10" bec="0" bev="0" fileid="2" />
                <SequencePoint vc="16" uspid="15804" ordinal="0" offset="167" sl="31" sc="47" el="31" ec="47" bec="0" bev="0" fileid="2" />
                <SequencePoint vc="16" uspid="15805" ordinal="0" offset="168" sl="32" sc="12" el="32" ec="12" bec="0" bev="0" fileid="2" />
                <SequencePoint vc="24" uspid="15806" ordinal="0" offset="173" sl="32" sc="35" el="32" ec="35" bec="0" bev="0" fileid="2" />
                <SequencePoint vc="24" uspid="15807" ordinal="0" offset="174" sl="33" sc="9" el="33" ec="9" bec="0" bev="0" fileid="2" />
                <SequencePoint vc="24" uspid="15808" ordinal="0" offset="225" sl="34" sc="7" el="34" ec="7" bec="0" bev="0" fileid="2" />
                <SequencePoint vc="24" uspid="15809" ordinal="0" offset="226" sl="32" sc="30" el="32" ec="30" bec="0" bev="0" fileid="2" />
                <SequencePoint vc="40" uspid="15810" ordinal="0" offset="232" sl="32" sc="23" el="32" ec="23" bec="0" bev="0" fileid="2" />
                <SequencePoint vc="16" uspid="15811" ordinal="0" offset="244" sl="35" sc="5" el="35" ec="5" bec="0" bev="0" fileid="2" />
                <SequencePoint vc="16" uspid="15812" ordinal="0" offset="245" sl="31" sc="42" el="31" ec="42" bec="0" bev="0" fileid="2" />
                <SequencePoint vc="20" uspid="15813" ordinal="0" offset="251" sl="31" sc="21" el="31" ec="21" bec="0" bev="0" fileid="2" />
                <SequencePoint vc="14" uspid="15814" ordinal="0" offset="277" sl="37" sc="18" el="37" ec="18" bec="0" bev="0" fileid="2" />
                <SequencePoint vc="14" uspid="15815" ordinal="0" offset="278" sl="39" sc="7" el="39" ec="7" bec="0" bev="0" fileid="2" />
                <SequencePoint vc="14" uspid="15816" ordinal="0" offset="285" sl="40" sc="7" el="40" ec="7" bec="0" bev="0" fileid="2" />
                <SequencePoint vc="14" uspid="15817" ordinal="0" offset="288" sl="41" sc="7" el="41" ec="7" bec="0" bev="0" fileid="2" />
                <SequencePoint vc="14" uspid="15818" ordinal="0" offset="291" sl="42" sc="12" el="42" ec="12" bec="0" bev="0" fileid="2" />
                <SequencePoint vc="56" uspid="15819" ordinal="0" offset="296" sl="42" sc="49" el="42" ec="49" bec="0" bev="0" fileid="2" />
                <SequencePoint vc="56" uspid="15820" ordinal="0" offset="297" sl="43" sc="14" el="43" ec="14" bec="0" bev="0" fileid="2" />
                <SequencePoint vc="84" uspid="15821" ordinal="0" offset="302" sl="43" sc="37" el="43" ec="37" bec="0" bev="0" fileid="2" />
                <SequencePoint vc="84" uspid="15822" ordinal="0" offset="303" sl="44" sc="11" el="44" ec="11" bec="0" bev="0" fileid="2" />
                <SequencePoint vc="18" uspid="15823" ordinal="0" offset="323" sl="44" sc="46" el="44" ec="46" bec="0" bev="0" fileid="2" />
                <SequencePoint vc="18" uspid="15824" ordinal="0" offset="324" sl="45" sc="13" el="45" ec="13" bec="0" bev="0" fileid="2" />
                <SequencePoint vc="18" uspid="15825" ordinal="0" offset="336" sl="46" sc="13" el="46" ec="13" bec="0" bev="0" fileid="2" />
                <SequencePoint vc="18" uspid="15826" ordinal="0" offset="340" sl="47" sc="13" el="47" ec="13" bec="0" bev="0" fileid="2" />
                <SequencePoint vc="18" uspid="15827" ordinal="0" offset="344" sl="48" sc="11" el="48" ec="11" bec="0" bev="0" fileid="2" />
                <SequencePoint vc="84" uspid="15828" ordinal="0" offset="345" sl="49" sc="9" el="49" ec="9" bec="0" bev="0" fileid="2" />
                <SequencePoint vc="84" uspid="15829" ordinal="0" offset="346" sl="43" sc="32" el="43" ec="32" bec="0" bev="0" fileid="2" />
                <SequencePoint vc="140" uspid="15830" ordinal="0" offset="352" sl="43" sc="25" el="43" ec="25" bec="0" bev="0" fileid="2" />
                <SequencePoint vc="56" uspid="15831" ordinal="0" offset="364" sl="50" sc="7" el="50" ec="7" bec="0" bev="0" fileid="2" />
                <SequencePoint vc="56" uspid="15832" ordinal="0" offset="365" sl="42" sc="44" el="42" ec="44" bec="0" bev="0" fileid="2" />
                <SequencePoint vc="70" uspid="15833" ordinal="0" offset="371" sl="42" sc="23" el="42" ec="23" bec="0" bev="0" fileid="2" />
                <SequencePoint vc="14" uspid="15834" ordinal="0" offset="392" sl="55" sc="7" el="55" ec="7" bec="0" bev="0" fileid="2" />
                <SequencePoint vc="4" uspid="15835" ordinal="0" offset="411" sl="55" sc="38" el="55" ec="38" bec="0" bev="0" fileid="2" />
                <SequencePoint vc="4" uspid="15836" ordinal="0" offset="412" sl="56" sc="9" el="56" ec="9" bec="0" bev="0" fileid="2" />
                <SequencePoint vc="10" uspid="15837" ordinal="0" offset="417" sl="60" sc="7" el="60" ec="7" bec="0" bev="0" fileid="2" />
                <SequencePoint vc="6" uspid="15838" ordinal="0" offset="468" sl="60" sc="89" el="60" ec="89" bec="0" bev="0" fileid="2" />
                <SequencePoint vc="6" uspid="15839" ordinal="0" offset="469" sl="61" sc="9" el="61" ec="9" bec="0" bev="0" fileid="2" />
                <SequencePoint vc="6" uspid="15840" ordinal="0" offset="484" sl="62" sc="9" el="62" ec="9" bec="0" bev="0" fileid="2" />
                <SequencePoint vc="4" uspid="15841" ordinal="0" offset="489" sl="66" sc="7" el="66" ec="7" bec="0" bev="0" fileid="2" />
                <SequencePoint vc="4" uspid="15842" ordinal="0" offset="500" sl="67" sc="7" el="67" ec="7" bec="0" bev="0" fileid="2" />
                <SequencePoint vc="4" uspid="15843" ordinal="0" offset="511" sl="68" sc="7" el="68" ec="7" bec="0" bev="0" fileid="2" />
                <SequencePoint vc="4" uspid="15844" ordinal="0" offset="547" sl="69" sc="7" el="69" ec="7" bec="0" bev="0" fileid="2" />
                <SequencePoint vc="4" uspid="15845" ordinal="0" offset="566" sl="70" sc="7" el="70" ec="7" bec="0" bev="0" fileid="2" />
                <SequencePoint vc="4" uspid="15846" ordinal="0" offset="575" sl="74" sc="12" el="74" ec="12" bec="0" bev="0" fileid="2" />
                <SequencePoint vc="2" uspid="15847" ordinal="0" offset="580" sl="74" sc="49" el="74" ec="49" bec="0" bev="0" fileid="2" />
                <SequencePoint vc="2" uspid="15848" ordinal="0" offset="581" sl="75" sc="9" el="75" ec="9" bec="0" bev="0" fileid="2" />
                <SequencePoint vc="2" uspid="15849" ordinal="0" offset="604" sl="75" sc="61" el="75" ec="61" bec="0" bev="0" fileid="2" />
                <SequencePoint vc="2" uspid="15850" ordinal="0" offset="605" sl="76" sc="11" el="76" ec="11" bec="0" bev="0" fileid="2" />
                <SequencePoint vc="2" uspid="15851" ordinal="0" offset="656" sl="78" sc="9" el="78" ec="9" bec="0" bev="0" fileid="2" />
                <SequencePoint vc="2" uspid="15852" ordinal="0" offset="657" sl="79" sc="7" el="79" ec="7" bec="0" bev="0" fileid="2" />
                <SequencePoint vc="2" uspid="15853" ordinal="0" offset="658" sl="74" sc="44" el="74" ec="44" bec="0" bev="0" fileid="2" />
                <SequencePoint vc="6" uspid="15854" ordinal="0" offset="664" sl="74" sc="23" el="74" ec="23" bec="0" bev="0" fileid="2" />
                <SequencePoint vc="4" uspid="15855" ordinal="0" offset="676" sl="80" sc="12" el="80" ec="12" bec="0" bev="0" fileid="2" />
                <SequencePoint vc="10" uspid="15856" ordinal="0" offset="684" sl="80" sc="67" el="80" ec="67" bec="0" bev="0" fileid="2" />
                <SequencePoint vc="10" uspid="15857" ordinal="0" offset="685" sl="81" sc="9" el="81" ec="9" bec="0" bev="0" fileid="2" />
                <SequencePoint vc="7" uspid="15858" ordinal="0" offset="708" sl="81" sc="61" el="81" ec="61" bec="0" bev="0" fileid="2" />
                <SequencePoint vc="7" uspid="15859" ordinal="0" offset="709" sl="82" sc="11" el="82" ec="11" bec="0" bev="0" fileid="2" />
                <SequencePoint vc="7" uspid="15860" ordinal="0" offset="760" sl="84" sc="9" el="84" ec="9" bec="0" bev="0" fileid="2" />
                <SequencePoint vc="10" uspid="15861" ordinal="0" offset="761" sl="85" sc="7" el="85" ec="7" bec="0" bev="0" fileid="2" />
                <SequencePoint vc="10" uspid="15862" ordinal="0" offset="762" sl="80" sc="62" el="80" ec="62" bec="0" bev="0" fileid="2" />
                <SequencePoint vc="14" uspid="15863" ordinal="0" offset="768" sl="80" sc="41" el="80" ec="41" bec="0" bev="0" fileid="2" />
                <SequencePoint vc="4" uspid="15864" ordinal="0" offset="789" sl="86" sc="12" el="86" ec="12" bec="0" bev="0" fileid="2" />
                <SequencePoint vc="8" uspid="15865" ordinal="0" offset="794" sl="86" sc="49" el="86" ec="49" bec="0" bev="0" fileid="2" />
                <SequencePoint vc="8" uspid="15866" ordinal="0" offset="795" sl="87" sc="9" el="87" ec="9" bec="0" bev="0" fileid="2" />
                <SequencePoint vc="8" uspid="15867" ordinal="0" offset="810" sl="88" sc="7" el="88" ec="7" bec="0" bev="0" fileid="2" />
                <SequencePoint vc="8" uspid="15868" ordinal="0" offset="811" sl="86" sc="44" el="86" ec="44" bec="0" bev="0" fileid="2" />
                <SequencePoint vc="12" uspid="15869" ordinal="0" offset="817" sl="86" sc="23" el="86" ec="23" bec="0" bev="0" fileid="2" />
                <SequencePoint vc="4" uspid="15870" ordinal="0" offset="829" sl="89" sc="12" el="89" ec="12" bec="0" bev="0" fileid="2" />
                <SequencePoint vc="4" uspid="15871" ordinal="0" offset="837" sl="89" sc="67" el="89" ec="67" bec="0" bev="0" fileid="2" />
                <SequencePoint vc="4" uspid="15872" ordinal="0" offset="838" sl="90" sc="9" el="90" ec="9" bec="0" bev="0" fileid="2" />
                <SequencePoint vc="4" uspid="15873" ordinal="0" offset="853" sl="91" sc="7" el="91" ec="7" bec="0" bev="0" fileid="2" />
                <SequencePoint vc="4" uspid="15874" ordinal="0" offset="854" sl="89" sc="62" el="89" ec="62" bec="0" bev="0" fileid="2" />
                <SequencePoint vc="8" uspid="15875" ordinal="0" offset="860" sl="89" sc="41" el="89" ec="41" bec="0" bev="0" fileid="2" />
                <SequencePoint vc="4" uspid="15876" ordinal="0" offset="881" sl="92" sc="5" el="92" ec="5" bec="0" bev="0" fileid="2" />
                <SequencePoint vc="14" uspid="15877" ordinal="0" offset="882" sl="37" sc="5" el="37" ec="5" bec="0" bev="0" fileid="2" />
                <SequencePoint vc="4" uspid="15878" ordinal="0" offset="890" sl="95" sc="10" el="95" ec="10" bec="0" bev="0" fileid="2" />
                <SequencePoint vc="16" uspid="15879" ordinal="0" offset="907" sl="95" sc="52" el="95" ec="52" bec="0" bev="0" fileid="2" />
                <SequencePoint vc="16" uspid="15880" ordinal="0" offset="908" sl="96" sc="7" el="96" ec="7" bec="0" bev="0" fileid="2" />
                <SequencePoint vc="4" uspid="15881" ordinal="0" offset="925" sl="96" sc="45" el="96" ec="45" bec="0" bev="0" fileid="2" />
                <SequencePoint vc="4" uspid="15882" ordinal="0" offset="926" sl="97" sc="9" el="97" ec="9" bec="0" bev="0" fileid="2" />
                <SequencePoint vc="4" uspid="15883" ordinal="0" offset="940" sl="98" sc="7" el="98" ec="7" bec="0" bev="0" fileid="2" />
                <SequencePoint vc="16" uspid="15884" ordinal="0" offset="941" sl="99" sc="5" el="99" ec="5" bec="0" bev="0" fileid="2" />
                <SequencePoint vc="16" uspid="15885" ordinal="0" offset="942" sl="95" sc="47" el="95" ec="47" bec="0" bev="0" fileid="2" />
                <SequencePoint vc="20" uspid="15886" ordinal="0" offset="948" sl="95" sc="39" el="95" ec="39" bec="0" bev="0" fileid="2" />
                <SequencePoint vc="4" uspid="15887" ordinal="0" offset="962" sl="100" sc="3" el="100" ec="3" bec="0" bev="0" fileid="2" />
              </SequencePoints>
              <BranchPoints />
            </Method>
            <Method visited="true" cyclomaticComplexity="1" nPathComplexity="0" sequenceCoverage="100.0" branchCoverage="0" crapScore="1" isConstructor="true" isStatic="false" isGetter="false" isSetter="false">
              <Summary numSequencePoints="3" visitedSequencePoints="3" numBranchPoints="0" visitedBranchPoints="0" sequenceCoverage="100.0" branchCoverage="0" maxCyclomaticComplexity="1" minCyclomaticComplexity="1" maxCrapScore="1" minCrapScore="1" visitedClasses="0" numClasses="0" visitedMethods="1" numMethods="1" />
              <MetadataToken>100663361</MetadataToken>
              <Name>AgglomerativeClusterer::AgglomerativeClusterer(System.Collections.Generic.List[GameObject], System.Int32, System.Single)</Name>
              <FileRef uid="2" />
              <SequencePoints>
                <SequencePoint vc="4" uspid="15888" ordinal="0" offset="0" sl="9" sc="9" el="9" ec="9" bec="0" bev="0" fileid="2" />
                <SequencePoint vc="4" uspid="15889" ordinal="0" offset="10" sl="9" sc="43" el="9" ec="43" bec="0" bev="0" fileid="2" />
                <SequencePoint vc="4" uspid="15890" ordinal="0" offset="11" sl="9" sc="44" el="9" ec="44" bec="0" bev="0" fileid="2" />
              </SequencePoints>
              <BranchPoints />
            </Method>
          </Methods>
        </Class>
        <Class>
          <Summary numSequencePoints="85" visitedSequencePoints="81" numBranchPoints="0" visitedBranchPoints="0" sequenceCoverage="95.29" branchCoverage="0.0" maxCyclomaticComplexity="4" minCyclomaticComplexity="1" maxCrapScore="4" minCrapScore="1" visitedClasses="1" numClasses="1" visitedMethods="16" numMethods="16" />
          <FullName>Cluster</FullName>
          <Methods>
            <Method visited="true" cyclomaticComplexity="1" nPathComplexity="0" sequenceCoverage="100.0" branchCoverage="0" crapScore="1" isConstructor="false" isStatic="false" isGetter="true" isSetter="false">
              <Summary numSequencePoints="3" visitedSequencePoints="3" numBranchPoints="0" visitedBranchPoints="0" sequenceCoverage="100.0" branchCoverage="0" maxCyclomaticComplexity="1" minCyclomaticComplexity="1" maxCrapScore="1" minCrapScore="1" visitedClasses="0" numClasses="0" visitedMethods="1" numMethods="1" />
              <MetadataToken>100663367</MetadataToken>
              <Name>UnityEngine.Vector3 Cluster::get_Coordinates()</Name>
              <FileRef uid="3" />
              <SequencePoints>
                <SequencePoint vc="388" uspid="15894" ordinal="0" offset="0" sl="24" sc="9" el="24" ec="9" bec="0" bev="0" fileid="3" />
                <SequencePoint vc="388" uspid="15895" ordinal="0" offset="1" sl="24" sc="11" el="24" ec="11" bec="0" bev="0" fileid="3" />
                <SequencePoint vc="388" uspid="15896" ordinal="0" offset="10" sl="24" sc="32" el="24" ec="32" bec="0" bev="0" fileid="3" />
              </SequencePoints>
              <BranchPoints />
            </Method>
            <Method visited="true" cyclomaticComplexity="1" nPathComplexity="0" sequenceCoverage="100.0" branchCoverage="0" crapScore="1" isConstructor="false" isStatic="false" isGetter="true" isSetter="false">
              <Summary numSequencePoints="3" visitedSequencePoints="3" numBranchPoints="0" visitedBranchPoints="0" sequenceCoverage="100.0" branchCoverage="0" maxCyclomaticComplexity="1" minCyclomaticComplexity="1" maxCrapScore="1" minCrapScore="1" visitedClasses="0" numClasses="0" visitedMethods="1" numMethods="1" />
              <MetadataToken>100663368</MetadataToken>
              <Name>System.Collections.Generic.IReadOnlyList[GameObject] Cluster::get_Objects()</Name>
              <FileRef uid="3" />
              <SequencePoints>
                <SequencePoint vc="5" uspid="15897" ordinal="0" offset="0" sl="29" sc="9" el="29" ec="9" bec="0" bev="0" fileid="3" />
                <SequencePoint vc="5" uspid="15898" ordinal="0" offset="1" sl="29" sc="11" el="29" ec="11" bec="0" bev="0" fileid="3" />
                <SequencePoint vc="5" uspid="15899" ordinal="0" offset="10" sl="29" sc="28" el="29" ec="28" bec="0" bev="0" fileid="3" />
              </SequencePoints>
              <BranchPoints />
            </Method>
            <Method visited="true" cyclomaticComplexity="2" nPathComplexity="0" sequenceCoverage="100.0" branchCoverage="0" crapScore="2" isConstructor="false" isStatic="false" isGetter="true" isSetter="false">
              <Summary numSequencePoints="3" visitedSequencePoints="3" numBranchPoints="0" visitedBranchPoints="0" sequenceCoverage="100.0" branchCoverage="0" maxCyclomaticComplexity="2" minCyclomaticComplexity="2" maxCrapScore="2" minCrapScore="2" visitedClasses="0" numClasses="0" visitedMethods="1" numMethods="1" />
              <MetadataToken>100663371</MetadataToken>
              <Name>System.Collections.Generic.IReadOnlyList[Threat] Cluster::get_Threats()</Name>
              <FileRef uid="3" />
              <SequencePoints>
                <SequencePoint vc="3" uspid="15906" ordinal="0" offset="0" sl="47" sc="9" el="47" ec="9" bec="0" bev="0" fileid="3" />
                <SequencePoint vc="3" uspid="15907" ordinal="0" offset="1" sl="48" sc="7" el="48" ec="7" bec="0" bev="0" fileid="3" />
                <SequencePoint vc="3" uspid="15908" ordinal="0" offset="51" sl="49" sc="5" el="49" ec="5" bec="0" bev="0" fileid="3" />
              </SequencePoints>
              <BranchPoints />
            </Method>
            <Method visited="true" cyclomaticComplexity="1" nPathComplexity="0" sequenceCoverage="100.0" branchCoverage="0" crapScore="1" isConstructor="false" isStatic="false" isGetter="false" isSetter="false">
              <Summary numSequencePoints="3" visitedSequencePoints="3" numBranchPoints="0" visitedBranchPoints="0" sequenceCoverage="100.0" branchCoverage="0" maxCyclomaticComplexity="1" minCyclomaticComplexity="1" maxCrapScore="1" minCrapScore="1" visitedClasses="0" numClasses="0" visitedMethods="1" numMethods="1" />
              <MetadataToken>100663372</MetadataToken>
              <Name>System.Int32 Cluster::Size()</Name>
              <FileRef uid="3" />
              <SequencePoints>
                <SequencePoint vc="197" uspid="15909" ordinal="0" offset="0" sl="53" sc="21" el="53" ec="21" bec="0" bev="0" fileid="3" />
                <SequencePoint vc="197" uspid="15910" ordinal="0" offset="1" sl="54" sc="5" el="54" ec="5" bec="0" bev="0" fileid="3" />
                <SequencePoint vc="197" uspid="15911" ordinal="0" offset="15" sl="55" sc="3" el="55" ec="3" bec="0" bev="0" fileid="3" />
              </SequencePoints>
              <BranchPoints />
            </Method>
            <Method visited="true" cyclomaticComplexity="1" nPathComplexity="0" sequenceCoverage="100.0" branchCoverage="0" crapScore="1" isConstructor="false" isStatic="false" isGetter="false" isSetter="false">
              <Summary numSequencePoints="3" visitedSequencePoints="3" numBranchPoints="0" visitedBranchPoints="0" sequenceCoverage="100.0" branchCoverage="0" maxCyclomaticComplexity="1" minCyclomaticComplexity="1" maxCrapScore="1" minCrapScore="1" visitedClasses="0" numClasses="0" visitedMethods="1" numMethods="1" />
              <MetadataToken>100663373</MetadataToken>
              <Name>System.Boolean Cluster::IsEmpty()</Name>
              <FileRef uid="3" />
              <SequencePoints>
                <SequencePoint vc="131" uspid="15912" ordinal="0" offset="0" sl="58" sc="25" el="58" ec="25" bec="0" bev="0" fileid="3" />
                <SequencePoint vc="131" uspid="15913" ordinal="0" offset="1" sl="59" sc="5" el="59" ec="5" bec="0" bev="0" fileid="3" />
                <SequencePoint vc="131" uspid="15914" ordinal="0" offset="13" sl="60" sc="3" el="60" ec="3" bec="0" bev="0" fileid="3" />
              </SequencePoints>
              <BranchPoints />
            </Method>
            <Method visited="true" cyclomaticComplexity="2" nPathComplexity="0" sequenceCoverage="71.43" branchCoverage="0" crapScore="2.09" isConstructor="false" isStatic="false" isGetter="false" isSetter="false">
              <Summary numSequencePoints="7" visitedSequencePoints="5" numBranchPoints="0" visitedBranchPoints="0" sequenceCoverage="71.43" branchCoverage="0" maxCyclomaticComplexity="2" minCyclomaticComplexity="2" maxCrapScore="2.09" minCrapScore="2.09" visitedClasses="0" numClasses="0" visitedMethods="1" numMethods="1" />
              <MetadataToken>100663374</MetadataToken>
              <Name>System.Single Cluster::Radius()</Name>
              <FileRef uid="3" />
              <SequencePoints>
                <SequencePoint vc="19" uspid="15915" ordinal="0" offset="6" sl="63" sc="25" el="63" ec="25" bec="0" bev="0" fileid="3" />
                <SequencePoint vc="19" uspid="15916" ordinal="0" offset="7" sl="64" sc="5" el="64" ec="5" bec="0" bev="0" fileid="3" />
                <SequencePoint vc="0" uspid="15917" ordinal="0" offset="17" sl="64" sc="20" el="64" ec="20" bec="0" bev="0" fileid="3" />
                <SequencePoint vc="0" uspid="15918" ordinal="0" offset="18" sl="65" sc="7" el="65" ec="7" bec="0" bev="0" fileid="3" />
                <SequencePoint vc="19" uspid="15919" ordinal="0" offset="26" sl="68" sc="5" el="68" ec="5" bec="0" bev="0" fileid="3" />
                <SequencePoint vc="19" uspid="15920" ordinal="0" offset="38" sl="69" sc="5" el="69" ec="5" bec="0" bev="0" fileid="3" />
                <SequencePoint vc="19" uspid="15921" ordinal="0" offset="64" sl="70" sc="3" el="70" ec="3" bec="0" bev="0" fileid="3" />
              </SequencePoints>
              <BranchPoints />
            </Method>
            <Method visited="true" cyclomaticComplexity="3" nPathComplexity="0" sequenceCoverage="86.67" branchCoverage="0" crapScore="3.02" isConstructor="false" isStatic="false" isGetter="false" isSetter="false">
              <Summary numSequencePoints="15" visitedSequencePoints="13" numBranchPoints="0" visitedBranchPoints="0" sequenceCoverage="86.67" branchCoverage="0" maxCyclomaticComplexity="3" minCyclomaticComplexity="3" maxCrapScore="3.02" minCrapScore="3.02" visitedClasses="0" numClasses="0" visitedMethods="1" numMethods="1" />
              <MetadataToken>100663375</MetadataToken>
              <Name>UnityEngine.Vector3 Cluster::Centroid()</Name>
              <FileRef uid="3" />
              <SequencePoints>
                <SequencePoint vc="76" uspid="15922" ordinal="0" offset="0" sl="73" sc="29" el="73" ec="29" bec="0" bev="0" fileid="3" />
                <SequencePoint vc="76" uspid="15923" ordinal="0" offset="1" sl="74" sc="5" el="74" ec="5" bec="0" bev="0" fileid="3" />
                <SequencePoint vc="0" uspid="15924" ordinal="0" offset="11" sl="74" sc="20" el="74" ec="20" bec="0" bev="0" fileid="3" />
                <SequencePoint vc="0" uspid="15925" ordinal="0" offset="12" sl="75" sc="7" el="75" ec="7" bec="0" bev="0" fileid="3" />
                <SequencePoint vc="76" uspid="15926" ordinal="0" offset="20" sl="78" sc="5" el="78" ec="5" bec="0" bev="0" fileid="3" />
                <SequencePoint vc="76" uspid="15927" ordinal="0" offset="26" sl="79" sc="5" el="79" ec="5" bec="0" bev="0" fileid="3" />
                <SequencePoint vc="76" uspid="15928" ordinal="0" offset="27" sl="79" sc="25" el="79" ec="25" bec="0" bev="0" fileid="3" />
                <SequencePoint vc="257" uspid="15929" ordinal="0" offset="41" sl="79" sc="14" el="79" ec="14" bec="0" bev="0" fileid="3" />
                <SequencePoint vc="257" uspid="15930" ordinal="0" offset="50" sl="79" sc="35" el="79" ec="35" bec="0" bev="0" fileid="3" />
                <SequencePoint vc="257" uspid="15931" ordinal="0" offset="51" sl="80" sc="7" el="80" ec="7" bec="0" bev="0" fileid="3" />
                <SequencePoint vc="257" uspid="15932" ordinal="0" offset="70" sl="81" sc="5" el="81" ec="5" bec="0" bev="0" fileid="3" />
                <SequencePoint vc="333" uspid="15933" ordinal="0" offset="71" sl="79" sc="22" el="79" ec="22" bec="0" bev="0" fileid="3" />
                <SequencePoint vc="76" uspid="15934" ordinal="0" offset="97" sl="82" sc="5" el="82" ec="5" bec="0" bev="0" fileid="3" />
                <SequencePoint vc="76" uspid="15935" ordinal="0" offset="116" sl="83" sc="5" el="83" ec="5" bec="0" bev="0" fileid="3" />
[...]
              <MetadataToken>100663435</MetadataToken>
              <Name>UnityEngine.Vector2 KDTreeTest/&lt;&gt;c::&lt;TestSingle&gt;b__1_0(UnityEngine.Vector2)</Name>
              <FileRef uid="94" />
              <SequencePoints>
                <SequencePoint vc="13" uspid="30886" ordinal="0" offset="0" sl="19" sc="89" el="19" ec="89" bec="0" bev="0" fileid="94" />
              </SequencePoints>
              <BranchPoints />
            </Method>
            <Method visited="true" cyclomaticComplexity="1" nPathComplexity="0" sequenceCoverage="100.0" branchCoverage="0" crapScore="1" isConstructor="false" isStatic="false" isGetter="false" isSetter="false">
              <Summary numSequencePoints="1" visitedSequencePoints="1" numBranchPoints="0" visitedBranchPoints="0" sequenceCoverage="100.0" branchCoverage="0" maxCyclomaticComplexity="1" minCyclomaticComplexity="1" maxCrapScore="1" minCrapScore="1" visitedClasses="0" numClasses="0" visitedMethods="1" numMethods="1" />
              <MetadataToken>100663436</MetadataToken>
              <Name>UnityEngine.Vector2 KDTreeTest/&lt;&gt;c::&lt;TestNearestNeighborWithinPoints&gt;b__2_0(UnityEngine.Vector2)</Name>
              <FileRef uid="94" />
              <SequencePoints>
                <SequencePoint vc="1159" uspid="30887" ordinal="0" offset="0" sl="34" sc="75" el="34" ec="75" bec="0" bev="0" fileid="94" />
              </SequencePoints>
              <BranchPoints />
            </Method>
            <Method visited="true" cyclomaticComplexity="1" nPathComplexity="0" sequenceCoverage="100.0" branchCoverage="0" crapScore="1" isConstructor="false" isStatic="false" isGetter="false" isSetter="false">
              <Summary numSequencePoints="1" visitedSequencePoints="1" numBranchPoints="0" visitedBranchPoints="0" sequenceCoverage="100.0" branchCoverage="0" maxCyclomaticComplexity="1" minCyclomaticComplexity="1" maxCrapScore="1" minCrapScore="1" visitedClasses="0" numClasses="0" visitedMethods="1" numMethods="1" />
              <MetadataToken>100663437</MetadataToken>
              <Name>UnityEngine.Vector2 KDTreeTest/&lt;&gt;c::&lt;TestNearestNeighborAroundPoints&gt;b__3_0(UnityEngine.Vector2)</Name>
              <FileRef uid="94" />
              <SequencePoints>
                <SequencePoint vc="1239" uspid="30888" ordinal="0" offset="0" sl="49" sc="75" el="49" ec="75" bec="0" bev="0" fileid="94" />
              </SequencePoints>
              <BranchPoints />
            </Method>
          </Methods>
        </Class>
        <Class>
          <Summary numSequencePoints="1" visitedSequencePoints="1" numBranchPoints="0" visitedBranchPoints="0" sequenceCoverage="100.0" branchCoverage="0.0" maxCyclomaticComplexity="1" minCyclomaticComplexity="1" maxCrapScore="1" minCrapScore="1" visitedClasses="1" numClasses="1" visitedMethods="1" numMethods="1" />
          <FullName>LaunchAngleCsvInterpolatorTest/&lt;&gt;c</FullName>
          <Methods>
            <Method visited="true" cyclomaticComplexity="1" nPathComplexity="0" sequenceCoverage="100.0" branchCoverage="0" crapScore="1" isConstructor="false" isStatic="false" isGetter="false" isSetter="false">
              <Summary numSequencePoints="1" visitedSequencePoints="1" numBranchPoints="0" visitedBranchPoints="0" sequenceCoverage="100.0" branchCoverage="0" maxCyclomaticComplexity="1" minCyclomaticComplexity="1" maxCrapScore="1" minCrapScore="1" visitedClasses="0" numClasses="0" visitedMethods="1" numMethods="1" />
              <MetadataToken>100663440</MetadataToken>
              <Name>System.String LaunchAngleCsvInterpolatorTest/&lt;&gt;c::&lt;TestFileNotFound&gt;b__2_0(System.String)</Name>
              <FileRef uid="96" />
              <SequencePoints>
                <SequencePoint vc="1" uspid="30889" ordinal="0" offset="0" sl="32" sc="83" el="32" ec="83" bec="0" bev="0" fileid="96" />
              </SequencePoints>
              <BranchPoints />
            </Method>
          </Methods>
        </Class>
        <Class>
          <Summary numSequencePoints="4" visitedSequencePoints="3" numBranchPoints="0" visitedBranchPoints="0" sequenceCoverage="75.00" branchCoverage="0.0" maxCyclomaticComplexity="1" minCyclomaticComplexity="1" maxCrapScore="1.02" minCrapScore="1.02" visitedClasses="1" numClasses="1" visitedMethods="1" numMethods="1" />
          <FullName>LaunchAngleCsvInterpolatorTest/&lt;&gt;c__DisplayClass2_0</FullName>
          <Methods>
            <Method visited="true" cyclomaticComplexity="1" nPathComplexity="0" sequenceCoverage="75.00" branchCoverage="0" crapScore="1.02" isConstructor="false" isStatic="false" isGetter="false" isSetter="false">
              <Summary numSequencePoints="4" visitedSequencePoints="3" numBranchPoints="0" visitedBranchPoints="0" sequenceCoverage="75.00" branchCoverage="0" maxCyclomaticComplexity="1" minCyclomaticComplexity="1" maxCrapScore="1.02" minCrapScore="1.02" visitedClasses="0" numClasses="0" visitedMethods="1" numMethods="1" />
              <MetadataToken>100663442</MetadataToken>
              <Name>System.Void LaunchAngleCsvInterpolatorTest/&lt;&gt;c__DisplayClass2_0::&lt;TestFileNotFound&gt;b__1()</Name>
              <FileRef uid="96" />
              <SequencePoints>
                <SequencePoint vc="1" uspid="30890" ordinal="0" offset="0" sl="35" sc="52" el="35" ec="52" bec="0" bev="0" fileid="96" />
                <SequencePoint vc="1" uspid="30891" ordinal="0" offset="1" sl="36" sc="7" el="36" ec="7" bec="0" bev="0" fileid="96" />
                <SequencePoint vc="1" uspid="30892" ordinal="0" offset="18" sl="37" sc="7" el="37" ec="7" bec="0" bev="0" fileid="96" />
                <SequencePoint vc="0" uspid="30893" ordinal="0" offset="34" sl="38" sc="5" el="38" ec="5" bec="0" bev="0" fileid="96" />
              </SequencePoints>
              <BranchPoints />
            </Method>
          </Methods>
        </Class>
        <Class>
          <Summary numSequencePoints="4" visitedSequencePoints="3" numBranchPoints="0" visitedBranchPoints="0" sequenceCoverage="75.00" branchCoverage="0.0" maxCyclomaticComplexity="1" minCyclomaticComplexity="1" maxCrapScore="1.04" minCrapScore="1" visitedClasses="1" numClasses="1" visitedMethods="2" numMethods="2" />
          <FullName>LaunchAngleCsvInterpolatorTest/&lt;&gt;c__DisplayClass3_0</FullName>
          <Methods>
            <Method visited="true" cyclomaticComplexity="1" nPathComplexity="0" sequenceCoverage="100.0" branchCoverage="0" crapScore="1" isConstructor="false" isStatic="false" isGetter="false" isSetter="false">
              <Summary numSequencePoints="1" visitedSequencePoints="1" numBranchPoints="0" visitedBranchPoints="0" sequenceCoverage="100.0" branchCoverage="0" maxCyclomaticComplexity="1" minCyclomaticComplexity="1" maxCrapScore="1" minCrapScore="1" visitedClasses="0" numClasses="0" visitedMethods="1" numMethods="1" />
              <MetadataToken>100663444</MetadataToken>
              <Name>System.String LaunchAngleCsvInterpolatorTest/&lt;&gt;c__DisplayClass3_0::&lt;TestInvalidInterpolationData&gt;b__0(System.String)</Name>
              <FileRef uid="96" />
              <SequencePoints>
                <SequencePoint vc="1" uspid="30894" ordinal="0" offset="0" sl="45" sc="83" el="45" ec="83" bec="0" bev="0" fileid="96" />
              </SequencePoints>
              <BranchPoints />
            </Method>
            <Method visited="true" cyclomaticComplexity="1" nPathComplexity="0" sequenceCoverage="66.67" branchCoverage="0" crapScore="1.04" isConstructor="false" isStatic="false" isGetter="false" isSetter="false">
              <Summary numSequencePoints="3" visitedSequencePoints="2" numBranchPoints="0" visitedBranchPoints="0" sequenceCoverage="66.67" branchCoverage="0" maxCyclomaticComplexity="1" minCyclomaticComplexity="1" maxCrapScore="1.04" minCrapScore="1.04" visitedClasses="0" numClasses="0" visitedMethods="1" numMethods="1" />
              <MetadataToken>100663445</MetadataToken>
              <Name>System.Void LaunchAngleCsvInterpolatorTest/&lt;&gt;c__DisplayClass3_0::&lt;TestInvalidInterpolationData&gt;b__1()</Name>
              <FileRef uid="96" />
              <SequencePoints>
                <SequencePoint vc="1" uspid="30895" ordinal="0" offset="0" sl="50" sc="61" el="50" ec="61" bec="0" bev="0" fileid="96" />
                <SequencePoint vc="1" uspid="30896" ordinal="0" offset="1" sl="50" sc="63" el="50" ec="63" bec="0" bev="0" fileid="96" />
                <SequencePoint vc="0" uspid="30897" ordinal="0" offset="19" sl="50" sc="89" el="50" ec="89" bec="0" bev="0" fileid="96" />
              </SequencePoints>
              <BranchPoints />
            </Method>
          </Methods>
        </Class>
        <Class>
          <Summary numSequencePoints="6" visitedSequencePoints="6" numBranchPoints="0" visitedBranchPoints="0" sequenceCoverage="100.0" branchCoverage="0.0" maxCyclomaticComplexity="1" minCyclomaticComplexity="1" maxCrapScore="1" minCrapScore="1" visitedClasses="1" numClasses="1" visitedMethods="2" numMethods="2" />
          <FullName>LaunchAngleDataInterpolatorTest/DummyLaunchAngleDataInterpolator</FullName>
          <Methods>
            <Method visited="true" cyclomaticComplexity="1" nPathComplexity="0" sequenceCoverage="100.0" branchCoverage="0" crapScore="1" isConstructor="false" isStatic="false" isGetter="false" isSetter="false">
              <Summary numSequencePoints="3" visitedSequencePoints="3" numBranchPoints="0" visitedBranchPoints="0" sequenceCoverage="100.0" branchCoverage="0" maxCyclomaticComplexity="1" minCyclomaticComplexity="1" maxCrapScore="1" minCrapScore="1" visitedClasses="0" numClasses="0" visitedMethods="1" numMethods="1" />
              <MetadataToken>100663447</MetadataToken>
              <Name>System.Collections.Generic.List[LaunchAngleDataPoint] LaunchAngleDataInterpolatorTest/DummyLaunchAngleDataInterpolator::GenerateData()</Name>
              <FileRef uid="96" />
              <SequencePoints>
                <SequencePoint vc="2" uspid="30898" ordinal="0" offset="0" sl="60" sc="66" el="60" ec="66" bec="0" bev="0" fileid="96" />
                <SequencePoint vc="2" uspid="30899" ordinal="0" offset="1" sl="61" sc="7" el="61" ec="7" bec="0" bev="0" fileid="96" />
                <SequencePoint vc="2" uspid="30900" ordinal="0" offset="106" sl="67" sc="5" el="67" ec="5" bec="0" bev="0" fileid="96" />
              </SequencePoints>
              <BranchPoints />
            </Method>
            <Method visited="true" cyclomaticComplexity="1" nPathComplexity="0" sequenceCoverage="100.0" branchCoverage="0" crapScore="1" isConstructor="true" isStatic="false" isGetter="false" isSetter="false">
              <Summary numSequencePoints="3" visitedSequencePoints="3" numBranchPoints="0" visitedBranchPoints="0" sequenceCoverage="100.0" branchCoverage="0" maxCyclomaticComplexity="1" minCyclomaticComplexity="1" maxCrapScore="1" minCrapScore="1" visitedClasses="0" numClasses="0" visitedMethods="1" numMethods="1" />
              <MetadataToken>100663446</MetadataToken>
              <Name>LaunchAngleDataInterpolatorTest/DummyLaunchAngleDataInterpolator::DummyLaunchAngleDataInterpolator()</Name>
              <FileRef uid="96" />
              <SequencePoints>
                <SequencePoint vc="2" uspid="30901" ordinal="0" offset="0" sl="57" sc="49" el="57" ec="49" bec="0" bev="0" fileid="96" />
                <SequencePoint vc="2" uspid="30902" ordinal="0" offset="7" sl="57" sc="56" el="57" ec="56" bec="0" bev="0" fileid="96" />
                <SequencePoint vc="2" uspid="30903" ordinal="0" offset="8" sl="57" sc="57" el="57" ec="57" bec="0" bev="0" fileid="96" />
              </SequencePoints>
              <BranchPoints />
            </Method>
          </Methods>
        </Class>
        <Class>
          <Summary numSequencePoints="3" visitedSequencePoints="2" numBranchPoints="0" visitedBranchPoints="0" sequenceCoverage="66.67" branchCoverage="0.0" maxCyclomaticComplexity="1" minCyclomaticComplexity="1" maxCrapScore="1.04" minCrapScore="1.04" visitedClasses="1" numClasses="1" visitedMethods="1" numMethods="1" />
          <FullName>PriorityQueueTest/&lt;&gt;c__DisplayClass1_0</FullName>
          <Methods>
            <Method visited="true" cyclomaticComplexity="1" nPathComplexity="0" sequenceCoverage="66.67" branchCoverage="0" crapScore="1.04" isConstructor="false" isStatic="false" isGetter="false" isSetter="false">
              <Summary numSequencePoints="3" visitedSequencePoints="2" numBranchPoints="0" visitedBranchPoints="0" sequenceCoverage="66.67" branchCoverage="0" maxCyclomaticComplexity="1" minCyclomaticComplexity="1" maxCrapScore="1.04" minCrapScore="1.04" visitedClasses="0" numClasses="0" visitedMethods="1" numMethods="1" />
              <MetadataToken>100663449</MetadataToken>
              <Name>System.Void PriorityQueueTest/&lt;&gt;c__DisplayClass1_0::&lt;TestDequeueWhenEmpty&gt;b__0()</Name>
              <FileRef uid="99" />
              <SequencePoints>
                <SequencePoint vc="1" uspid="30904" ordinal="0" offset="0" sl="20" sc="52" el="20" ec="52" bec="0" bev="0" fileid="99" />
                <SequencePoint vc="1" uspid="30905" ordinal="0" offset="1" sl="20" sc="54" el="20" ec="54" bec="0" bev="0" fileid="99" />
                <SequencePoint vc="0" uspid="30906" ordinal="0" offset="13" sl="20" sc="71" el="20" ec="71" bec="0" bev="0" fileid="99" />
              </SequencePoints>
              <BranchPoints />
            </Method>
          </Methods>
        </Class>
        <Class>
          <Summary numSequencePoints="3" visitedSequencePoints="2" numBranchPoints="0" visitedBranchPoints="0" sequenceCoverage="66.67" branchCoverage="0.0" maxCyclomaticComplexity="1" minCyclomaticComplexity="1" maxCrapScore="1.04" minCrapScore="1.04" visitedClasses="1" numClasses="1" visitedMethods="1" numMethods="1" />
          <FullName>PriorityQueueTest/&lt;&gt;c__DisplayClass2_0</FullName>
          <Methods>
            <Method visited="true" cyclomaticComplexity="1" nPathComplexity="0" sequenceCoverage="66.67" branchCoverage="0" crapScore="1.04" isConstructor="false" isStatic="false" isGetter="false" isSetter="false">
              <Summary numSequencePoints="3" visitedSequencePoints="2" numBranchPoints="0" visitedBranchPoints="0" sequenceCoverage="66.67" branchCoverage="0" maxCyclomaticComplexity="1" minCyclomaticComplexity="1" maxCrapScore="1.04" minCrapScore="1.04" visitedClasses="0" numClasses="0" visitedMethods="1" numMethods="1" />
              <MetadataToken>100663451</MetadataToken>
              <Name>System.Void PriorityQueueTest/&lt;&gt;c__DisplayClass2_0::&lt;TestPeekWhenEmpty&gt;b__0()</Name>
              <FileRef uid="99" />
              <SequencePoints>
                <SequencePoint vc="1" uspid="30907" ordinal="0" offset="0" sl="26" sc="52" el="26" ec="52" bec="0" bev="0" fileid="99" />
                <SequencePoint vc="1" uspid="30908" ordinal="0" offset="1" sl="26" sc="54" el="26" ec="54" bec="0" bev="0" fileid="99" />
                <SequencePoint vc="0" uspid="30909" ordinal="0" offset="13" sl="26" sc="68" el="26" ec="68" bec="0" bev="0" fileid="99" />
              </SequencePoints>
              <BranchPoints />
            </Method>
          </Methods>
        </Class>
        <Class>
          <Summary numSequencePoints="4" visitedSequencePoints="3" numBranchPoints="0" visitedBranchPoints="0" sequenceCoverage="75.00" branchCoverage="0.0" maxCyclomaticComplexity="3" minCyclomaticComplexity="3" maxCrapScore="3.14" minCrapScore="3.14" visitedClasses="1" numClasses="1" visitedMethods="1" numMethods="1" />
          <FullName>SanityTest/&lt;SanityTestWithEnumeratorPasses&gt;d__1</FullName>
          <Methods>
            <Method visited="true" cyclomaticComplexity="3" nPathComplexity="0" sequenceCoverage="75.00" branchCoverage="0" crapScore="3.14" isConstructor="false" isStatic="false" isGetter="false" isSetter="false">
              <Summary numSequencePoints="4" visitedSequencePoints="3" numBranchPoints="0" visitedBranchPoints="0" sequenceCoverage="75.00" branchCoverage="0" maxCyclomaticComplexity="3" minCyclomaticComplexity="3" maxCrapScore="3.14" minCrapScore="3.14" visitedClasses="0" numClasses="0" visitedMethods="1" numMethods="1" />
              <MetadataToken>100663454</MetadataToken>
              <Name>System.Boolean SanityTest/&lt;SanityTestWithEnumeratorPasses&gt;d__1::MoveNext()</Name>
              <FileRef uid="100" />
              <SequencePoints>
                <SequencePoint vc="1" uspid="30910" ordinal="0" offset="31" sl="16" sc="55" el="16" ec="55" bec="0" bev="0" fileid="100" />
                <SequencePoint vc="1" uspid="30911" ordinal="0" offset="32" sl="19" sc="5" el="19" ec="5" bec="0" bev="0" fileid="100" />
                <SequencePoint vc="1" uspid="30912" ordinal="0" offset="55" sl="20" sc="5" el="20" ec="5" bec="0" bev="0" fileid="100" />
                <SequencePoint vc="0" uspid="30913" ordinal="0" offset="66" sl="21" sc="3" el="21" ec="3" bec="0" bev="0" fileid="100" />
              </SequencePoints>
              <BranchPoints />
            </Method>
          </Methods>
        </Class>
        <Class>
          <Summary numSequencePoints="2" visitedSequencePoints="2" numBranchPoints="0" visitedBranchPoints="0" sequenceCoverage="100.0" branchCoverage="0.0" maxCyclomaticComplexity="1" minCyclomaticComplexity="1" maxCrapScore="1" minCrapScore="1" visitedClasses="1" numClasses="1" visitedMethods="2" numMethods="2" />
          <FullName>ThreatAssignmentTests/&lt;&gt;c</FullName>
          <Methods>
            <Method visited="true" cyclomaticComplexity="1" nPathComplexity="0" sequenceCoverage="100.0" branchCoverage="0" crapScore="1" isConstructor="false" isStatic="false" isGetter="false" isSetter="false">
              <Summary numSequencePoints="1" visitedSequencePoints="1" numBranchPoints="0" visitedBranchPoints="0" sequenceCoverage="100.0" branchCoverage="0" maxCyclomaticComplexity="1" minCyclomaticComplexity="1" maxCrapScore="1" minCrapScore="1" visitedClasses="0" numClasses="0" visitedMethods="1" numMethods="1" />
              <MetadataToken>100663460</MetadataToken>
              <Name>System.Single ThreatAssignmentTests/&lt;&gt;c::&lt;AssignShouldAssignAllInterceptorsAndThreats&gt;b__2_0(IAssignment/AssignmentItem)</Name>
              <FileRef uid="101" />
              <SequencePoints>
                <SequencePoint vc="3" uspid="30914" ordinal="0" offset="0" sl="103" sc="37" el="103" ec="37" bec="0" bev="0" fileid="101" />
              </SequencePoints>
              <BranchPoints />
            </Method>
            <Method visited="true" cyclomaticComplexity="1" nPathComplexity="0" sequenceCoverage="100.0" branchCoverage="0" crapScore="1" isConstructor="false" isStatic="false" isGetter="false" isSetter="false">
              <Summary numSequencePoints="1" visitedSequencePoints="1" numBranchPoints="0" visitedBranchPoints="0" sequenceCoverage="100.0" branchCoverage="0" maxCyclomaticComplexity="1" minCyclomaticComplexity="1" maxCrapScore="1" minCrapScore="1" visitedClasses="0" numClasses="0" visitedMethods="1" numMethods="1" />
              <MetadataToken>100663461</MetadataToken>
              <Name>System.Single ThreatAssignmentTests/&lt;&gt;c::&lt;AssignShouldHandleMoreInterceptorsThanThreats&gt;b__3_0(IAssignment/AssignmentItem)</Name>
              <FileRef uid="101" />
              <SequencePoints>
                <SequencePoint vc="3" uspid="30915" ordinal="0" offset="0" sl="167" sc="37" el="167" ec="37" bec="0" bev="0" fileid="101" />
              </SequencePoints>
              <BranchPoints />
            </Method>
          </Methods>
        </Class>
      </Classes>
    </Module>
  </Modules>
</CoverageSession>