<?xml version="1.0" encoding="utf-8"?>
<CoverageSession xmlns:xsd="http://www.w3.org/2001/XMLSchema" xmlns:xsi="http://www.w3.org/2001/XMLSchema-instance" Version="0.0.0.0">
  <Summary numSequencePoints="571" visitedSequencePoints="536" numBranchPoints="0" visitedBranchPoints="0" sequenceCoverage="93.87" branchCoverage="0.0" maxCyclomaticComplexity="8" minCyclomaticComplexity="1" maxCrapScore="13.12" minCrapScore="1" visitedClasses="34" numClasses="34" visitedMethods="78" numMethods="78" />
  <Modules>
    <Module>
      <Summary numSequencePoints="333" visitedSequencePoints="307" numBranchPoints="0" visitedBranchPoints="0" sequenceCoverage="92.19" branchCoverage="0.0" maxCyclomaticComplexity="8" minCyclomaticComplexity="1" maxCrapScore="13.12" minCrapScore="1" visitedClasses="27" numClasses="27" visitedMethods="56" numMethods="56" />
      <ModuleTime>0001-01-01T00:00:00</ModuleTime>
      <ModuleName>bamlab.micromissiles</ModuleName>
      <Files>
        <File uid="1" fullPath="/github/workspace/Assets/Scripts/Agent.cs" />
        <File uid="2" fullPath="/github/workspace/Assets/Scripts/Assignment/Assignment.cs" />
        <File uid="3" fullPath="/github/workspace/Assets/Scripts/Assignment/RoundRobinAssignment.cs" />
        <File uid="4" fullPath="/github/workspace/Assets/Scripts/Assignment/ThreatAssignment.cs" />
        <File uid="5" fullPath="/github/workspace/Assets/Scripts/Behavior/AttackBehavior.cs" />
        <File uid="6" fullPath="/github/workspace/Assets/Scripts/Behavior/DirectAttackBehavior.cs" />
        <File uid="7" fullPath="/github/workspace/Assets/Scripts/Config/ConfigLoader.cs" />
        <File uid="8" fullPath="/github/workspace/Assets/Scripts/Config/SimulationConfig.cs" />
        <File uid="9" fullPath="/github/workspace/Assets/Scripts/Constants.cs" />
        <File uid="10" fullPath="/github/workspace/Assets/Scripts/Editor/GenerateCone.cs" />
        <File uid="11" fullPath="/github/workspace/Assets/Scripts/IADS/IADS.cs" />
        <File uid="12" fullPath="/github/workspace/Assets/Scripts/IADS/ThreatData.cs" />
        <File uid="13" fullPath="/github/workspace/Assets/Scripts/IADS/Vessel.cs" />
        <File uid="14" fullPath="/github/workspace/Assets/Scripts/Interceptor.cs" />
        <File uid="15" fullPath="/github/workspace/Assets/Scripts/Interceptors/CarrierInterceptor.cs" />
        <File uid="16" fullPath="/github/workspace/Assets/Scripts/Interceptors/MissileInterceptor.cs" />
        <File uid="17" fullPath="/github/workspace/Assets/Scripts/Managers/InputManager.cs" />
        <File uid="18" fullPath="/github/workspace/Assets/Scripts/Monitor.cs" />
        <File uid="19" fullPath="/github/workspace/Assets/Scripts/Sensors/IdealSensor.cs" />
        <File uid="20" fullPath="/github/workspace/Assets/Scripts/Sensors/Sensor.cs" />
        <File uid="21" fullPath="/github/workspace/Assets/Scripts/SimManager.cs" />
        <File uid="22" fullPath="/github/workspace/Assets/Scripts/Threats/FixedWingThreat.cs" />
        <File uid="23" fullPath="/github/workspace/Assets/Scripts/Threats/RotaryWingThreat.cs" />
        <File uid="24" fullPath="/github/workspace/Assets/Scripts/Threats/Threat.cs" />
        <File uid="25" fullPath="/github/workspace/Assets/Scripts/UI/CameraController.cs" />
        <File uid="26" fullPath="/github/workspace/Assets/Scripts/UI/Dialogs/AgentStatusDialog.cs" />
        <File uid="27" fullPath="/github/workspace/Assets/Scripts/UI/RectTransformExtensions.cs" />
        <File uid="28" fullPath="/github/workspace/Assets/Scripts/UI/UIBuildButton.cs" />
        <File uid="29" fullPath="/github/workspace/Assets/Scripts/UI/UIDialog.cs" />
        <File uid="30" fullPath="/github/workspace/Assets/Scripts/UI/UIElementDragger.cs" />
        <File uid="31" fullPath="/github/workspace/Assets/Scripts/UI/UIElementMouseCapturer.cs" />
        <File uid="32" fullPath="/github/workspace/Assets/Scripts/UI/UIManager.cs" />
        <File uid="33" fullPath="/github/workspace/Assets/Scripts/UI/UISelectableEntry.cs" />
        <File uid="34" fullPath="/github/workspace/Assets/Scripts/UI/Windows/UIWindow.cs" />
        <File uid="35" fullPath="/github/workspace/Assets/Scripts/Utilities.cs" />
        <File uid="36" fullPath="/github/workspace/Assets/Scripts/Config/StaticConfig.cs" />
      </Files>
      <Classes>
        <Class>
          <Summary numSequencePoints="31" visitedSequencePoints="31" numBranchPoints="0" visitedBranchPoints="0" sequenceCoverage="100.0" branchCoverage="0.0" maxCyclomaticComplexity="2" minCyclomaticComplexity="1" maxCrapScore="2" minCrapScore="1" visitedClasses="1" numClasses="1" visitedMethods="8" numMethods="8" />
          <FullName>Agent</FullName>
          <Methods>
            <Method visited="true" cyclomaticComplexity="1" nPathComplexity="0" sequenceCoverage="100.0" branchCoverage="0" crapScore="1" isConstructor="false" isStatic="false" isGetter="false" isSetter="false">
              <Summary numSequencePoints="5" visitedSequencePoints="5" numBranchPoints="0" visitedBranchPoints="0" sequenceCoverage="100.0" branchCoverage="0" maxCyclomaticComplexity="1" minCyclomaticComplexity="1" maxCrapScore="1" minCrapScore="1" visitedClasses="0" numClasses="0" visitedMethods="1" numMethods="1" />
              <MetadataToken>100663301</MetadataToken>
              <Name>System.Void Agent::SetFlightPhase(Agent/FlightPhase)</Name>
              <FileRef uid="1" />
              <SequencePoints>
                <SequencePoint vc="11" uspid="2516" ordinal="0" offset="0" sl="45" sc="55" el="45" ec="55" bec="0" bev="0" fileid="1" />
                <SequencePoint vc="11" uspid="2517" ordinal="0" offset="1" sl="46" sc="5" el="46" ec="5" bec="0" bev="0" fileid="1" />
                <SequencePoint vc="11" uspid="2518" ordinal="0" offset="38" sl="48" sc="5" el="48" ec="5" bec="0" bev="0" fileid="1" />
                <SequencePoint vc="11" uspid="2519" ordinal="0" offset="53" sl="49" sc="5" el="49" ec="5" bec="0" bev="0" fileid="1" />
                <SequencePoint vc="11" uspid="2520" ordinal="0" offset="60" sl="50" sc="3" el="50" ec="3" bec="0" bev="0" fileid="1" />
              </SequencePoints>
              <BranchPoints />
            </Method>
            <Method visited="true" cyclomaticComplexity="2" nPathComplexity="0" sequenceCoverage="100.0" branchCoverage="0" crapScore="2" isConstructor="false" isStatic="false" isGetter="false" isSetter="false">
              <Summary numSequencePoints="3" visitedSequencePoints="3" numBranchPoints="0" visitedBranchPoints="0" sequenceCoverage="100.0" branchCoverage="0" maxCyclomaticComplexity="2" minCyclomaticComplexity="2" maxCrapScore="2" minCrapScore="2" visitedClasses="0" numClasses="0" visitedMethods="1" numMethods="1" />
              <MetadataToken>100663303</MetadataToken>
              <Name>System.Boolean Agent::HasLaunched()</Name>
              <FileRef uid="1" />
              <SequencePoints>
                <SequencePoint vc="6" uspid="2524" ordinal="0" offset="0" sl="56" sc="29" el="56" ec="29" bec="0" bev="0" fileid="1" />
                <SequencePoint vc="6" uspid="2525" ordinal="0" offset="1" sl="57" sc="5" el="57" ec="5" bec="0" bev="0" fileid="1" />
                <SequencePoint vc="6" uspid="2526" ordinal="0" offset="27" sl="58" sc="3" el="58" ec="3" bec="0" bev="0" fileid="1" />
              </SequencePoints>
              <BranchPoints />
            </Method>
            <Method visited="true" cyclomaticComplexity="1" nPathComplexity="0" sequenceCoverage="100.0" branchCoverage="0" crapScore="1" isConstructor="false" isStatic="false" isGetter="false" isSetter="false">
              <Summary numSequencePoints="3" visitedSequencePoints="3" numBranchPoints="0" visitedBranchPoints="0" sequenceCoverage="100.0" branchCoverage="0" maxCyclomaticComplexity="1" minCyclomaticComplexity="1" maxCrapScore="1" minCrapScore="1" visitedClasses="0" numClasses="0" visitedMethods="1" numMethods="1" />
              <MetadataToken>100663305</MetadataToken>
              <Name>System.Void Agent::SetDynamicAgentConfig(DynamicAgentConfig)</Name>
              <FileRef uid="1" />
              <SequencePoints>
                <SequencePoint vc="11" uspid="2530" ordinal="0" offset="0" sl="64" sc="72" el="64" ec="72" bec="0" bev="0" fileid="1" />
                <SequencePoint vc="11" uspid="2531" ordinal="0" offset="1" sl="65" sc="5" el="65" ec="5" bec="0" bev="0" fileid="1" />
                <SequencePoint vc="11" uspid="2532" ordinal="0" offset="8" sl="66" sc="3" el="66" ec="3" bec="0" bev="0" fileid="1" />
              </SequencePoints>
              <BranchPoints />
            </Method>
            <Method visited="true" cyclomaticComplexity="1" nPathComplexity="0" sequenceCoverage="100.0" branchCoverage="0" crapScore="1" isConstructor="false" isStatic="false" isGetter="false" isSetter="false">
              <Summary numSequencePoints="4" visitedSequencePoints="4" numBranchPoints="0" visitedBranchPoints="0" sequenceCoverage="100.0" branchCoverage="0" maxCyclomaticComplexity="1" minCyclomaticComplexity="1" maxCrapScore="1" minCrapScore="1" visitedClasses="0" numClasses="0" visitedMethods="1" numMethods="1" />
              <MetadataToken>100663306</MetadataToken>
              <Name>System.Void Agent::SetStaticAgentConfig(StaticAgentConfig)</Name>
              <FileRef uid="1" />
              <SequencePoints>
                <SequencePoint vc="11" uspid="2533" ordinal="0" offset="0" sl="68" sc="70" el="68" ec="70" bec="0" bev="0" fileid="1" />
                <SequencePoint vc="11" uspid="2534" ordinal="0" offset="1" sl="69" sc="5" el="69" ec="5" bec="0" bev="0" fileid="1" />
                <SequencePoint vc="11" uspid="2535" ordinal="0" offset="8" sl="70" sc="5" el="70" ec="5" bec="0" bev="0" fileid="1" />
                <SequencePoint vc="11" uspid="2536" ordinal="0" offset="36" sl="71" sc="3" el="71" ec="3" bec="0" bev="0" fileid="1" />
              </SequencePoints>
              <BranchPoints />
            </Method>
            <Method visited="true" cyclomaticComplexity="1" nPathComplexity="0" sequenceCoverage="100.0" branchCoverage="0" crapScore="1" isConstructor="false" isStatic="false" isGetter="false" isSetter="false">
              <Summary numSequencePoints="3" visitedSequencePoints="3" numBranchPoints="0" visitedBranchPoints="0" sequenceCoverage="100.0" branchCoverage="0" maxCyclomaticComplexity="1" minCyclomaticComplexity="1" maxCrapScore="1" minCrapScore="1" visitedClasses="0" numClasses="0" visitedMethods="1" numMethods="1" />
              <MetadataToken>100663310</MetadataToken>
              <Name>System.Boolean Agent::HasAssignedTarget()</Name>
              <FileRef uid="1" />
              <SequencePoints>
                <SequencePoint vc="6" uspid="2546" ordinal="0" offset="0" sl="85" sc="35" el="85" ec="35" bec="0" bev="0" fileid="1" />
                <SequencePoint vc="6" uspid="2547" ordinal="0" offset="1" sl="86" sc="5" el="86" ec="5" bec="0" bev="0" fileid="1" />
                <SequencePoint vc="6" uspid="2548" ordinal="0" offset="16" sl="87" sc="3" el="87" ec="3" bec="0" bev="0" fileid="1" />
              </SequencePoints>
              <BranchPoints />
            </Method>
            <Method visited="true" cyclomaticComplexity="1" nPathComplexity="0" sequenceCoverage="100.0" branchCoverage="0" crapScore="1" isConstructor="false" isStatic="false" isGetter="false" isSetter="false">
              <Summary numSequencePoints="3" visitedSequencePoints="3" numBranchPoints="0" visitedBranchPoints="0" sequenceCoverage="100.0" branchCoverage="0" maxCyclomaticComplexity="1" minCyclomaticComplexity="1" maxCrapScore="1" minCrapScore="1" visitedClasses="0" numClasses="0" visitedMethods="1" numMethods="1" />
              <MetadataToken>100663318</MetadataToken>
              <Name>UnityEngine.Vector3 Agent::GetVelocity()</Name>
              <FileRef uid="1" />
              <SequencePoints>
                <SequencePoint vc="12" uspid="2596" ordinal="0" offset="0" sl="137" sc="32" el="137" ec="32" bec="0" bev="0" fileid="1" />
                <SequencePoint vc="12" uspid="2597" ordinal="0" offset="1" sl="138" sc="5" el="138" ec="5" bec="0" bev="0" fileid="1" />
                <SequencePoint vc="12" uspid="2598" ordinal="0" offset="15" sl="139" sc="3" el="139" ec="3" bec="0" bev="0" fileid="1" />
              </SequencePoints>
              <BranchPoints />
            </Method>
            <Method visited="true" cyclomaticComplexity="1" nPathComplexity="0" sequenceCoverage="100.0" branchCoverage="0" crapScore="1" isConstructor="false" isStatic="false" isGetter="false" isSetter="false">
              <Summary numSequencePoints="5" visitedSequencePoints="5" numBranchPoints="0" visitedBranchPoints="0" sequenceCoverage="100.0" branchCoverage="0" maxCyclomaticComplexity="1" minCyclomaticComplexity="1" maxCrapScore="1" minCrapScore="1" visitedClasses="0" numClasses="0" visitedMethods="1" numMethods="1" />
              <MetadataToken>100663328</MetadataToken>
              <Name>System.Single Agent::CalculateMaxAcceleration()</Name>
              <FileRef uid="1" />
              <SequencePoints>
                <SequencePoint vc="6" uspid="2662" ordinal="0" offset="0" sl="232" sc="48" el="232" ec="48" bec="0" bev="0" fileid="1" />
                <SequencePoint vc="6" uspid="2663" ordinal="0" offset="1" sl="233" sc="5" el="233" ec="5" bec="0" bev="0" fileid="1" />
                <SequencePoint vc="6" uspid="2664" ordinal="0" offset="30" sl="236" sc="5" el="236" ec="5" bec="0" bev="0" fileid="1" />
                <SequencePoint vc="6" uspid="2665" ordinal="0" offset="47" sl="237" sc="5" el="237" ec="5" bec="0" bev="0" fileid="1" />
                <SequencePoint vc="6" uspid="2666" ordinal="0" offset="83" sl="239" sc="3" el="239" ec="3" bec="0" bev="0" fileid="1" />
              </SequencePoints>
              <BranchPoints />
            </Method>
            <Method visited="true" cyclomaticComplexity="1" nPathComplexity="0" sequenceCoverage="100.0" branchCoverage="0" crapScore="1" isConstructor="true" isStatic="false" isGetter="false" isSetter="false">
              <Summary numSequencePoints="5" visitedSequencePoints="5" numBranchPoints="0" visitedBranchPoints="0" sequenceCoverage="100.0" branchCoverage="0" maxCyclomaticComplexity="1" minCyclomaticComplexity="1" maxCrapScore="1" minCrapScore="1" visitedClasses="0" numClasses="0" visitedMethods="1" numMethods="1" />
              <MetadataToken>100663332</MetadataToken>
              <Name>Agent::Agent()</Name>
              <FileRef uid="1" />
              <SequencePoints>
                <SequencePoint vc="29" uspid="2688" ordinal="0" offset="0" sl="9" sc="3" el="9" ec="3" bec="0" bev="0" fileid="1" />
                <SequencePoint vc="29" uspid="2689" ordinal="0" offset="7" sl="28" sc="3" el="28" ec="3" bec="0" bev="0" fileid="1" />
                <SequencePoint vc="29" uspid="2690" ordinal="0" offset="14" sl="29" sc="3" el="29" ec="3" bec="0" bev="0" fileid="1" />
                <SequencePoint vc="29" uspid="2691" ordinal="0" offset="21" sl="31" sc="3" el="31" ec="3" bec="0" bev="0" fileid="1" />
                <SequencePoint vc="29" uspid="2692" ordinal="0" offset="36" sl="32" sc="3" el="32" ec="3" bec="0" bev="0" fileid="1" />
              </SequencePoints>
              <BranchPoints />
            </Method>
          </Methods>
        </Class>
        <Class>
          <Summary numSequencePoints="6" visitedSequencePoints="6" numBranchPoints="0" visitedBranchPoints="0" sequenceCoverage="100.0" branchCoverage="0.0" maxCyclomaticComplexity="2" minCyclomaticComplexity="2" maxCrapScore="2" minCrapScore="2" visitedClasses="1" numClasses="1" visitedMethods="2" numMethods="2" />
          <FullName>IAssignment</FullName>
          <Methods>
            <Method visited="true" cyclomaticComplexity="2" nPathComplexity="0" sequenceCoverage="100.0" branchCoverage="0" crapScore="2" isConstructor="false" isStatic="true" isGetter="false" isSetter="false">
              <Summary numSequencePoints="3" visitedSequencePoints="3" numBranchPoints="0" visitedBranchPoints="0" sequenceCoverage="100.0" branchCoverage="0" maxCyclomaticComplexity="2" minCyclomaticComplexity="2" maxCrapScore="2" minCrapScore="2" visitedClasses="0" numClasses="0" visitedMethods="1" numMethods="1" />
              <MetadataToken>100663340</MetadataToken>
              <Name>static System.Collections.Generic.List[Interceptor] IAssignment::GetAssignableInterceptors(System.Collections.Generic.IReadOnlyList`1[[Interceptor, bamlab.micromissiles, Version=0.0.0.0, Culture=neutral, PublicKeyToken=null]]&amp;)</Name>
              <FileRef uid="2" />
              <SequencePoints>
                <SequencePoint vc="2" uspid="2704" ordinal="0" offset="0" sl="33" sc="51" el="33" ec="51" bec="0" bev="0" fileid="2" />
                <SequencePoint vc="2" uspid="2705" ordinal="0" offset="1" sl="34" sc="5" el="34" ec="5" bec="0" bev="0" fileid="2" />
                <SequencePoint vc="2" uspid="2706" ordinal="0" offset="47" sl="35" sc="3" el="35" ec="3" bec="0" bev="0" fileid="2" />
              </SequencePoints>
              <BranchPoints />
            </Method>
            <Method visited="true" cyclomaticComplexity="2" nPathComplexity="0" sequenceCoverage="100.0" branchCoverage="0" crapScore="2" isConstructor="false" isStatic="true" isGetter="false" isSetter="false">
              <Summary numSequencePoints="3" visitedSequencePoints="3" numBranchPoints="0" visitedBranchPoints="0" sequenceCoverage="100.0" branchCoverage="0" maxCyclomaticComplexity="2" minCyclomaticComplexity="2" maxCrapScore="2" minCrapScore="2" visitedClasses="0" numClasses="0" visitedMethods="1" numMethods="1" />
              <MetadataToken>100663341</MetadataToken>
              <Name>static System.Collections.Generic.List[ThreatData] IAssignment::GetActiveThreats(System.Collections.Generic.IReadOnlyList`1[[ThreatData, bamlab.micromissiles, Version=0.0.0.0, Culture=neutral, PublicKeyToken=null]]&amp;)</Name>
              <FileRef uid="2" />
              <SequencePoints>
                <SequencePoint vc="2" uspid="2707" ordinal="0" offset="0" sl="39" sc="92" el="39" ec="92" bec="0" bev="0" fileid="2" />
                <SequencePoint vc="2" uspid="2708" ordinal="0" offset="1" sl="40" sc="5" el="40" ec="5" bec="0" bev="0" fileid="2" />
                <SequencePoint vc="2" uspid="2709" ordinal="0" offset="47" sl="41" sc="3" el="41" ec="3" bec="0" bev="0" fileid="2" />
              </SequencePoints>
              <BranchPoints />
            </Method>
          </Methods>
        </Class>
        <Class>
          <Summary numSequencePoints="46" visitedSequencePoints="40" numBranchPoints="0" visitedBranchPoints="0" sequenceCoverage="86.96" branchCoverage="0.0" maxCyclomaticComplexity="8" minCyclomaticComplexity="3" maxCrapScore="8.46" minCrapScore="3" visitedClasses="1" numClasses="1" visitedMethods="2" numMethods="2" />
          <FullName>ThreatAssignment</FullName>
          <Methods>
            <Method visited="true" cyclomaticComplexity="8" nPathComplexity="0" sequenceCoverage="80.65" branchCoverage="0" crapScore="8.46" isConstructor="false" isStatic="false" isGetter="false" isSetter="false">
              <Summary numSequencePoints="31" visitedSequencePoints="25" numBranchPoints="0" visitedBranchPoints="0" sequenceCoverage="80.65" branchCoverage="0" maxCyclomaticComplexity="8" minCyclomaticComplexity="8" maxCrapScore="8.46" minCrapScore="8.46" visitedClasses="0" numClasses="0" visitedMethods="1" numMethods="1" />
              <MetadataToken>100663345</MetadataToken>
              <Name>System.Collections.Generic.IEnumerable[AssignmentItem] ThreatAssignment::Assign(System.Collections.Generic.IReadOnlyList`1[[Interceptor, bamlab.micromissiles, Version=0.0.0.0, Culture=neutral, PublicKeyToken=null]]&amp;, System.Collections.Generic.IReadOnlyList`1[[ThreatData, bamlab.micromissiles, Version=0.0.0.0, Culture=neutral, PublicKeyToken=null]]&amp;)</Name>
              <FileRef uid="4" />
              <SequencePoints>
                <SequencePoint vc="2" uspid="2733" ordinal="0" offset="0" sl="13" sc="95" el="13" ec="95" bec="0" bev="0" fileid="4" />
                <SequencePoint vc="2" uspid="2734" ordinal="0" offset="1" sl="14" sc="5" el="14" ec="5" bec="0" bev="0" fileid="4" />
                <SequencePoint vc="2" uspid="2735" ordinal="0" offset="7" sl="16" sc="5" el="16" ec="5" bec="0" bev="0" fileid="4" />
                <SequencePoint vc="2" uspid="2736" ordinal="0" offset="14" sl="17" sc="5" el="17" ec="5" bec="0" bev="0" fileid="4" />
                <SequencePoint vc="0" uspid="2737" ordinal="0" offset="29" sl="17" sc="44" el="17" ec="44" bec="0" bev="0" fileid="4" />
                <SequencePoint vc="0" uspid="2738" ordinal="0" offset="30" sl="18" sc="7" el="18" ec="7" bec="0" bev="0" fileid="4" />
                <SequencePoint vc="0" uspid="2739" ordinal="0" offset="41" sl="19" sc="7" el="19" ec="7" bec="0" bev="0" fileid="4" />
                <SequencePoint vc="2" uspid="2740" ordinal="0" offset="49" sl="22" sc="5" el="22" ec="5" bec="0" bev="0" fileid="4" />
                <SequencePoint vc="2" uspid="2741" ordinal="0" offset="56" sl="23" sc="5" el="23" ec="5" bec="0" bev="0" fileid="4" />
                <SequencePoint vc="0" uspid="2742" ordinal="0" offset="71" sl="23" sc="35" el="23" ec="35" bec="0" bev="0" fileid="4" />
                <SequencePoint vc="0" uspid="2743" ordinal="0" offset="72" sl="24" sc="7" el="24" ec="7" bec="0" bev="0" fileid="4" />
                <SequencePoint vc="0" uspid="2744" ordinal="0" offset="83" sl="25" sc="7" el="25" ec="7" bec="0" bev="0" fileid="4" />
                <SequencePoint vc="2" uspid="2745" ordinal="0" offset="91" sl="28" sc="5" el="28" ec="5" bec="0" bev="0" fileid="4" />
                <SequencePoint vc="2" uspid="2746" ordinal="0" offset="97" sl="29" sc="5" el="29" ec="5" bec="0" bev="0" fileid="4" />
                <SequencePoint vc="2" uspid="2747" ordinal="0" offset="107" sl="33" sc="5" el="33" ec="5" bec="0" bev="0" fileid="4" />
                <SequencePoint vc="2" uspid="2748" ordinal="0" offset="188" sl="37" sc="5" el="37" ec="5" bec="0" bev="0" fileid="4" />
                <SequencePoint vc="2" uspid="2749" ordinal="0" offset="196" sl="38" sc="5" el="38" ec="5" bec="0" bev="0" fileid="4" />
                <SequencePoint vc="2" uspid="2750" ordinal="0" offset="209" sl="39" sc="5" el="39" ec="5" bec="0" bev="0" fileid="4" />
                <SequencePoint vc="2" uspid="2751" ordinal="0" offset="210" sl="40" sc="7" el="40" ec="7" bec="0" bev="0" fileid="4" />
                <SequencePoint vc="2" uspid="2752" ordinal="0" offset="211" sl="40" sc="41" el="40" ec="41" bec="0" bev="0" fileid="4" />
                <SequencePoint vc="5" uspid="2753" ordinal="0" offset="222" sl="40" sc="16" el="40" ec="16" bec="0" bev="0" fileid="4" />
                <SequencePoint vc="5" uspid="2754" ordinal="0" offset="231" sl="40" sc="54" el="40" ec="54" bec="0" bev="0" fileid="4" />
                <SequencePoint vc="5" uspid="2755" ordinal="0" offset="232" sl="41" sc="9" el="41" ec="9" bec="0" bev="0" fileid="4" />
                <SequencePoint vc="5" uspid="2756" ordinal="0" offset="263" sl="43" sc="9" el="43" ec="9" bec="0" bev="0" fileid="4" />
                <SequencePoint vc="1" uspid="2757" ordinal="0" offset="279" sl="43" sc="59" el="43" ec="59" bec="0" bev="0" fileid="4" />
                <SequencePoint vc="1" uspid="2758" ordinal="0" offset="280" sl="44" sc="11" el="44" ec="11" bec="0" bev="0" fileid="4" />
                <SequencePoint vc="4" uspid="2759" ordinal="0" offset="282" sl="46" sc="7" el="46" ec="7" bec="0" bev="0" fileid="4" />
                <SequencePoint vc="6" uspid="2760" ordinal="0" offset="283" sl="40" sc="38" el="40" ec="38" bec="0" bev="0" fileid="4" />
                <SequencePoint vc="2" uspid="2761" ordinal="0" offset="309" sl="47" sc="5" el="47" ec="5" bec="0" bev="0" fileid="4" />
                <SequencePoint vc="2" uspid="2762" ordinal="0" offset="310" sl="48" sc="5" el="48" ec="5" bec="0" bev="0" fileid="4" />
                <SequencePoint vc="2" uspid="2763" ordinal="0" offset="315" sl="49" sc="3" el="49" ec="3" bec="0" bev="0" fileid="4" />
              </SequencePoints>
              <BranchPoints />
            </Method>
            <Method visited="true" cyclomaticComplexity="3" nPathComplexity="0" sequenceCoverage="100.0" branchCoverage="0" crapScore="3" isConstructor="false" isStatic="false" isGetter="false" isSetter="false">
              <Summary numSequencePoints="15" visitedSequencePoints="15" numBranchPoints="0" visitedBranchPoints="0" sequenceCoverage="100.0" branchCoverage="0" maxCyclomaticComplexity="3" minCyclomaticComplexity="3" maxCrapScore="3" minCrapScore="3" visitedClasses="0" numClasses="0" visitedMethods="1" numMethods="1" />
              <MetadataToken>100663346</MetadataToken>
              <Name>System.Collections.Generic.List[ThreatInfo] ThreatAssignment::CalculateThreatLevels(System.Collections.Generic.List[ThreatData], UnityEngine.Vector3)</Name>
              <FileRef uid="4" />
              <SequencePoints>
                <SequencePoint vc="2" uspid="2764" ordinal="0" offset="0" sl="52" sc="75" el="52" ec="75" bec="0" bev="0" fileid="4" />
                <SequencePoint vc="2" uspid="2765" ordinal="0" offset="1" sl="53" sc="5" el="53" ec="5" bec="0" bev="0" fileid="4" />
                <SequencePoint vc="2" uspid="2766" ordinal="0" offset="7" sl="55" sc="5" el="55" ec="5" bec="0" bev="0" fileid="4" />
                <SequencePoint vc="2" uspid="2767" ordinal="0" offset="8" sl="55" sc="39" el="55" ec="39" bec="0" bev="0" fileid="4" />
                <SequencePoint vc="5" uspid="2768" ordinal="0" offset="17" sl="55" sc="14" el="55" ec="14" bec="0" bev="0" fileid="4" />
                <SequencePoint vc="5" uspid="2769" ordinal="0" offset="25" sl="55" sc="52" el="55" ec="52" bec="0" bev="0" fileid="4" />
                <SequencePoint vc="5" uspid="2770" ordinal="0" offset="26" sl="56" sc="7" el="56" ec="7" bec="0" bev="0" fileid="4" />
                <SequencePoint vc="5" uspid="2771" ordinal="0" offset="33" sl="57" sc="7" el="57" ec="7" bec="0" bev="0" fileid="4" />
                <SequencePoint vc="5" uspid="2772" ordinal="0" offset="52" sl="58" sc="7" el="58" ec="7" bec="0" bev="0" fileid="4" />
                <SequencePoint vc="5" uspid="2773" ordinal="0" offset="69" sl="61" sc="7" el="61" ec="7" bec="0" bev="0" fileid="4" />
                <SequencePoint vc="5" uspid="2774" ordinal="0" offset="82" sl="63" sc="7" el="63" ec="7" bec="0" bev="0" fileid="4" />
                <SequencePoint vc="5" uspid="2775" ordinal="0" offset="97" sl="64" sc="5" el="64" ec="5" bec="0" bev="0" fileid="4" />
                <SequencePoint vc="7" uspid="2776" ordinal="0" offset="98" sl="55" sc="36" el="55" ec="36" bec="0" bev="0" fileid="4" />
                <SequencePoint vc="2" uspid="2777" ordinal="0" offset="124" sl="67" sc="5" el="67" ec="5" bec="0" bev="0" fileid="4" />
                <SequencePoint vc="2" uspid="2778" ordinal="0" offset="170" sl="68" sc="3" el="68" ec="3" bec="0" bev="0" fileid="4" />
              </SequencePoints>
              <BranchPoints />
            </Method>
          </Methods>
        </Class>
        <Class>
          <Summary numSequencePoints="12" visitedSequencePoints="12" numBranchPoints="0" visitedBranchPoints="0" sequenceCoverage="100.0" branchCoverage="0.0" maxCyclomaticComplexity="2" minCyclomaticComplexity="1" maxCrapScore="2" minCrapScore="1" visitedClasses="1" numClasses="1" visitedMethods="2" numMethods="2" />
          <FullName>AttackBehavior</FullName>
          <Methods>
            <Method visited="true" cyclomaticComplexity="2" nPathComplexity="0" sequenceCoverage="100.0" branchCoverage="0" crapScore="2" isConstructor="false" isStatic="true" isGetter="false" isSetter="false">
              <Summary numSequencePoints="7" visitedSequencePoints="7" numBranchPoints="0" visitedBranchPoints="0" sequenceCoverage="100.0" branchCoverage="0" maxCyclomaticComplexity="2" minCyclomaticComplexity="2" maxCrapScore="2" minCrapScore="2" visitedClasses="0" numClasses="0" visitedMethods="1" numMethods="1" />
              <MetadataToken>100663350</MetadataToken>
              <Name>static System.String AttackBehavior::ResolveBehaviorPath(System.String)</Name>
              <FileRef uid="5" />
              <SequencePoints>
                <SequencePoint vc="22" uspid="2782" ordinal="0" offset="0" sl="21" sc="62" el="21" ec="62" bec="0" bev="0" fileid="5" />
                <SequencePoint vc="22" uspid="2783" ordinal="0" offset="1" sl="23" sc="9" el="23" ec="9" bec="0" bev="0" fileid="5" />
                <SequencePoint vc="22" uspid="2784" ordinal="0" offset="19" sl="24" sc="9" el="24" ec="9" bec="0" bev="0" fileid="5" />
                <SequencePoint vc="22" uspid="2785" ordinal="0" offset="20" sl="25" sc="13" el="25" ec="13" bec="0" bev="0" fileid="5" />
                <SequencePoint vc="22" uspid="2786" ordinal="0" offset="33" sl="26" sc="9" el="26" ec="9" bec="0" bev="0" fileid="5" />
                <SequencePoint vc="22" uspid="2787" ordinal="0" offset="34" sl="27" sc="9" el="27" ec="9" bec="0" bev="0" fileid="5" />
                <SequencePoint vc="22" uspid="2788" ordinal="0" offset="38" sl="28" sc="5" el="28" ec="5" bec="0" bev="0" fileid="5" />
              </SequencePoints>
              <BranchPoints />
            </Method>
            <Method visited="true" cyclomaticComplexity="1" nPathComplexity="0" sequenceCoverage="100.0" branchCoverage="0" crapScore="1" isConstructor="false" isStatic="true" isGetter="false" isSetter="false">
              <Summary numSequencePoints="5" visitedSequencePoints="5" numBranchPoints="0" visitedBranchPoints="0" sequenceCoverage="100.0" branchCoverage="0" maxCyclomaticComplexity="1" minCyclomaticComplexity="1" maxCrapScore="1" minCrapScore="1" visitedClasses="0" numClasses="0" visitedMethods="1" numMethods="1" />
              <MetadataToken>100663351</MetadataToken>
              <Name>static AttackBehavior AttackBehavior::FromJson(System.String)</Name>
              <FileRef uid="5" />
              <SequencePoints>
                <SequencePoint vc="11" uspid="2789" ordinal="0" offset="0" sl="30" sc="56" el="30" ec="56" bec="0" bev="0" fileid="5" />
                <SequencePoint vc="11" uspid="2790" ordinal="0" offset="1" sl="31" sc="9" el="31" ec="9" bec="0" bev="0" fileid="5" />
                <SequencePoint vc="11" uspid="2791" ordinal="0" offset="8" sl="32" sc="9" el="32" ec="9" bec="0" bev="0" fileid="5" />
                <SequencePoint vc="11" uspid="2792" ordinal="0" offset="15" sl="33" sc="9" el="33" ec="9" bec="0" bev="0" fileid="5" />
                <SequencePoint vc="11" uspid="2793" ordinal="0" offset="46" sl="36" sc="5" el="36" ec="5" bec="0" bev="0" fileid="5" />
              </SequencePoints>
              <BranchPoints />
            </Method>
          </Methods>
        </Class>
        <Class>
          <Summary numSequencePoints="10" visitedSequencePoints="10" numBranchPoints="0" visitedBranchPoints="0" sequenceCoverage="100.0" branchCoverage="0.0" maxCyclomaticComplexity="4" minCyclomaticComplexity="4" maxCrapScore="4" minCrapScore="4" visitedClasses="1" numClasses="1" visitedMethods="1" numMethods="1" />
          <FullName>DirectAttackBehavior</FullName>
          <Methods>
            <Method visited="true" cyclomaticComplexity="4" nPathComplexity="0" sequenceCoverage="100.0" branchCoverage="0" crapScore="4" isConstructor="false" isStatic="true" isGetter="false" isSetter="false">
              <Summary numSequencePoints="10" visitedSequencePoints="10" numBranchPoints="0" visitedBranchPoints="0" sequenceCoverage="100.0" branchCoverage="0" maxCyclomaticComplexity="4" minCyclomaticComplexity="4" maxCrapScore="4" minCrapScore="4" visitedClasses="0" numClasses="0" visitedMethods="1" numMethods="1" />
              <MetadataToken>100663357</MetadataToken>
              <Name>static DirectAttackBehavior DirectAttackBehavior::FromJson(System.String)</Name>
              <FileRef uid="6" />
              <SequencePoints>
                <SequencePoint vc="11" uspid="2823" ordinal="0" offset="0" sl="60" sc="66" el="60" ec="66" bec="0" bev="0" fileid="6" />
                <SequencePoint vc="11" uspid="2824" ordinal="0" offset="1" sl="61" sc="9" el="61" ec="9" bec="0" bev="0" fileid="6" />
                <SequencePoint vc="11" uspid="2825" ordinal="0" offset="8" sl="62" sc="9" el="62" ec="9" bec="0" bev="0" fileid="6" />
                <SequencePoint vc="11" uspid="2826" ordinal="0" offset="15" sl="63" sc="9" el="63" ec="9" bec="0" bev="0" fileid="6" />
                <SequencePoint vc="11" uspid="2827" ordinal="0" offset="44" sl="68" sc="9" el="68" ec="9" bec="0" bev="0" fileid="6" />
                <SequencePoint vc="11" uspid="2828" ordinal="0" offset="73" sl="69" sc="9" el="69" ec="9" bec="0" bev="0" fileid="6" />
                <SequencePoint vc="11" uspid="2829" ordinal="0" offset="74" sl="70" sc="13" el="70" ec="13" bec="0" bev="0" fileid="6" />
                <SequencePoint vc="11" uspid="2830" ordinal="0" offset="122" sl="71" sc="9" el="71" ec="9" bec="0" bev="0" fileid="6" />
                <SequencePoint vc="11" uspid="2831" ordinal="0" offset="123" sl="73" sc="9" el="73" ec="9" bec="0" bev="0" fileid="6" />
                <SequencePoint vc="11" uspid="2832" ordinal="0" offset="128" sl="74" sc="5" el="74" ec="5" bec="0" bev="0" fileid="6" />
              </SequencePoints>
              <BranchPoints />
            </Method>
          </Methods>
        </Class>
        <Class>
          <Summary numSequencePoints="26" visitedSequencePoints="20" numBranchPoints="0" visitedBranchPoints="0" sequenceCoverage="76.92" branchCoverage="0.0" maxCyclomaticComplexity="4" minCyclomaticComplexity="2" maxCrapScore="4.09" minCrapScore="2.15" visitedClasses="1" numClasses="1" visitedMethods="2" numMethods="2" />
          <FullName>ConfigLoader</FullName>
          <Methods>
            <Method visited="true" cyclomaticComplexity="4" nPathComplexity="0" sequenceCoverage="82.35" branchCoverage="0" crapScore="4.09" isConstructor="false" isStatic="true" isGetter="false" isSetter="false">
              <Summary numSequencePoints="17" visitedSequencePoints="14" numBranchPoints="0" visitedBranchPoints="0" sequenceCoverage="82.35" branchCoverage="0" maxCyclomaticComplexity="4" minCyclomaticComplexity="4" maxCrapScore="4.09" minCrapScore="4.09" visitedClasses="0" numClasses="0" visitedMethods="1" numMethods="1" />
              <MetadataToken>100663361</MetadataToken>
              <Name>static System.String ConfigLoader::LoadFromStreamingAssets(System.String)</Name>
              <FileRef uid="7" />
              <SequencePoints>
                <SequencePoint vc="33" uspid="2833" ordinal="0" offset="0" sl="7" sc="69" el="7" ec="69" bec="0" bev="0" fileid="7" />
                <SequencePoint vc="33" uspid="2834" ordinal="0" offset="1" sl="8" sc="5" el="8" ec="5" bec="0" bev="0" fileid="7" />
                <SequencePoint vc="33" uspid="2835" ordinal="0" offset="13" sl="11" sc="5" el="11" ec="5" bec="0" bev="0" fileid="7" />
                <SequencePoint vc="33" uspid="2836" ordinal="0" offset="31" sl="11" sc="42" el="11" ec="42" bec="0" bev="0" fileid="7" />
                <SequencePoint vc="33" uspid="2837" ordinal="0" offset="32" sl="12" sc="7" el="12" ec="7" bec="0" bev="0" fileid="7" />
                <SequencePoint vc="33" uspid="2838" ordinal="0" offset="44" sl="13" sc="5" el="13" ec="5" bec="0" bev="0" fileid="7" />
                <SequencePoint vc="33" uspid="2839" ordinal="0" offset="45" sl="16" sc="5" el="16" ec="5" bec="0" bev="0" fileid="7" />
                <SequencePoint vc="33" uspid="2840" ordinal="0" offset="52" sl="17" sc="5" el="17" ec="5" bec="0" bev="0" fileid="7" />
                <SequencePoint vc="52729" uspid="2841" ordinal="0" offset="61" sl="20" sc="25" el="20" ec="25" bec="0" bev="0" fileid="7" />
                <SequencePoint vc="52729" uspid="2842" ordinal="0" offset="62" sl="22" sc="5" el="22" ec="5" bec="0" bev="0" fileid="7" />
                <SequencePoint vc="52762" uspid="2843" ordinal="0" offset="63" sl="20" sc="5" el="20" ec="5" bec="0" bev="0" fileid="7" />
                <SequencePoint vc="33" uspid="2844" ordinal="0" offset="76" sl="24" sc="5" el="24" ec="5" bec="0" bev="0" fileid="7" />
                <SequencePoint vc="0" uspid="2845" ordinal="0" offset="94" sl="24" sc="55" el="24" ec="55" bec="0" bev="0" fileid="7" />
                <SequencePoint vc="0" uspid="2846" ordinal="0" offset="95" sl="25" sc="7" el="25" ec="7" bec="0" bev="0" fileid="7" />
                <SequencePoint vc="0" uspid="2847" ordinal="0" offset="123" sl="26" sc="7" el="26" ec="7" bec="0" bev="0" fileid="7" />
                <SequencePoint vc="33" uspid="2848" ordinal="0" offset="128" sl="29" sc="5" el="29" ec="5" bec="0" bev="0" fileid="7" />
                <SequencePoint vc="33" uspid="2849" ordinal="0" offset="143" sl="30" sc="3" el="30" ec="3" bec="0" bev="0" fileid="7" />
              </SequencePoints>
              <BranchPoints />
            </Method>
            <Method visited="true" cyclomaticComplexity="2" nPathComplexity="0" sequenceCoverage="66.67" branchCoverage="0" crapScore="2.15" isConstructor="false" isStatic="true" isGetter="false" isSetter="false">
              <Summary numSequencePoints="9" visitedSequencePoints="6" numBranchPoints="0" visitedBranchPoints="0" sequenceCoverage="66.67" branchCoverage="0" maxCyclomaticComplexity="2" minCyclomaticComplexity="2" maxCrapScore="2.15" minCrapScore="2.15" visitedClasses="0" numClasses="0" visitedMethods="1" numMethods="1" />
              <MetadataToken>100663363</MetadataToken>
              <Name>static StaticAgentConfig ConfigLoader::LoadStaticAgentConfig(System.String)</Name>
              <FileRef uid="7" />
              <SequencePoints>
                <SequencePoint vc="11" uspid="2859" ordinal="0" offset="0" sl="46" sc="80" el="46" ec="80" bec="0" bev="0" fileid="7" />
                <SequencePoint vc="11" uspid="2860" ordinal="0" offset="1" sl="47" sc="5" el="47" ec="5" bec="0" bev="0" fileid="7" />
                <SequencePoint vc="11" uspid="2861" ordinal="0" offset="13" sl="48" sc="5" el="48" ec="5" bec="0" bev="0" fileid="7" />
                <SequencePoint vc="11" uspid="2862" ordinal="0" offset="20" sl="50" sc="5" el="50" ec="5" bec="0" bev="0" fileid="7" />
                <SequencePoint vc="0" uspid="2863" ordinal="0" offset="30" sl="50" sc="44" el="50" ec="44" bec="0" bev="0" fileid="7" />
                <SequencePoint vc="0" uspid="2864" ordinal="0" offset="31" sl="51" sc="7" el="51" ec="7" bec="0" bev="0" fileid="7" />
                <SequencePoint vc="0" uspid="2865" ordinal="0" offset="48" sl="52" sc="7" el="52" ec="7" bec="0" bev="0" fileid="7" />
                <SequencePoint vc="11" uspid="2866" ordinal="0" offset="52" sl="55" sc="5" el="55" ec="5" bec="0" bev="0" fileid="7" />
                <SequencePoint vc="11" uspid="2867" ordinal="0" offset="83" sl="59" sc="3" el="59" ec="3" bec="0" bev="0" fileid="7" />
              </SequencePoints>
              <BranchPoints />
            </Method>
          </Methods>
        </Class>
        <Class>
          <Summary numSequencePoints="3" visitedSequencePoints="3" numBranchPoints="0" visitedBranchPoints="0" sequenceCoverage="100.0" branchCoverage="0.0" maxCyclomaticComplexity="1" minCyclomaticComplexity="1" maxCrapScore="1" minCrapScore="1" visitedClasses="1" numClasses="1" visitedMethods="1" numMethods="1" />
          <FullName>SimulationConfig</FullName>
          <Methods>
            <Method visited="true" cyclomaticComplexity="1" nPathComplexity="0" sequenceCoverage="100.0" branchCoverage="0" crapScore="1" isConstructor="true" isStatic="false" isGetter="false" isSetter="false">
              <Summary numSequencePoints="3" visitedSequencePoints="3" numBranchPoints="0" visitedBranchPoints="0" sequenceCoverage="100.0" branchCoverage="0" maxCyclomaticComplexity="1" minCyclomaticComplexity="1" maxCrapScore="1" minCrapScore="1" visitedClasses="0" numClasses="0" visitedMethods="1" numMethods="1" />
              <MetadataToken>100663373</MetadataToken>
              <Name>SimulationConfig::SimulationConfig()</Name>
              <FileRef uid="8" />
              <SequencePoints>
                <SequencePoint vc="5" uspid="2947" ordinal="0" offset="0" sl="10" sc="3" el="10" ec="3" bec="0" bev="0" fileid="8" />
                <SequencePoint vc="5" uspid="2948" ordinal="0" offset="11" sl="13" sc="3" el="13" ec="3" bec="0" bev="0" fileid="8" />
                <SequencePoint vc="5" uspid="2949" ordinal="0" offset="22" sl="16" sc="3" el="16" ec="3" bec="0" bev="0" fileid="8" />
              </SequencePoints>
              <BranchPoints />
            </Method>
          </Methods>
        </Class>
        <Class>
          <Summary numSequencePoints="10" visitedSequencePoints="10" numBranchPoints="0" visitedBranchPoints="0" sequenceCoverage="100.0" branchCoverage="0.0" maxCyclomaticComplexity="1" minCyclomaticComplexity="1" maxCrapScore="1" minCrapScore="1" visitedClasses="1" numClasses="1" visitedMethods="2" numMethods="2" />
          <FullName>ThreatData</FullName>
          <Methods>
            <Method visited="true" cyclomaticComplexity="1" nPathComplexity="0" sequenceCoverage="100.0" branchCoverage="0" crapScore="1" isConstructor="false" isStatic="false" isGetter="true" isSetter="false">
              <Summary numSequencePoints="3" visitedSequencePoints="3" numBranchPoints="0" visitedBranchPoints="0" sequenceCoverage="100.0" branchCoverage="0" maxCyclomaticComplexity="1" minCyclomaticComplexity="1" maxCrapScore="1" minCrapScore="1" visitedClasses="0" numClasses="0" visitedMethods="1" numMethods="1" />
              <MetadataToken>100663416</MetadataToken>
              <Name>ThreatStatus ThreatData::get_Status()</Name>
              <FileRef uid="12" />
              <SequencePoints>
                <SequencePoint vc="10" uspid="3184" ordinal="0" offset="0" sl="12" sc="9" el="12" ec="9" bec="0" bev="0" fileid="12" />
                <SequencePoint vc="10" uspid="3185" ordinal="0" offset="1" sl="12" sc="11" el="12" ec="11" bec="0" bev="0" fileid="12" />
                <SequencePoint vc="10" uspid="3186" ordinal="0" offset="10" sl="12" sc="27" el="12" ec="27" bec="0" bev="0" fileid="12" />
              </SequencePoints>
              <BranchPoints />
            </Method>
            <Method visited="true" cyclomaticComplexity="1" nPathComplexity="0" sequenceCoverage="100.0" branchCoverage="0" crapScore="1" isConstructor="true" isStatic="false" isGetter="false" isSetter="false">
              <Summary numSequencePoints="7" visitedSequencePoints="7" numBranchPoints="0" visitedBranchPoints="0" sequenceCoverage="100.0" branchCoverage="0" maxCyclomaticComplexity="1" minCyclomaticComplexity="1" maxCrapScore="1" minCrapScore="1" visitedClasses="0" numClasses="0" visitedMethods="1" numMethods="1" />
              <MetadataToken>100663420</MetadataToken>
              <Name>ThreatData::ThreatData(Threat, System.String)</Name>
              <FileRef uid="12" />
              <SequencePoints>
                <SequencePoint vc="5" uspid="3205" ordinal="0" offset="0" sl="39" sc="3" el="39" ec="3" bec="0" bev="0" fileid="12" />
                <SequencePoint vc="5" uspid="3206" ordinal="0" offset="7" sl="39" sc="53" el="39" ec="53" bec="0" bev="0" fileid="12" />
                <SequencePoint vc="5" uspid="3207" ordinal="0" offset="8" sl="40" sc="5" el="40" ec="5" bec="0" bev="0" fileid="12" />
                <SequencePoint vc="5" uspid="3208" ordinal="0" offset="15" sl="41" sc="5" el="41" ec="5" bec="0" bev="0" fileid="12" />
                <SequencePoint vc="5" uspid="3209" ordinal="0" offset="22" sl="42" sc="5" el="42" ec="5" bec="0" bev="0" fileid="12" />
                <SequencePoint vc="5" uspid="3210" ordinal="0" offset="29" sl="43" sc="5" el="43" ec="5" bec="0" bev="0" fileid="12" />
                <SequencePoint vc="5" uspid="3211" ordinal="0" offset="40" sl="44" sc="3" el="44" ec="3" bec="0" bev="0" fileid="12" />
              </SequencePoints>
              <BranchPoints />
            </Method>
          </Methods>
        </Class>
        <Class>
          <Summary numSequencePoints="5" visitedSequencePoints="5" numBranchPoints="0" visitedBranchPoints="0" sequenceCoverage="100.0" branchCoverage="0.0" maxCyclomaticComplexity="2" minCyclomaticComplexity="1" maxCrapScore="2" minCrapScore="1" visitedClasses="1" numClasses="1" visitedMethods="2" numMethods="2" />
          <FullName>Interceptor</FullName>
          <Methods>
            <Method visited="true" cyclomaticComplexity="2" nPathComplexity="0" sequenceCoverage="100.0" branchCoverage="0" crapScore="2" isConstructor="false" isStatic="false" isGetter="false" isSetter="false">
              <Summary numSequencePoints="4" visitedSequencePoints="4" numBranchPoints="0" visitedBranchPoints="0" sequenceCoverage="100.0" branchCoverage="0" maxCyclomaticComplexity="2" minCyclomaticComplexity="2" maxCrapScore="2" minCrapScore="2" visitedClasses="0" numClasses="0" visitedMethods="1" numMethods="1" />
              <MetadataToken>100663426</MetadataToken>
              <Name>System.Boolean Interceptor::IsAssignable()</Name>
              <FileRef uid="14" />
              <SequencePoints>
                <SequencePoint vc="6" uspid="3228" ordinal="0" offset="0" sl="10" sc="39" el="10" ec="39" bec="0" bev="0" fileid="14" />
                <SequencePoint vc="6" uspid="3229" ordinal="0" offset="1" sl="11" sc="5" el="11" ec="5" bec="0" bev="0" fileid="14" />
                <SequencePoint vc="6" uspid="3230" ordinal="0" offset="22" sl="12" sc="5" el="12" ec="5" bec="0" bev="0" fileid="14" />
                <SequencePoint vc="6" uspid="3231" ordinal="0" offset="26" sl="13" sc="3" el="13" ec="3" bec="0" bev="0" fileid="14" />
              </SequencePoints>
              <BranchPoints />
            </Method>
            <Method visited="true" cyclomaticComplexity="1" nPathComplexity="0" sequenceCoverage="100.0" branchCoverage="0" crapScore="1" isConstructor="true" isStatic="false" isGetter="false" isSetter="false">
              <Summary numSequencePoints="1" visitedSequencePoints="1" numBranchPoints="0" visitedBranchPoints="0" sequenceCoverage="100.0" branchCoverage="0" maxCyclomaticComplexity="1" minCyclomaticComplexity="1" maxCrapScore="1" minCrapScore="1" visitedClasses="0" numClasses="0" visitedMethods="1" numMethods="1" />
              <MetadataToken>100663435</MetadataToken>
              <Name>Interceptor::Interceptor()</Name>
              <FileRef uid="14" />
              <SequencePoints>
                <SequencePoint vc="6" uspid="3290" ordinal="0" offset="0" sl="7" sc="3" el="7" ec="3" bec="0" bev="0" fileid="14" />
              </SequencePoints>
              <BranchPoints />
            </Method>
          </Methods>
        </Class>
        <Class>
          <Summary numSequencePoints="2" visitedSequencePoints="2" numBranchPoints="0" visitedBranchPoints="0" sequenceCoverage="100.0" branchCoverage="0.0" maxCyclomaticComplexity="1" minCyclomaticComplexity="1" maxCrapScore="1" minCrapScore="1" visitedClasses="1" numClasses="1" visitedMethods="1" numMethods="1" />
          <FullName>MissileInterceptor</FullName>
          <Methods>
            <Method visited="true" cyclomaticComplexity="1" nPathComplexity="0" sequenceCoverage="100.0" branchCoverage="0" crapScore="1" isConstructor="true" isStatic="false" isGetter="false" isSetter="false">
              <Summary numSequencePoints="2" visitedSequencePoints="2" numBranchPoints="0" visitedBranchPoints="0" sequenceCoverage="100.0" branchCoverage="0" maxCyclomaticComplexity="1" minCyclomaticComplexity="1" maxCrapScore="1" minCrapScore="1" visitedClasses="0" numClasses="0" visitedMethods="1" numMethods="1" />
              <MetadataToken>100663444</MetadataToken>
              <Name>MissileInterceptor::MissileInterceptor()</Name>
              <FileRef uid="16" />
              <SequencePoints>
                <SequencePoint vc="6" uspid="3368" ordinal="0" offset="0" sl="7" sc="3" el="7" ec="3" bec="0" bev="0" fileid="16" />
                <SequencePoint vc="6" uspid="3369" ordinal="0" offset="11" sl="11" sc="3" el="11" ec="3" bec="0" bev="0" fileid="16" />
              </SequencePoints>
              <BranchPoints />
            </Method>
          </Methods>
        </Class>
        <Class>
          <Summary numSequencePoints="10" visitedSequencePoints="10" numBranchPoints="0" visitedBranchPoints="0" sequenceCoverage="100.0" branchCoverage="0.0" maxCyclomaticComplexity="1" minCyclomaticComplexity="1" maxCrapScore="1" minCrapScore="1" visitedClasses="1" numClasses="1" visitedMethods="1" numMethods="1" />
          <FullName>IdealSensor</FullName>
          <Methods>
            <Method visited="true" cyclomaticComplexity="1" nPathComplexity="0" sequenceCoverage="100.0" branchCoverage="0" crapScore="1" isConstructor="false" isStatic="false" isGetter="false" isSetter="false">
              <Summary numSequencePoints="10" visitedSequencePoints="10" numBranchPoints="0" visitedBranchPoints="0" sequenceCoverage="100.0" branchCoverage="0" maxCyclomaticComplexity="1" minCyclomaticComplexity="1" maxCrapScore="1" minCrapScore="1" visitedClasses="0" numClasses="0" visitedMethods="1" numMethods="1" />
              <MetadataToken>100663477</MetadataToken>
              <Name>SensorOutput IdealSensor::SenseWaypoint(UnityEngine.Vector3)</Name>
              <FileRef uid="19" />
              <SequencePoints>
                <SequencePoint vc="1" uspid="3651" ordinal="0" offset="0" sl="8" sc="72" el="8" ec="72" bec="0" bev="0" fileid="19" />
                <SequencePoint vc="1" uspid="3652" ordinal="0" offset="1" sl="9" sc="5" el="9" ec="5" bec="0" bev="0" fileid="19" />
                <SequencePoint vc="1" uspid="3653" ordinal="0" offset="9" sl="11" sc="5" el="11" ec="5" bec="0" bev="0" fileid="19" />
                <SequencePoint vc="1" uspid="3654" ordinal="0" offset="27" sl="12" sc="5" el="12" ec="5" bec="0" bev="0" fileid="19" />
                <SequencePoint vc="1" uspid="3655" ordinal="0" offset="49" sl="15" sc="5" el="15" ec="5" bec="0" bev="0" fileid="19" />
                <SequencePoint vc="1" uspid="3656" ordinal="0" offset="57" sl="16" sc="5" el="16" ec="5" bec="0" bev="0" fileid="19" />
                <SequencePoint vc="1" uspid="3657" ordinal="0" offset="65" sl="19" sc="5" el="19" ec="5" bec="0" bev="0" fileid="19" />
                <SequencePoint vc="1" uspid="3658" ordinal="0" offset="75" sl="20" sc="5" el="20" ec="5" bec="0" bev="0" fileid="19" />
                <SequencePoint vc="1" uspid="3659" ordinal="0" offset="84" sl="22" sc="5" el="22" ec="5" bec="0" bev="0" fileid="19" />
                <SequencePoint vc="1" uspid="3660" ordinal="0" offset="89" sl="23" sc="3" el="23" ec="3" bec="0" bev="0" fileid="19" />
              </SequencePoints>
              <BranchPoints />
            </Method>
          </Methods>
        </Class>
        <Class>
          <Summary numSequencePoints="22" visitedSequencePoints="19" numBranchPoints="0" visitedBranchPoints="0" sequenceCoverage="86.36" branchCoverage="0.0" maxCyclomaticComplexity="2" minCyclomaticComplexity="1" maxCrapScore="2.04" minCrapScore="1" visitedClasses="1" numClasses="1" visitedMethods="2" numMethods="2" />
          <FullName>Sensor</FullName>
          <Methods>
            <Method visited="true" cyclomaticComplexity="1" nPathComplexity="0" sequenceCoverage="100.0" branchCoverage="0" crapScore="1" isConstructor="false" isStatic="false" isGetter="false" isSetter="false">
              <Summary numSequencePoints="8" visitedSequencePoints="8" numBranchPoints="0" visitedBranchPoints="0" sequenceCoverage="100.0" branchCoverage="0" maxCyclomaticComplexity="1" minCyclomaticComplexity="1" maxCrapScore="1" minCrapScore="1" visitedClasses="0" numClasses="0" visitedMethods="1" numMethods="1" />
              <MetadataToken>100663486</MetadataToken>
              <Name>PositionOutput Sensor::ComputePositionSensorOutput(UnityEngine.Vector3)</Name>
              <FileRef uid="20" />
              <SequencePoints>
                <SequencePoint vc="1" uspid="3681" ordinal="0" offset="0" sl="41" sc="90" el="41" ec="90" bec="0" bev="0" fileid="20" />
                <SequencePoint vc="1" uspid="3682" ordinal="0" offset="1" sl="42" sc="5" el="42" ec="5" bec="0" bev="0" fileid="20" />
                <SequencePoint vc="1" uspid="3683" ordinal="0" offset="9" sl="45" sc="5" el="45" ec="5" bec="0" bev="0" fileid="20" />
                <SequencePoint vc="1" uspid="3684" ordinal="0" offset="23" sl="48" sc="5" el="48" ec="5" bec="0" bev="0" fileid="20" />
                <SequencePoint vc="1" uspid="3685" ordinal="0" offset="58" sl="52" sc="5" el="52" ec="5" bec="0" bev="0" fileid="20" />
                <SequencePoint vc="1" uspid="3686" ordinal="0" offset="76" sl="53" sc="5" el="53" ec="5" bec="0" bev="0" fileid="20" />
                <SequencePoint vc="1" uspid="3687" ordinal="0" offset="101" sl="56" sc="5" el="56" ec="5" bec="0" bev="0" fileid="20" />
                <SequencePoint vc="1" uspid="3688" ordinal="0" offset="105" sl="57" sc="3" el="57" ec="3" bec="0" bev="0" fileid="20" />
              </SequencePoints>
              <BranchPoints />
            </Method>
            <Method visited="true" cyclomaticComplexity="2" nPathComplexity="0" sequenceCoverage="78.57" branchCoverage="0" crapScore="2.04" isConstructor="false" isStatic="false" isGetter="false" isSetter="false">
              <Summary numSequencePoints="14" visitedSequencePoints="11" numBranchPoints="0" visitedBranchPoints="0" sequenceCoverage="78.57" branchCoverage="0" maxCyclomaticComplexity="2" minCyclomaticComplexity="2" maxCrapScore="2.04" minCrapScore="2.04" visitedClasses="0" numClasses="0" visitedMethods="1" numMethods="1" />
              <MetadataToken>100663488</MetadataToken>
              <Name>VelocityOutput Sensor::ComputeVelocitySensorOutput(UnityEngine.Vector3, UnityEngine.Vector3)</Name>
              <FileRef uid="20" />
              <SequencePoints>
                <SequencePoint vc="1" uspid="3689" ordinal="0" offset="0" sl="77" sc="59" el="77" ec="59" bec="0" bev="0" fileid="20" />
                <SequencePoint vc="1" uspid="3690" ordinal="0" offset="1" sl="78" sc="5" el="78" ec="5" bec="0" bev="0" fileid="20" />
                <SequencePoint vc="1" uspid="3691" ordinal="0" offset="9" sl="81" sc="5" el="81" ec="5" bec="0" bev="0" fileid="20" />
                <SequencePoint vc="1" uspid="3692" ordinal="0" offset="29" sl="84" sc="5" el="84" ec="5" bec="0" bev="0" fileid="20" />
                <SequencePoint vc="1" uspid="3693" ordinal="0" offset="43" sl="88" sc="5" el="88" ec="5" bec="0" bev="0" fileid="20" />
                <SequencePoint vc="1" uspid="3694" ordinal="0" offset="61" sl="89" sc="5" el="89" ec="5" bec="0" bev="0" fileid="20" />
                <SequencePoint vc="1" uspid="3695" ordinal="0" offset="93" sl="93" sc="5" el="93" ec="5" bec="0" bev="0" fileid="20" />
                <SequencePoint vc="1" uspid="3696" ordinal="0" offset="111" sl="94" sc="5" el="94" ec="5" bec="0" bev="0" fileid="20" />
                <SequencePoint vc="1" uspid="3697" ordinal="0" offset="133" sl="95" sc="5" el="95" ec="5" bec="0" bev="0" fileid="20" />
                <SequencePoint vc="0" uspid="3698" ordinal="0" offset="163" sl="95" sc="58" el="95" ec="58" bec="0" bev="0" fileid="20" />
                <SequencePoint vc="0" uspid="3699" ordinal="0" offset="164" sl="96" sc="7" el="96" ec="7" bec="0" bev="0" fileid="20" />
                <SequencePoint vc="0" uspid="3700" ordinal="0" offset="180" sl="97" sc="5" el="97" ec="5" bec="0" bev="0" fileid="20" />
                <SequencePoint vc="1" uspid="3701" ordinal="0" offset="181" sl="99" sc="5" el="99" ec="5" bec="0" bev="0" fileid="20" />
                <SequencePoint vc="1" uspid="3702" ordinal="0" offset="186" sl="100" sc="3" el="100" ec="3" bec="0" bev="0" fileid="20" />
              </SequencePoints>
              <BranchPoints />
            </Method>
          </Methods>
        </Class>
        <Class>
          <Summary numSequencePoints="73" visitedSequencePoints="67" numBranchPoints="0" visitedBranchPoints="0" sequenceCoverage="91.78" branchCoverage="0.0" maxCyclomaticComplexity="3" minCyclomaticComplexity="1" maxCrapScore="3" minCrapScore="1" visitedClasses="1" numClasses="1" visitedMethods="8" numMethods="8" />
          <FullName>SimManager</FullName>
          <Methods>
            <Method visited="true" cyclomaticComplexity="1" nPathComplexity="0" sequenceCoverage="100.0" branchCoverage="0" crapScore="1" isConstructor="false" isStatic="true" isGetter="true" isSetter="false">
              <Summary numSequencePoints="1" visitedSequencePoints="1" numBranchPoints="0" visitedBranchPoints="0" sequenceCoverage="100.0" branchCoverage="0" maxCyclomaticComplexity="1" minCyclomaticComplexity="1" maxCrapScore="1" minCrapScore="1" visitedClasses="0" numClasses="0" visitedMethods="1" numMethods="1" />
              <MetadataToken>100663490</MetadataToken>
              <Name>static SimManager SimManager::get_Instance()</Name>
              <FileRef uid="21" />
              <SequencePoints>
                <SequencePoint vc="22" uspid="3703" ordinal="0" offset="0" sl="14" sc="39" el="14" ec="39" bec="0" bev="0" fileid="21" />
              </SequencePoints>
              <BranchPoints />
            </Method>
            <Method visited="true" cyclomaticComplexity="1" nPathComplexity="0" sequenceCoverage="100.0" branchCoverage="0" crapScore="1" isConstructor="false" isStatic="true" isGetter="false" isSetter="true">
              <Summary numSequencePoints="1" visitedSequencePoints="1" numBranchPoints="0" visitedBranchPoints="0" sequenceCoverage="100.0" branchCoverage="0" maxCyclomaticComplexity="1" minCyclomaticComplexity="1" maxCrapScore="1" minCrapScore="1" visitedClasses="0" numClasses="0" visitedMethods="1" numMethods="1" />
              <MetadataToken>100663491</MetadataToken>
              <Name>static System.Void SimManager::set_Instance(SimManager)</Name>
              <FileRef uid="21" />
              <SequencePoints>
                <SequencePoint vc="5" uspid="3704" ordinal="0" offset="0" sl="14" sc="45" el="14" ec="45" bec="0" bev="0" fileid="21" />
              </SequencePoints>
              <BranchPoints />
            </Method>
            <Method visited="true" cyclomaticComplexity="1" nPathComplexity="0" sequenceCoverage="100.0" branchCoverage="0" crapScore="1" isConstructor="false" isStatic="false" isGetter="false" isSetter="false">
              <Summary numSequencePoints="3" visitedSequencePoints="3" numBranchPoints="0" visitedBranchPoints="0" sequenceCoverage="100.0" branchCoverage="0" maxCyclomaticComplexity="1" minCyclomaticComplexity="1" maxCrapScore="1" minCrapScore="1" visitedClasses="0" numClasses="0" visitedMethods="1" numMethods="1" />
              <MetadataToken>100663500</MetadataToken>
              <Name>System.Double SimManager::GetElapsedSimulationTime()</Name>
              <FileRef uid="21" />
              <SequencePoints>
                <SequencePoint vc="11" uspid="3705" ordinal="0" offset="0" sl="48" sc="44" el="48" ec="44" bec="0" bev="0" fileid="21" />
                <SequencePoint vc="11" uspid="3706" ordinal="0" offset="1" sl="49" sc="5" el="49" ec="5" bec="0" bev="0" fileid="21" />
                <SequencePoint vc="11" uspid="3707" ordinal="0" offset="11" sl="50" sc="3" el="50" ec="3" bec="0" bev="0" fileid="21" />
              </SequencePoints>
              <BranchPoints />
            </Method>
            <Method visited="true" cyclomaticComplexity="2" nPathComplexity="0" sequenceCoverage="75.00" branchCoverage="0" crapScore="2.06" isConstructor="false" isStatic="false" isGetter="false" isSetter="false">
              <Summary numSequencePoints="8" visitedSequencePoints="6" numBranchPoints="0" visitedBranchPoints="0" sequenceCoverage="75.00" branchCoverage="0" maxCyclomaticComplexity="2" minCyclomaticComplexity="2" maxCrapScore="2.06" minCrapScore="2.06" visitedClasses="0" numClasses="0" visitedMethods="1" numMethods="1" />
              <MetadataToken>100663517</MetadataToken>
              <Name>AttackBehavior SimManager::LoadAttackBehavior(DynamicAgentConfig)</Name>
              <FileRef uid="21" />
              <SequencePoints>
                <SequencePoint vc="11" uspid="3805" ordinal="0" offset="0" sl="157" sc="72" el="157" ec="72" bec="0" bev="0" fileid="21" />
                <SequencePoint vc="11" uspid="3806" ordinal="0" offset="1" sl="158" sc="5" el="158" ec="5" bec="0" bev="0" fileid="21" />
                <SequencePoint vc="11" uspid="3807" ordinal="0" offset="8" sl="159" sc="5" el="159" ec="5" bec="0" bev="0" fileid="21" />
                <SequencePoint vc="11" uspid="3808" ordinal="0" offset="15" sl="160" sc="5" el="160" ec="5" bec="0" bev="0" fileid="21" />
                <SequencePoint vc="11" uspid="3809" ordinal="0" offset="29" sl="162" sc="9" el="162" ec="9" bec="0" bev="0" fileid="21" />
                <SequencePoint vc="0" uspid="3810" ordinal="0" offset="39" sl="164" sc="9" el="164" ec="9" bec="0" bev="0" fileid="21" />
                <SequencePoint vc="0" uspid="3811" ordinal="0" offset="66" sl="165" sc="9" el="165" ec="9" bec="0" bev="0" fileid="21" />
                <SequencePoint vc="11" uspid="3812" ordinal="0" offset="71" sl="167" sc="3" el="167" ec="3" bec="0" bev="0" fileid="21" />
              </SequencePoints>
              <BranchPoints />
            </Method>
            <Method visited="true" cyclomaticComplexity="3" nPathComplexity="0" sequenceCoverage="100.0" branchCoverage="0" crapScore="3" isConstructor="false" isStatic="false" isGetter="false" isSetter="false">
              <Summary numSequencePoints="15" visitedSequencePoints="15" numBranchPoints="0" visitedBranchPoints="0" sequenceCoverage="100.0" branchCoverage="0" maxCyclomaticComplexity="3" minCyclomaticComplexity="3" maxCrapScore="3" minCrapScore="3" visitedClasses="0" numClasses="0" visitedMethods="1" numMethods="1" />
              <MetadataToken>100663518</MetadataToken>
              <Name>Agent SimManager::CreateDummyThreat(UnityEngine.Vector3, UnityEngine.Vector3)</Name>
              <FileRef uid="21" />
              <SequencePoints>
                <SequencePoint vc="11" uspid="3813" ordinal="0" offset="0" sl="169" sc="70" el="169" ec="70" bec="0" bev="0" fileid="21" />
                <SequencePoint vc="11" uspid="3814" ordinal="0" offset="1" sl="170" sc="5" el="170" ec="5" bec="0" bev="0" fileid="21" />
                <SequencePoint vc="6" uspid="3815" ordinal="0" offset="23" sl="170" sc="62" el="170" ec="62" bec="0" bev="0" fileid="21" />
                <SequencePoint vc="6" uspid="3816" ordinal="0" offset="24" sl="171" sc="7" el="171" ec="7" bec="0" bev="0" fileid="21" />
                <SequencePoint vc="5" uspid="3817" ordinal="0" offset="51" sl="173" sc="5" el="173" ec="5" bec="0" bev="0" fileid="21" />
                <SequencePoint vc="5" uspid="3818" ordinal="0" offset="62" sl="174" sc="5" el="174" ec="5" bec="0" bev="0" fileid="21" />
                <SequencePoint vc="5" uspid="3819" ordinal="0" offset="75" sl="175" sc="5" el="175" ec="5" bec="0" bev="0" fileid="21" />
                <SequencePoint vc="5" uspid="3820" ordinal="0" offset="92" sl="175" sc="59" el="175" ec="59" bec="0" bev="0" fileid="21" />
                <SequencePoint vc="5" uspid="3821" ordinal="0" offset="93" sl="176" sc="7" el="176" ec="7" bec="0" bev="0" fileid="21" />
                <SequencePoint vc="5" uspid="3822" ordinal="0" offset="100" sl="177" sc="5" el="177" ec="5" bec="0" bev="0" fileid="21" />
                <SequencePoint vc="5" uspid="3823" ordinal="0" offset="101" sl="178" sc="5" el="178" ec="5" bec="0" bev="0" fileid="21" />
                <SequencePoint vc="5" uspid="3824" ordinal="0" offset="108" sl="179" sc="5" el="179" ec="5" bec="0" bev="0" fileid="21" />
                <SequencePoint vc="5" uspid="3825" ordinal="0" offset="116" sl="180" sc="5" el="180" ec="5" bec="0" bev="0" fileid="21" />
                <SequencePoint vc="5" uspid="3826" ordinal="0" offset="136" sl="181" sc="5" el="181" ec="5" bec="0" bev="0" fileid="21" />
                <SequencePoint vc="11" uspid="3827" ordinal="0" offset="146" sl="182" sc="3" el="182" ec="3" bec="0" bev="0" fileid="21" />
              </SequencePoints>
              <BranchPoints />
            </Method>
            <Method visited="true" cyclomaticComplexity="3" nPathComplexity="0" sequenceCoverage="95.24" branchCoverage="0" crapScore="3.00" isConstructor="false" isStatic="false" isGetter="false" isSetter="false">
              <Summary numSequencePoints="21" visitedSequencePoints="20" numBranchPoints="0" visitedBranchPoints="0" sequenceCoverage="95.24" branchCoverage="0" maxCyclomaticComplexity="3" minCyclomaticComplexity="3" maxCrapScore="3.00" minCrapScore="3.00" visitedClasses="0" numClasses="0" visitedMethods="1" numMethods="1" />
              <MetadataToken>100663520</MetadataToken>
              <Name>Threat SimManager::CreateThreat(DynamicAgentConfig)</Name>
              <FileRef uid="21" />
              <SequencePoints>
                <SequencePoint vc="11" uspid="3852" ordinal="0" offset="0" sl="238" sc="58" el="238" ec="58" bec="0" bev="0" fileid="21" />
                <SequencePoint vc="11" uspid="3853" ordinal="0" offset="1" sl="239" sc="5" el="239" ec="5" bec="0" bev="0" fileid="21" />
                <SequencePoint vc="11" uspid="3854" ordinal="0" offset="8" sl="240" sc="5" el="240" ec="5" bec="0" bev="0" fileid="21" />
                <SequencePoint vc="11" uspid="3855" ordinal="0" offset="20" sl="241" sc="5" el="241" ec="5" bec="0" bev="0" fileid="21" />
                <SequencePoint vc="11" uspid="3856" ordinal="0" offset="27" sl="242" sc="5" el="242" ec="5" bec="0" bev="0" fileid="21" />
                <SequencePoint vc="11" uspid="3857" ordinal="0" offset="34" sl="245" sc="5" el="245" ec="5" bec="0" bev="0" fileid="21" />
                <SequencePoint vc="11" uspid="3858" ordinal="0" offset="43" sl="247" sc="5" el="247" ec="5" bec="0" bev="0" fileid="21" />
                <SequencePoint vc="0" uspid="3859" ordinal="0" offset="56" sl="248" sc="7" el="248" ec="7" bec="0" bev="0" fileid="21" />
                <SequencePoint vc="11" uspid="3860" ordinal="0" offset="64" sl="250" sc="5" el="250" ec="5" bec="0" bev="0" fileid="21" />
                <SequencePoint vc="11" uspid="3861" ordinal="0" offset="72" sl="251" sc="5" el="251" ec="5" bec="0" bev="0" fileid="21" />
                <SequencePoint vc="11" uspid="3862" ordinal="0" offset="86" sl="254" sc="5" el="254" ec="5" bec="0" bev="0" fileid="21" />
                <SequencePoint vc="11" uspid="3863" ordinal="0" offset="95" sl="257" sc="5" el="257" ec="5" bec="0" bev="0" fileid="21" />
                <SequencePoint vc="11" uspid="3864" ordinal="0" offset="104" sl="258" sc="5" el="258" ec="5" bec="0" bev="0" fileid="21" />
                <SequencePoint vc="11" uspid="3865" ordinal="0" offset="114" sl="261" sc="5" el="261" ec="5" bec="0" bev="0" fileid="21" />
                <SequencePoint vc="11" uspid="3866" ordinal="0" offset="134" sl="262" sc="5" el="262" ec="5" bec="0" bev="0" fileid="21" />
                <SequencePoint vc="11" uspid="3867" ordinal="0" offset="154" sl="265" sc="5" el="265" ec="5" bec="0" bev="0" fileid="21" />
                <SequencePoint vc="11" uspid="3868" ordinal="0" offset="167" sl="266" sc="5" el="266" ec="5" bec="0" bev="0" fileid="21" />
                <SequencePoint vc="11" uspid="3869" ordinal="0" offset="197" sl="269" sc="5" el="269" ec="5" bec="0" bev="0" fileid="21" />
                <SequencePoint vc="11" uspid="3870" ordinal="0" offset="206" sl="272" sc="5" el="272" ec="5" bec="0" bev="0" fileid="21" />
                <SequencePoint vc="11" uspid="3871" ordinal="0" offset="226" sl="274" sc="5" el="274" ec="5" bec="0" bev="0" fileid="21" />
                <SequencePoint vc="11" uspid="3872" ordinal="0" offset="236" sl="275" sc="3" el="275" ec="3" bec="0" bev="0" fileid="21" />
              </SequencePoints>
              <BranchPoints />
            </Method>
            <Method visited="true" cyclomaticComplexity="2" nPathComplexity="0" sequenceCoverage="81.25" branchCoverage="0" crapScore="2.03" isConstructor="false" isStatic="false" isGetter="false" isSetter="false">
              <Summary numSequencePoints="16" visitedSequencePoints="13" numBranchPoints="0" visitedBranchPoints="0" sequenceCoverage="81.25" branchCoverage="0" maxCyclomaticComplexity="2" minCyclomaticComplexity="2" maxCrapScore="2.03" minCrapScore="2.03" visitedClasses="0" numClasses="0" visitedMethods="1" numMethods="1" />
              <MetadataToken>100663521</MetadataToken>
              <Name>UnityEngine.GameObject SimManager::CreateAgent(DynamicAgentConfig, System.String)</Name>
              <FileRef uid="21" />
              <SequencePoints>
                <SequencePoint vc="11" uspid="3873" ordinal="0" offset="0" sl="283" sc="79" el="283" ec="79" bec="0" bev="0" fileid="21" />
                <SequencePoint vc="11" uspid="3874" ordinal="0" offset="1" sl="284" sc="5" el="284" ec="5" bec="0" bev="0" fileid="21" />
                <SequencePoint vc="11" uspid="3875" ordinal="0" offset="18" sl="285" sc="5" el="285" ec="5" bec="0" bev="0" fileid="21" />
                <SequencePoint vc="0" uspid="3876" ordinal="0" offset="31" sl="285" sc="25" el="285" ec="25" bec="0" bev="0" fileid="21" />
                <SequencePoint vc="0" uspid="3877" ordinal="0" offset="32" sl="286" sc="7" el="286" ec="7" bec="0" bev="0" fileid="21" />
                <SequencePoint vc="0" uspid="3878" ordinal="0" offset="54" sl="287" sc="7" el="287" ec="7" bec="0" bev="0" fileid="21" />
                <SequencePoint vc="11" uspid="3879" ordinal="0" offset="62" sl="290" sc="5" el="290" ec="5" bec="0" bev="0" fileid="21" />
                <SequencePoint vc="11" uspid="3880" ordinal="0" offset="79" sl="291" sc="5" el="291" ec="5" bec="0" bev="0" fileid="21" />
                <SequencePoint vc="11" uspid="3881" ordinal="0" offset="97" sl="293" sc="5" el="293" ec="5" bec="0" bev="0" fileid="21" />
                <SequencePoint vc="11" uspid="3882" ordinal="0" offset="121" sl="296" sc="5" el="296" ec="5" bec="0" bev="0" fileid="21" />
                <SequencePoint vc="11" uspid="3883" ordinal="0" offset="129" sl="297" sc="5" el="297" ec="5" bec="0" bev="0" fileid="21" />
                <SequencePoint vc="11" uspid="3884" ordinal="0" offset="147" sl="298" sc="5" el="298" ec="5" bec="0" bev="0" fileid="21" />
                <SequencePoint vc="11" uspid="3885" ordinal="0" offset="167" sl="299" sc="5" el="299" ec="5" bec="0" bev="0" fileid="21" />
                <SequencePoint vc="11" uspid="3886" ordinal="0" offset="177" sl="301" sc="5" el="301" ec="5" bec="0" bev="0" fileid="21" />
                <SequencePoint vc="11" uspid="3887" ordinal="0" offset="190" sl="303" sc="5" el="303" ec="5" bec="0" bev="0" fileid="21" />
                <SequencePoint vc="11" uspid="3888" ordinal="0" offset="195" sl="304" sc="3" el="304" ec="3" bec="0" bev="0" fileid="21" />
              </SequencePoints>
              <BranchPoints />
            </Method>
            <Method visited="true" cyclomaticComplexity="1" nPathComplexity="0" sequenceCoverage="100.0" branchCoverage="0" crapScore="1" isConstructor="true" isStatic="false" isGetter="false" isSetter="false">
              <Summary numSequencePoints="8" visitedSequencePoints="8" numBranchPoints="0" visitedBranchPoints="0" sequenceCoverage="100.0" branchCoverage="0" maxCyclomaticComplexity="1" minCyclomaticComplexity="1" maxCrapScore="1" minCrapScore="1" visitedClasses="0" numClasses="0" visitedMethods="1" numMethods="1" />
              <MetadataToken>100663525</MetadataToken>
              <Name>SimManager::SimManager()</Name>
              <FileRef uid="21" />
              <SequencePoints>
                <SequencePoint vc="5" uspid="3958" ordinal="0" offset="0" sl="22" sc="3" el="22" ec="3" bec="0" bev="0" fileid="21" />
                <SequencePoint vc="5" uspid="3959" ordinal="0" offset="11" sl="24" sc="3" el="24" ec="3" bec="0" bev="0" fileid="21" />
                <SequencePoint vc="5" uspid="3960" ordinal="0" offset="22" sl="25" sc="3" el="25" ec="3" bec="0" bev="0" fileid="21" />
                <SequencePoint vc="5" uspid="3961" ordinal="0" offset="33" sl="27" sc="3" el="27" ec="3" bec="0" bev="0" fileid="21" />
                <SequencePoint vc="5" uspid="3962" ordinal="0" offset="44" sl="28" sc="3" el="28" ec="3" bec="0" bev="0" fileid="21" />
                <SequencePoint vc="5" uspid="3963" ordinal="0" offset="55" sl="30" sc="3" el="30" ec="3" bec="0" bev="0" fileid="21" />
                <SequencePoint vc="5" uspid="3964" ordinal="0" offset="66" sl="31" sc="3" el="31" ec="3" bec="0" bev="0" fileid="21" />
                <SequencePoint vc="5" uspid="3965" ordinal="0" offset="77" sl="32" sc="3" el="32" ec="3" bec="0" bev="0" fileid="21" />
              </SequencePoints>
              <BranchPoints />
            </Method>
          </Methods>
        </Class>
        <Class>
          <Summary numSequencePoints="16" visitedSequencePoints="16" numBranchPoints="0" visitedBranchPoints="0" sequenceCoverage="100.0" branchCoverage="0.0" maxCyclomaticComplexity="1" minCyclomaticComplexity="1" maxCrapScore="1" minCrapScore="1" visitedClasses="1" numClasses="1" visitedMethods="2" numMethods="2" />
          <FullName>FixedWingThreat</FullName>
          <Methods>
            <Method visited="true" cyclomaticComplexity="1" nPathComplexity="0" sequenceCoverage="100.0" branchCoverage="0" crapScore="1" isConstructor="false" isStatic="false" isGetter="false" isSetter="false">
              <Summary numSequencePoints="14" visitedSequencePoints="14" numBranchPoints="0" visitedBranchPoints="0" sequenceCoverage="100.0" branchCoverage="0" maxCyclomaticComplexity="1" minCyclomaticComplexity="1" maxCrapScore="1" minCrapScore="1" visitedClasses="0" numClasses="0" visitedMethods="1" numMethods="1" />
              <MetadataToken>100663532</MetadataToken>
              <Name>UnityEngine.Vector3 FixedWingThreat::CalculateAccelerationCommand(SensorOutput)</Name>
              <FileRef uid="22" />
              <SequencePoints>
                <SequencePoint vc="1" uspid="4003" ordinal="0" offset="0" sl="69" sc="75" el="69" ec="75" bec="0" bev="0" fileid="22" />
                <SequencePoint vc="1" uspid="4004" ordinal="0" offset="1" sl="71" sc="5" el="71" ec="5" bec="0" bev="0" fileid="22" />
                <SequencePoint vc="1" uspid="4005" ordinal="0" offset="7" sl="74" sc="5" el="74" ec="5" bec="0" bev="0" fileid="22" />
                <SequencePoint vc="1" uspid="4006" ordinal="0" offset="19" sl="75" sc="5" el="75" ec="5" bec="0" bev="0" fileid="22" />
                <SequencePoint vc="1" uspid="4007" ordinal="0" offset="31" sl="76" sc="5" el="76" ec="5" bec="0" bev="0" fileid="22" />
                <SequencePoint vc="1" uspid="4008" ordinal="0" offset="44" sl="81" sc="5" el="81" ec="5" bec="0" bev="0" fileid="22" />
                <SequencePoint vc="1" uspid="4009" ordinal="0" offset="52" sl="84" sc="5" el="84" ec="5" bec="0" bev="0" fileid="22" />
                <SequencePoint vc="1" uspid="4010" ordinal="0" offset="60" sl="85" sc="5" el="85" ec="5" bec="0" bev="0" fileid="22" />
                <SequencePoint vc="1" uspid="4011" ordinal="0" offset="68" sl="88" sc="5" el="88" ec="5" bec="0" bev="0" fileid="22" />
                <SequencePoint vc="1" uspid="4012" ordinal="0" offset="110" sl="91" sc="5" el="91" ec="5" bec="0" bev="0" fileid="22" />
                <SequencePoint vc="1" uspid="4013" ordinal="0" offset="118" sl="92" sc="5" el="92" ec="5" bec="0" bev="0" fileid="22" />
                <SequencePoint vc="1" uspid="4014" ordinal="0" offset="127" sl="95" sc="5" el="95" ec="5" bec="0" bev="0" fileid="22" />
                <SequencePoint vc="1" uspid="4015" ordinal="0" offset="134" sl="96" sc="5" el="96" ec="5" bec="0" bev="0" fileid="22" />
                <SequencePoint vc="1" uspid="4016" ordinal="0" offset="139" sl="97" sc="3" el="97" ec="3" bec="0" bev="0" fileid="22" />
              </SequencePoints>
              <BranchPoints />
            </Method>
            <Method visited="true" cyclomaticComplexity="1" nPathComplexity="0" sequenceCoverage="100.0" branchCoverage="0" crapScore="1" isConstructor="true" isStatic="false" isGetter="false" isSetter="false">
              <Summary numSequencePoints="2" visitedSequencePoints="2" numBranchPoints="0" visitedBranchPoints="0" sequenceCoverage="100.0" branchCoverage="0" maxCyclomaticComplexity="1" minCyclomaticComplexity="1" maxCrapScore="1" minCrapScore="1" visitedClasses="0" numClasses="0" visitedMethods="1" numMethods="1" />
              <MetadataToken>100663535</MetadataToken>
              <Name>FixedWingThreat::FixedWingThreat()</Name>
              <FileRef uid="22" />
              <SequencePoints>
                <SequencePoint vc="7" uspid="4042" ordinal="0" offset="0" sl="7" sc="3" el="7" ec="3" bec="0" bev="0" fileid="22" />
                <SequencePoint vc="7" uspid="4043" ordinal="0" offset="11" sl="11" sc="3" el="11" ec="3" bec="0" bev="0" fileid="22" />
              </SequencePoints>
              <BranchPoints />
            </Method>
          </Methods>
        </Class>
        <Class>
          <Summary numSequencePoints="11" visitedSequencePoints="11" numBranchPoints="0" visitedBranchPoints="0" sequenceCoverage="100.0" branchCoverage="0.0" maxCyclomaticComplexity="1" minCyclomaticComplexity="1" maxCrapScore="1" minCrapScore="1" visitedClasses="1" numClasses="1" visitedMethods="1" numMethods="1" />
          <FullName>RotaryWingThreat</FullName>
          <Methods>
            <Method visited="true" cyclomaticComplexity="1" nPathComplexity="0" sequenceCoverage="100.0" branchCoverage="0" crapScore="1" isConstructor="false" isStatic="false" isGetter="false" isSetter="false">
              <Summary numSequencePoints="11" visitedSequencePoints="11" numBranchPoints="0" visitedBranchPoints="0" sequenceCoverage="100.0" branchCoverage="0" maxCyclomaticComplexity="1" minCyclomaticComplexity="1" maxCrapScore="1" minCrapScore="1" visitedClasses="0" numClasses="0" visitedMethods="1" numMethods="1" />
              <MetadataToken>100663542</MetadataToken>
              <Name>UnityEngine.Vector3 RotaryWingThreat::CalculateAccelerationToWaypoint()</Name>
              <FileRef uid="23" />
              <SequencePoints>
                <SequencePoint vc="2" uspid="4065" ordinal="0" offset="0" sl="37" sc="53" el="37" ec="53" bec="0" bev="0" fileid="23" />
                <SequencePoint vc="2" uspid="4066" ordinal="0" offset="1" sl="38" sc="5" el="38" ec="5" bec="0" bev="0" fileid="23" />
                <SequencePoint vc="2" uspid="4067" ordinal="0" offset="24" sl="39" sc="5" el="39" ec="5" bec="0" bev="0" fileid="23" />
                <SequencePoint vc="2" uspid="4068" ordinal="0" offset="31" sl="42" sc="5" el="42" ec="5" bec="0" bev="0" fileid="23" />
                <SequencePoint vc="2" uspid="4069" ordinal="0" offset="44" sl="43" sc="5" el="43" ec="5" bec="0" bev="0" fileid="23" />
                <SequencePoint vc="2" uspid="4070" ordinal="0" offset="58" sl="46" sc="5" el="46" ec="5" bec="0" bev="0" fileid="23" />
[...]
                <SequencePoint vc="5" uspid="4929" ordinal="0" offset="94" sl="133" sc="9" el="133" ec="9" bec="0" bev="0" fileid="41" />
                <SequencePoint vc="5" uspid="4930" ordinal="0" offset="95" sl="134" sc="13" el="134" ec="13" bec="0" bev="0" fileid="41" />
                <SequencePoint vc="5" uspid="4931" ordinal="0" offset="112" sl="135" sc="9" el="135" ec="9" bec="0" bev="0" fileid="41" />
                <SequencePoint vc="5" uspid="4932" ordinal="0" offset="113" sl="136" sc="5" el="136" ec="5" bec="0" bev="0" fileid="41" />
              </SequencePoints>
              <BranchPoints />
            </Method>
            <Method visited="true" cyclomaticComplexity="1" nPathComplexity="0" sequenceCoverage="92.11" branchCoverage="0" crapScore="1.00" isConstructor="false" isStatic="false" isGetter="false" isSetter="false">
              <Summary numSequencePoints="38" visitedSequencePoints="35" numBranchPoints="0" visitedBranchPoints="0" sequenceCoverage="92.11" branchCoverage="0" maxCyclomaticComplexity="1" minCyclomaticComplexity="1" maxCrapScore="1.00" minCrapScore="1.00" visitedClasses="0" numClasses="0" visitedMethods="1" numMethods="1" />
              <MetadataToken>100663318</MetadataToken>
              <Name>System.Void ThreatTests::TestDirectAttack_LoadedCorrectly()</Name>
              <FileRef uid="41" />
              <SequencePoints>
                <SequencePoint vc="1" uspid="4933" ordinal="0" offset="0" sl="140" sc="5" el="140" ec="5" bec="0" bev="0" fileid="41" />
                <SequencePoint vc="1" uspid="4934" ordinal="0" offset="1" sl="143" sc="9" el="143" ec="9" bec="0" bev="0" fileid="41" />
                <SequencePoint vc="1" uspid="4935" ordinal="0" offset="2" sl="145" sc="13" el="145" ec="13" bec="0" bev="0" fileid="41" />
                <SequencePoint vc="1" uspid="4936" ordinal="0" offset="63" sl="154" sc="13" el="154" ec="13" bec="0" bev="0" fileid="41" />
                <SequencePoint vc="1" uspid="4937" ordinal="0" offset="71" sl="157" sc="13" el="157" ec="13" bec="0" bev="0" fileid="41" />
                <SequencePoint vc="1" uspid="4938" ordinal="0" offset="88" sl="159" sc="13" el="159" ec="13" bec="0" bev="0" fileid="41" />
                <SequencePoint vc="1" uspid="4939" ordinal="0" offset="101" sl="160" sc="13" el="160" ec="13" bec="0" bev="0" fileid="41" />
                <SequencePoint vc="1" uspid="4940" ordinal="0" offset="118" sl="161" sc="13" el="161" ec="13" bec="0" bev="0" fileid="41" />
                <SequencePoint vc="1" uspid="4941" ordinal="0" offset="135" sl="162" sc="13" el="162" ec="13" bec="0" bev="0" fileid="41" />
                <SequencePoint vc="1" uspid="4942" ordinal="0" offset="158" sl="164" sc="13" el="164" ec="13" bec="0" bev="0" fileid="41" />
                <SequencePoint vc="1" uspid="4943" ordinal="0" offset="183" sl="165" sc="13" el="165" ec="13" bec="0" bev="0" fileid="41" />
                <SequencePoint vc="1" uspid="4944" ordinal="0" offset="190" sl="167" sc="13" el="167" ec="13" bec="0" bev="0" fileid="41" />
                <SequencePoint vc="1" uspid="4945" ordinal="0" offset="198" sl="168" sc="13" el="168" ec="13" bec="0" bev="0" fileid="41" />
                <SequencePoint vc="1" uspid="4946" ordinal="0" offset="236" sl="170" sc="13" el="170" ec="13" bec="0" bev="0" fileid="41" />
                <SequencePoint vc="1" uspid="4947" ordinal="0" offset="244" sl="171" sc="13" el="171" ec="13" bec="0" bev="0" fileid="41" />
                <SequencePoint vc="1" uspid="4948" ordinal="0" offset="262" sl="172" sc="13" el="172" ec="13" bec="0" bev="0" fileid="41" />
                <SequencePoint vc="1" uspid="4949" ordinal="0" offset="280" sl="175" sc="13" el="175" ec="13" bec="0" bev="0" fileid="41" />
                <SequencePoint vc="1" uspid="4950" ordinal="0" offset="289" sl="176" sc="13" el="176" ec="13" bec="0" bev="0" fileid="41" />
                <SequencePoint vc="1" uspid="4951" ordinal="0" offset="307" sl="177" sc="13" el="177" ec="13" bec="0" bev="0" fileid="41" />
                <SequencePoint vc="1" uspid="4952" ordinal="0" offset="341" sl="179" sc="13" el="179" ec="13" bec="0" bev="0" fileid="41" />
                <SequencePoint vc="1" uspid="4953" ordinal="0" offset="375" sl="180" sc="13" el="180" ec="13" bec="0" bev="0" fileid="41" />
                <SequencePoint vc="1" uspid="4954" ordinal="0" offset="409" sl="181" sc="13" el="181" ec="13" bec="0" bev="0" fileid="41" />
                <SequencePoint vc="1" uspid="4955" ordinal="0" offset="439" sl="183" sc="13" el="183" ec="13" bec="0" bev="0" fileid="41" />
                <SequencePoint vc="1" uspid="4956" ordinal="0" offset="473" sl="184" sc="13" el="184" ec="13" bec="0" bev="0" fileid="41" />
                <SequencePoint vc="1" uspid="4957" ordinal="0" offset="507" sl="185" sc="13" el="185" ec="13" bec="0" bev="0" fileid="41" />
                <SequencePoint vc="1" uspid="4958" ordinal="0" offset="537" sl="188" sc="13" el="188" ec="13" bec="0" bev="0" fileid="41" />
                <SequencePoint vc="1" uspid="4959" ordinal="0" offset="545" sl="189" sc="13" el="189" ec="13" bec="0" bev="0" fileid="41" />
                <SequencePoint vc="1" uspid="4960" ordinal="0" offset="593" sl="192" sc="13" el="192" ec="13" bec="0" bev="0" fileid="41" />
                <SequencePoint vc="1" uspid="4961" ordinal="0" offset="601" sl="193" sc="13" el="193" ec="13" bec="0" bev="0" fileid="41" />
                <SequencePoint vc="1" uspid="4962" ordinal="0" offset="649" sl="196" sc="13" el="196" ec="13" bec="0" bev="0" fileid="41" />
                <SequencePoint vc="1" uspid="4963" ordinal="0" offset="691" sl="197" sc="13" el="197" ec="13" bec="0" bev="0" fileid="41" />
                <SequencePoint vc="1" uspid="4964" ordinal="0" offset="733" sl="198" sc="13" el="198" ec="13" bec="0" bev="0" fileid="41" />
                <SequencePoint vc="1" uspid="4965" ordinal="0" offset="775" sl="201" sc="13" el="201" ec="13" bec="0" bev="0" fileid="41" />
                <SequencePoint vc="1" uspid="4966" ordinal="0" offset="792" sl="202" sc="9" el="202" ec="9" bec="0" bev="0" fileid="41" />
                <SequencePoint vc="0" uspid="4967" ordinal="0" offset="795" sl="203" sc="9" el="203" ec="9" bec="0" bev="0" fileid="41" />
                <SequencePoint vc="0" uspid="4968" ordinal="0" offset="797" sl="204" sc="9" el="204" ec="9" bec="0" bev="0" fileid="41" />
                <SequencePoint vc="0" uspid="4969" ordinal="0" offset="798" sl="205" sc="13" el="205" ec="13" bec="0" bev="0" fileid="41" />
                <SequencePoint vc="1" uspid="4970" ordinal="0" offset="821" sl="210" sc="5" el="210" ec="5" bec="0" bev="0" fileid="41" />
              </SequencePoints>
              <BranchPoints />
            </Method>
            <Method visited="true" cyclomaticComplexity="1" nPathComplexity="0" sequenceCoverage="100.0" branchCoverage="0" crapScore="1" isConstructor="false" isStatic="false" isGetter="false" isSetter="false">
              <Summary numSequencePoints="4" visitedSequencePoints="4" numBranchPoints="0" visitedBranchPoints="0" sequenceCoverage="100.0" branchCoverage="0" maxCyclomaticComplexity="1" minCyclomaticComplexity="1" maxCrapScore="1" minCrapScore="1" visitedClasses="0" numClasses="0" visitedMethods="1" numMethods="1" />
              <MetadataToken>100663319</MetadataToken>
              <Name>System.Void ThreatTests::Threat_IsNotAssignable()</Name>
              <FileRef uid="41" />
              <SequencePoints>
                <SequencePoint vc="1" uspid="4971" ordinal="0" offset="0" sl="214" sc="5" el="214" ec="5" bec="0" bev="0" fileid="41" />
                <SequencePoint vc="1" uspid="4972" ordinal="0" offset="1" sl="215" sc="9" el="215" ec="9" bec="0" bev="0" fileid="41" />
                <SequencePoint vc="1" uspid="4973" ordinal="0" offset="18" sl="216" sc="9" el="216" ec="9" bec="0" bev="0" fileid="41" />
                <SequencePoint vc="1" uspid="4974" ordinal="0" offset="35" sl="217" sc="5" el="217" ec="5" bec="0" bev="0" fileid="41" />
              </SequencePoints>
              <BranchPoints />
            </Method>
            <Method visited="true" cyclomaticComplexity="1" nPathComplexity="0" sequenceCoverage="100.0" branchCoverage="0" crapScore="1" isConstructor="false" isStatic="false" isGetter="false" isSetter="false">
              <Summary numSequencePoints="7" visitedSequencePoints="7" numBranchPoints="0" visitedBranchPoints="0" sequenceCoverage="100.0" branchCoverage="0" maxCyclomaticComplexity="1" minCyclomaticComplexity="1" maxCrapScore="1" minCrapScore="1" visitedClasses="0" numClasses="0" visitedMethods="1" numMethods="1" />
              <MetadataToken>100663320</MetadataToken>
              <Name>System.Void ThreatTests::FixedWingThreat_CalculateAccelerationCommand_RespectsMaxAcceleration()</Name>
              <FileRef uid="41" />
              <SequencePoints>
                <SequencePoint vc="1" uspid="4975" ordinal="0" offset="0" sl="221" sc="5" el="221" ec="5" bec="0" bev="0" fileid="41" />
                <SequencePoint vc="1" uspid="4976" ordinal="0" offset="1" sl="222" sc="9" el="222" ec="9" bec="0" bev="0" fileid="41" />
                <SequencePoint vc="1" uspid="4977" ordinal="0" offset="34" sl="223" sc="9" el="223" ec="9" bec="0" bev="0" fileid="41" />
                <SequencePoint vc="1" uspid="4978" ordinal="0" offset="66" sl="224" sc="9" el="224" ec="9" bec="0" bev="0" fileid="41" />
                <SequencePoint vc="1" uspid="4979" ordinal="0" offset="99" sl="225" sc="9" el="225" ec="9" bec="0" bev="0" fileid="41" />
                <SequencePoint vc="1" uspid="4980" ordinal="0" offset="122" sl="226" sc="9" el="226" ec="9" bec="0" bev="0" fileid="41" />
                <SequencePoint vc="1" uspid="4981" ordinal="0" offset="136" sl="227" sc="5" el="227" ec="5" bec="0" bev="0" fileid="41" />
              </SequencePoints>
              <BranchPoints />
            </Method>
            <Method visited="true" cyclomaticComplexity="1" nPathComplexity="0" sequenceCoverage="100.0" branchCoverage="0" crapScore="1" isConstructor="false" isStatic="false" isGetter="false" isSetter="false">
              <Summary numSequencePoints="6" visitedSequencePoints="6" numBranchPoints="0" visitedBranchPoints="0" sequenceCoverage="100.0" branchCoverage="0" maxCyclomaticComplexity="1" minCyclomaticComplexity="1" maxCrapScore="1" minCrapScore="1" visitedClasses="0" numClasses="0" visitedMethods="1" numMethods="1" />
              <MetadataToken>100663321</MetadataToken>
              <Name>System.Void ThreatTests::RotaryWingThreat_CalculateAccelerationToWaypoint_RespectsMaxAcceleration()</Name>
              <FileRef uid="41" />
              <SequencePoints>
                <SequencePoint vc="1" uspid="4982" ordinal="0" offset="0" sl="231" sc="5" el="231" ec="5" bec="0" bev="0" fileid="41" />
                <SequencePoint vc="1" uspid="4983" ordinal="0" offset="1" sl="232" sc="9" el="232" ec="9" bec="0" bev="0" fileid="41" />
                <SequencePoint vc="1" uspid="4984" ordinal="0" offset="34" sl="233" sc="9" el="233" ec="9" bec="0" bev="0" fileid="41" />
                <SequencePoint vc="1" uspid="4985" ordinal="0" offset="57" sl="234" sc="9" el="234" ec="9" bec="0" bev="0" fileid="41" />
                <SequencePoint vc="1" uspid="4986" ordinal="0" offset="80" sl="235" sc="9" el="235" ec="9" bec="0" bev="0" fileid="41" />
                <SequencePoint vc="1" uspid="4987" ordinal="0" offset="94" sl="236" sc="5" el="236" ec="5" bec="0" bev="0" fileid="41" />
              </SequencePoints>
              <BranchPoints />
            </Method>
            <Method visited="true" cyclomaticComplexity="1" nPathComplexity="0" sequenceCoverage="100.0" branchCoverage="0" crapScore="1" isConstructor="false" isStatic="false" isGetter="false" isSetter="false">
              <Summary numSequencePoints="21" visitedSequencePoints="21" numBranchPoints="0" visitedBranchPoints="0" sequenceCoverage="100.0" branchCoverage="0" maxCyclomaticComplexity="1" minCyclomaticComplexity="1" maxCrapScore="1" minCrapScore="1" visitedClasses="0" numClasses="0" visitedMethods="1" numMethods="1" />
              <MetadataToken>100663322</MetadataToken>
              <Name>System.Void ThreatTests::RotaryWingThreat_CalculateAccelerationToWaypoint_ComputesCorrectly()</Name>
              <FileRef uid="41" />
              <SequencePoints>
                <SequencePoint vc="1" uspid="4988" ordinal="0" offset="0" sl="259" sc="5" el="259" ec="5" bec="0" bev="0" fileid="41" />
                <SequencePoint vc="1" uspid="4989" ordinal="0" offset="1" sl="261" sc="9" el="261" ec="9" bec="0" bev="0" fileid="41" />
                <SequencePoint vc="1" uspid="4990" ordinal="0" offset="23" sl="262" sc="9" el="262" ec="9" bec="0" bev="0" fileid="41" />
                <SequencePoint vc="1" uspid="4991" ordinal="0" offset="45" sl="263" sc="9" el="263" ec="9" bec="0" bev="0" fileid="41" />
                <SequencePoint vc="1" uspid="4992" ordinal="0" offset="67" sl="264" sc="9" el="264" ec="9" bec="0" bev="0" fileid="41" />
                <SequencePoint vc="1" uspid="4993" ordinal="0" offset="73" sl="266" sc="9" el="266" ec="9" bec="0" bev="0" fileid="41" />
                <SequencePoint vc="1" uspid="4994" ordinal="0" offset="91" sl="267" sc="9" el="267" ec="9" bec="0" bev="0" fileid="41" />
                <SequencePoint vc="1" uspid="4995" ordinal="0" offset="110" sl="268" sc="9" el="268" ec="9" bec="0" bev="0" fileid="41" />
                <SequencePoint vc="1" uspid="4996" ordinal="0" offset="124" sl="269" sc="9" el="269" ec="9" bec="0" bev="0" fileid="41" />
                <SequencePoint vc="1" uspid="4997" ordinal="0" offset="143" sl="273" sc="9" el="273" ec="9" bec="0" bev="0" fileid="41" />
                <SequencePoint vc="1" uspid="4998" ordinal="0" offset="177" sl="274" sc="9" el="274" ec="9" bec="0" bev="0" fileid="41" />
                <SequencePoint vc="1" uspid="4999" ordinal="0" offset="196" sl="277" sc="9" el="277" ec="9" bec="0" bev="0" fileid="41" />
                <SequencePoint vc="1" uspid="5000" ordinal="0" offset="220" sl="280" sc="9" el="280" ec="9" bec="0" bev="0" fileid="41" />
                <SequencePoint vc="1" uspid="5001" ordinal="0" offset="229" sl="281" sc="9" el="281" ec="9" bec="0" bev="0" fileid="41" />
                <SequencePoint vc="1" uspid="5002" ordinal="0" offset="238" sl="282" sc="9" el="282" ec="9" bec="0" bev="0" fileid="41" />
                <SequencePoint vc="1" uspid="5003" ordinal="0" offset="248" sl="284" sc="9" el="284" ec="9" bec="0" bev="0" fileid="41" />
                <SequencePoint vc="1" uspid="5004" ordinal="0" offset="272" sl="285" sc="9" el="285" ec="9" bec="0" bev="0" fileid="41" />
                <SequencePoint vc="1" uspid="5005" ordinal="0" offset="283" sl="287" sc="9" el="287" ec="9" bec="0" bev="0" fileid="41" />
                <SequencePoint vc="1" uspid="5006" ordinal="0" offset="294" sl="289" sc="9" el="289" ec="9" bec="0" bev="0" fileid="41" />
                <SequencePoint vc="1" uspid="5007" ordinal="0" offset="335" sl="290" sc="9" el="290" ec="9" bec="0" bev="0" fileid="41" />
                <SequencePoint vc="1" uspid="5008" ordinal="0" offset="375" sl="291" sc="5" el="291" ec="5" bec="0" bev="0" fileid="41" />
              </SequencePoints>
              <BranchPoints />
            </Method>
          </Methods>
        </Class>
        <Class>
          <Summary numSequencePoints="4" visitedSequencePoints="3" numBranchPoints="0" visitedBranchPoints="0" sequenceCoverage="75.00" branchCoverage="0.0" maxCyclomaticComplexity="3" minCyclomaticComplexity="3" maxCrapScore="3.14" minCrapScore="3.14" visitedClasses="1" numClasses="1" visitedMethods="1" numMethods="1" />
          <FullName>SanityTest/&lt;SanityTestWithEnumeratorPasses&gt;d__1</FullName>
          <Methods>
            <Method visited="true" cyclomaticComplexity="3" nPathComplexity="0" sequenceCoverage="75.00" branchCoverage="0" crapScore="3.14" isConstructor="false" isStatic="false" isGetter="false" isSetter="false">
              <Summary numSequencePoints="4" visitedSequencePoints="3" numBranchPoints="0" visitedBranchPoints="0" sequenceCoverage="75.00" branchCoverage="0" maxCyclomaticComplexity="3" minCyclomaticComplexity="3" maxCrapScore="3.14" minCrapScore="3.14" visitedClasses="0" numClasses="0" visitedMethods="1" numMethods="1" />
              <MetadataToken>100663328</MetadataToken>
              <Name>System.Boolean SanityTest/&lt;SanityTestWithEnumeratorPasses&gt;d__1::MoveNext()</Name>
              <FileRef uid="38" />
              <SequencePoints>
                <SequencePoint vc="1" uspid="5009" ordinal="0" offset="31" sl="16" sc="55" el="16" ec="55" bec="0" bev="0" fileid="38" />
                <SequencePoint vc="1" uspid="5010" ordinal="0" offset="32" sl="19" sc="5" el="19" ec="5" bec="0" bev="0" fileid="38" />
                <SequencePoint vc="1" uspid="5011" ordinal="0" offset="55" sl="20" sc="5" el="20" ec="5" bec="0" bev="0" fileid="38" />
                <SequencePoint vc="0" uspid="5012" ordinal="0" offset="66" sl="21" sc="3" el="21" ec="3" bec="0" bev="0" fileid="38" />
              </SequencePoints>
              <BranchPoints />
            </Method>
          </Methods>
        </Class>
        <Class>
          <Summary numSequencePoints="2" visitedSequencePoints="2" numBranchPoints="0" visitedBranchPoints="0" sequenceCoverage="100.0" branchCoverage="0.0" maxCyclomaticComplexity="1" minCyclomaticComplexity="1" maxCrapScore="1" minCrapScore="1" visitedClasses="1" numClasses="1" visitedMethods="2" numMethods="2" />
          <FullName>ThreatAssignmentTests/&lt;&gt;c</FullName>
          <Methods>
            <Method visited="true" cyclomaticComplexity="1" nPathComplexity="0" sequenceCoverage="100.0" branchCoverage="0" crapScore="1" isConstructor="false" isStatic="false" isGetter="false" isSetter="false">
              <Summary numSequencePoints="1" visitedSequencePoints="1" numBranchPoints="0" visitedBranchPoints="0" sequenceCoverage="100.0" branchCoverage="0" maxCyclomaticComplexity="1" minCyclomaticComplexity="1" maxCrapScore="1" minCrapScore="1" visitedClasses="0" numClasses="0" visitedMethods="1" numMethods="1" />
              <MetadataToken>100663334</MetadataToken>
              <Name>System.Single ThreatAssignmentTests/&lt;&gt;c::&lt;Assign_Should_Assign_All_Interceptors_And_Threats&gt;b__0_0(IAssignment/AssignmentItem)</Name>
              <FileRef uid="40" />
              <SequencePoints>
                <SequencePoint vc="3" uspid="5013" ordinal="0" offset="0" sl="68" sc="37" el="68" ec="37" bec="0" bev="0" fileid="40" />
              </SequencePoints>
              <BranchPoints />
            </Method>
            <Method visited="true" cyclomaticComplexity="1" nPathComplexity="0" sequenceCoverage="100.0" branchCoverage="0" crapScore="1" isConstructor="false" isStatic="false" isGetter="false" isSetter="false">
              <Summary numSequencePoints="1" visitedSequencePoints="1" numBranchPoints="0" visitedBranchPoints="0" sequenceCoverage="100.0" branchCoverage="0" maxCyclomaticComplexity="1" minCyclomaticComplexity="1" maxCrapScore="1" minCrapScore="1" visitedClasses="0" numClasses="0" visitedMethods="1" numMethods="1" />
              <MetadataToken>100663335</MetadataToken>
              <Name>System.Single ThreatAssignmentTests/&lt;&gt;c::&lt;Assign_Should_Handle_More_Interceptors_Than_Threats&gt;b__1_0(IAssignment/AssignmentItem)</Name>
              <FileRef uid="40" />
              <SequencePoints>
                <SequencePoint vc="2" uspid="5014" ordinal="0" offset="0" sl="133" sc="37" el="133" ec="37" bec="0" bev="0" fileid="40" />
              </SequencePoints>
              <BranchPoints />
            </Method>
          </Methods>
        </Class>
      </Classes>
    </Module>
  </Modules>
</CoverageSession>