<?xml version="1.0" encoding="utf-8"?>
<CoverageSession xmlns:xsd="http://www.w3.org/2001/XMLSchema" xmlns:xsi="http://www.w3.org/2001/XMLSchema-instance" Version="0.0.0.0">
  <Summary numSequencePoints="809" visitedSequencePoints="758" numBranchPoints="0" visitedBranchPoints="0" sequenceCoverage="93.70" branchCoverage="0.0" maxCyclomaticComplexity="8" minCyclomaticComplexity="1" maxCrapScore="13.12" minCrapScore="1" visitedClasses="37" numClasses="37" visitedMethods="101" numMethods="101" />
  <Modules>
    <Module>
      <Summary numSequencePoints="492" visitedSequencePoints="450" numBranchPoints="0" visitedBranchPoints="0" sequenceCoverage="91.46" branchCoverage="0.0" maxCyclomaticComplexity="8" minCyclomaticComplexity="1" maxCrapScore="13.12" minCrapScore="1" visitedClasses="29" numClasses="29" visitedMethods="74" numMethods="74" />
      <ModuleTime>0001-01-01T00:00:00</ModuleTime>
      <ModuleName>bamlab.micromissiles</ModuleName>
      <Files>
        <File uid="1" fullPath="/github/workspace/Assets/Scripts/Agent.cs" />
        <File uid="2" fullPath="/github/workspace/Assets/Scripts/Assignment/Assignment.cs" />
        <File uid="3" fullPath="/github/workspace/Assets/Scripts/Assignment/RoundRobinAssignment.cs" />
        <File uid="4" fullPath="/github/workspace/Assets/Scripts/Assignment/ThreatAssignment.cs" />
        <File uid="5" fullPath="/github/workspace/Assets/Scripts/Behavior/AttackBehavior.cs" />
        <File uid="6" fullPath="/github/workspace/Assets/Scripts/Behavior/DirectAttackBehavior.cs" />
        <File uid="7" fullPath="/github/workspace/Assets/Scripts/Config/ConfigLoader.cs" />
        <File uid="8" fullPath="/github/workspace/Assets/Scripts/Config/SimulationConfig.cs" />
        <File uid="9" fullPath="/github/workspace/Assets/Scripts/Constants.cs" />
        <File uid="10" fullPath="/github/workspace/Assets/Scripts/Controller/ApnController.cs" />
        <File uid="11" fullPath="/github/workspace/Assets/Scripts/Controller/Controller.cs" />
        <File uid="12" fullPath="/github/workspace/Assets/Scripts/Controller/PnController.cs" />
        <File uid="13" fullPath="/github/workspace/Assets/Scripts/Controller/WaypointController.cs" />
        <File uid="14" fullPath="/github/workspace/Assets/Scripts/Editor/GenerateCone.cs" />
        <File uid="15" fullPath="/github/workspace/Assets/Scripts/IADS/IADS.cs" />
        <File uid="16" fullPath="/github/workspace/Assets/Scripts/IADS/ThreatData.cs" />
        <File uid="17" fullPath="/github/workspace/Assets/Scripts/IADS/Vessel.cs" />
        <File uid="18" fullPath="/github/workspace/Assets/Scripts/Interceptor.cs" />
        <File uid="19" fullPath="/github/workspace/Assets/Scripts/Interceptors/CarrierInterceptor.cs" />
        <File uid="20" fullPath="/github/workspace/Assets/Scripts/Managers/InputManager.cs" />
        <File uid="21" fullPath="/github/workspace/Assets/Scripts/Managers/ParticleManager.cs" />
        <File uid="22" fullPath="/github/workspace/Assets/Scripts/Monitor.cs" />
        <File uid="23" fullPath="/github/workspace/Assets/Scripts/Sensors/IdealSensor.cs" />
        <File uid="24" fullPath="/github/workspace/Assets/Scripts/Sensors/Sensor.cs" />
        <File uid="25" fullPath="/github/workspace/Assets/Scripts/SimManager.cs" />
        <File uid="26" fullPath="/github/workspace/Assets/Scripts/Threats/FixedWingThreat.cs" />
        <File uid="27" fullPath="/github/workspace/Assets/Scripts/Threats/RotaryWingThreat.cs" />
        <File uid="28" fullPath="/github/workspace/Assets/Scripts/Threats/Threat.cs" />
        <File uid="29" fullPath="/github/workspace/Assets/Scripts/UI/CameraController.cs" />
        <File uid="30" fullPath="/github/workspace/Assets/Scripts/UI/Dialogs/SwarmStatusDialog.cs" />
        <File uid="31" fullPath="/github/workspace/Assets/Scripts/UI/RectTransformExtensions.cs" />
        <File uid="32" fullPath="/github/workspace/Assets/Scripts/UI/UIBuildButton.cs" />
        <File uid="33" fullPath="/github/workspace/Assets/Scripts/UI/UIDialog.cs" />
        <File uid="34" fullPath="/github/workspace/Assets/Scripts/UI/UIElementDragger.cs" />
        <File uid="35" fullPath="/github/workspace/Assets/Scripts/UI/UIElementMouseCapturer.cs" />
        <File uid="36" fullPath="/github/workspace/Assets/Scripts/UI/UIManager.cs" />
        <File uid="37" fullPath="/github/workspace/Assets/Scripts/UI/UISelectableEntry.cs" />
        <File uid="38" fullPath="/github/workspace/Assets/Scripts/UI/Windows/UIWindow.cs" />
        <File uid="39" fullPath="/github/workspace/Assets/Scripts/UIHitMarker.cs" />
        <File uid="40" fullPath="/github/workspace/Assets/Scripts/Utilities.cs" />
        <File uid="41" fullPath="/github/workspace/Assets/Scripts/Config/StaticConfig.cs" />
      </Files>
      <Classes>
        <Class>
          <Summary numSequencePoints="125" visitedSequencePoints="119" numBranchPoints="0" visitedBranchPoints="0" sequenceCoverage="95.20" branchCoverage="0.0" maxCyclomaticComplexity="5" minCyclomaticComplexity="1" maxCrapScore="5.02" minCrapScore="1" visitedClasses="1" numClasses="1" visitedMethods="20" numMethods="20" />
          <FullName>Agent</FullName>
          <Methods>
            <Method visited="true" cyclomaticComplexity="4" nPathComplexity="0" sequenceCoverage="60.00" branchCoverage="0" crapScore="5.02" isConstructor="false" isStatic="false" isGetter="false" isSetter="false">
              <Summary numSequencePoints="15" visitedSequencePoints="9" numBranchPoints="0" visitedBranchPoints="0" sequenceCoverage="60.00" branchCoverage="0" maxCyclomaticComplexity="4" minCyclomaticComplexity="4" maxCrapScore="5.02" minCrapScore="5.02" visitedClasses="0" numClasses="0" visitedMethods="1" numMethods="1" />
              <MetadataToken>100663307</MetadataToken>
              <Name>System.Void Agent::SetFlightPhase(Agent/FlightPhase)</Name>
              <FileRef uid="1" />
              <SequencePoints>
                <SequencePoint vc="15" uspid="3948" ordinal="0" offset="0" sl="62" sc="55" el="62" ec="55" bec="0" bev="0" fileid="1" />
                <SequencePoint vc="15" uspid="3949" ordinal="0" offset="1" sl="63" sc="5" el="63" ec="5" bec="0" bev="0" fileid="1" />
                <SequencePoint vc="15" uspid="3950" ordinal="0" offset="16" sl="64" sc="5" el="64" ec="5" bec="0" bev="0" fileid="1" />
                <SequencePoint vc="15" uspid="3951" ordinal="0" offset="23" sl="65" sc="5" el="65" ec="5" bec="0" bev="0" fileid="1" />
                <SequencePoint vc="0" uspid="3952" ordinal="0" offset="37" sl="65" sc="90" el="65" ec="90" bec="0" bev="0" fileid="1" />
                <SequencePoint vc="0" uspid="3953" ordinal="0" offset="38" sl="66" sc="7" el="66" ec="7" bec="0" bev="0" fileid="1" />
                <SequencePoint vc="0" uspid="3954" ordinal="0" offset="52" sl="67" sc="5" el="67" ec="5" bec="0" bev="0" fileid="1" />
                <SequencePoint vc="15" uspid="3955" ordinal="0" offset="55" sl="67" sc="12" el="67" ec="12" bec="0" bev="0" fileid="1" />
                <SequencePoint vc="15" uspid="3956" ordinal="0" offset="56" sl="68" sc="7" el="68" ec="7" bec="0" bev="0" fileid="1" />
                <SequencePoint vc="15" uspid="3957" ordinal="0" offset="69" sl="69" sc="5" el="69" ec="5" bec="0" bev="0" fileid="1" />
                <SequencePoint vc="15" uspid="3958" ordinal="0" offset="70" sl="70" sc="5" el="70" ec="5" bec="0" bev="0" fileid="1" />
                <SequencePoint vc="0" uspid="3959" ordinal="0" offset="78" sl="70" sc="43" el="70" ec="43" bec="0" bev="0" fileid="1" />
                <SequencePoint vc="0" uspid="3960" ordinal="0" offset="79" sl="71" sc="7" el="71" ec="7" bec="0" bev="0" fileid="1" />
                <SequencePoint vc="0" uspid="3961" ordinal="0" offset="103" sl="72" sc="5" el="72" ec="5" bec="0" bev="0" fileid="1" />
                <SequencePoint vc="15" uspid="3962" ordinal="0" offset="104" sl="73" sc="3" el="73" ec="3" bec="0" bev="0" fileid="1" />
              </SequencePoints>
              <BranchPoints />
            </Method>
            <Method visited="true" cyclomaticComplexity="1" nPathComplexity="0" sequenceCoverage="100.0" branchCoverage="0" crapScore="1" isConstructor="false" isStatic="false" isGetter="false" isSetter="false">
              <Summary numSequencePoints="3" visitedSequencePoints="3" numBranchPoints="0" visitedBranchPoints="0" sequenceCoverage="100.0" branchCoverage="0" maxCyclomaticComplexity="1" minCyclomaticComplexity="1" maxCrapScore="1" minCrapScore="1" visitedClasses="0" numClasses="0" visitedMethods="1" numMethods="1" />
              <MetadataToken>100663311</MetadataToken>
              <Name>System.Void Agent::SetDynamicAgentConfig(DynamicAgentConfig)</Name>
              <FileRef uid="1" />
              <SequencePoints>
                <SequencePoint vc="15" uspid="3972" ordinal="0" offset="0" sl="87" sc="72" el="87" ec="72" bec="0" bev="0" fileid="1" />
                <SequencePoint vc="15" uspid="3973" ordinal="0" offset="1" sl="88" sc="5" el="88" ec="5" bec="0" bev="0" fileid="1" />
                <SequencePoint vc="15" uspid="3974" ordinal="0" offset="8" sl="89" sc="3" el="89" ec="3" bec="0" bev="0" fileid="1" />
              </SequencePoints>
              <BranchPoints />
            </Method>
            <Method visited="true" cyclomaticComplexity="1" nPathComplexity="0" sequenceCoverage="100.0" branchCoverage="0" crapScore="1" isConstructor="false" isStatic="false" isGetter="false" isSetter="false">
              <Summary numSequencePoints="4" visitedSequencePoints="4" numBranchPoints="0" visitedBranchPoints="0" sequenceCoverage="100.0" branchCoverage="0" maxCyclomaticComplexity="1" minCyclomaticComplexity="1" maxCrapScore="1" minCrapScore="1" visitedClasses="0" numClasses="0" visitedMethods="1" numMethods="1" />
              <MetadataToken>100663312</MetadataToken>
              <Name>System.Void Agent::SetStaticAgentConfig(StaticAgentConfig)</Name>
              <FileRef uid="1" />
              <SequencePoints>
                <SequencePoint vc="15" uspid="3975" ordinal="0" offset="0" sl="91" sc="70" el="91" ec="70" bec="0" bev="0" fileid="1" />
                <SequencePoint vc="15" uspid="3976" ordinal="0" offset="1" sl="92" sc="5" el="92" ec="5" bec="0" bev="0" fileid="1" />
                <SequencePoint vc="15" uspid="3977" ordinal="0" offset="8" sl="93" sc="5" el="93" ec="5" bec="0" bev="0" fileid="1" />
                <SequencePoint vc="15" uspid="3978" ordinal="0" offset="36" sl="94" sc="3" el="94" ec="3" bec="0" bev="0" fileid="1" />
              </SequencePoints>
              <BranchPoints />
            </Method>
            <Method visited="true" cyclomaticComplexity="1" nPathComplexity="0" sequenceCoverage="100.0" branchCoverage="0" crapScore="1" isConstructor="false" isStatic="false" isGetter="false" isSetter="false">
              <Summary numSequencePoints="3" visitedSequencePoints="3" numBranchPoints="0" visitedBranchPoints="0" sequenceCoverage="100.0" branchCoverage="0" maxCyclomaticComplexity="1" minCyclomaticComplexity="1" maxCrapScore="1" minCrapScore="1" visitedClasses="0" numClasses="0" visitedMethods="1" numMethods="1" />
              <MetadataToken>100663316</MetadataToken>
              <Name>System.Boolean Agent::HasAssignedTarget()</Name>
              <FileRef uid="1" />
              <SequencePoints>
                <SequencePoint vc="6" uspid="3990" ordinal="0" offset="0" sl="110" sc="35" el="110" ec="35" bec="0" bev="0" fileid="1" />
                <SequencePoint vc="6" uspid="3991" ordinal="0" offset="1" sl="111" sc="5" el="111" ec="5" bec="0" bev="0" fileid="1" />
                <SequencePoint vc="6" uspid="3992" ordinal="0" offset="16" sl="112" sc="3" el="112" ec="3" bec="0" bev="0" fileid="1" />
              </SequencePoints>
              <BranchPoints />
            </Method>
            <Method visited="true" cyclomaticComplexity="1" nPathComplexity="0" sequenceCoverage="100.0" branchCoverage="0" crapScore="1" isConstructor="false" isStatic="false" isGetter="false" isSetter="false">
              <Summary numSequencePoints="3" visitedSequencePoints="3" numBranchPoints="0" visitedBranchPoints="0" sequenceCoverage="100.0" branchCoverage="0" maxCyclomaticComplexity="1" minCyclomaticComplexity="1" maxCrapScore="1" minCrapScore="1" visitedClasses="0" numClasses="0" visitedMethods="1" numMethods="1" />
              <MetadataToken>100663328</MetadataToken>
              <Name>System.Void Agent::SetInitialVelocity(UnityEngine.Vector3)</Name>
              <FileRef uid="1" />
              <SequencePoints>
                <SequencePoint vc="15" uspid="4067" ordinal="0" offset="0" sl="192" sc="52" el="192" ec="52" bec="0" bev="0" fileid="1" />
                <SequencePoint vc="15" uspid="4068" ordinal="0" offset="1" sl="193" sc="5" el="193" ec="5" bec="0" bev="0" fileid="1" />
                <SequencePoint vc="15" uspid="4069" ordinal="0" offset="8" sl="194" sc="3" el="194" ec="3" bec="0" bev="0" fileid="1" />
              </SequencePoints>
              <BranchPoints />
            </Method>
            <Method visited="true" cyclomaticComplexity="1" nPathComplexity="0" sequenceCoverage="100.0" branchCoverage="0" crapScore="1" isConstructor="false" isStatic="false" isGetter="false" isSetter="false">
              <Summary numSequencePoints="3" visitedSequencePoints="3" numBranchPoints="0" visitedBranchPoints="0" sequenceCoverage="100.0" branchCoverage="0" maxCyclomaticComplexity="1" minCyclomaticComplexity="1" maxCrapScore="1" minCrapScore="1" visitedClasses="0" numClasses="0" visitedMethods="1" numMethods="1" />
              <MetadataToken>100663329</MetadataToken>
              <Name>UnityEngine.Vector3 Agent::GetPosition()</Name>
              <FileRef uid="1" />
              <SequencePoints>
                <SequencePoint vc="14" uspid="4070" ordinal="0" offset="0" sl="196" sc="32" el="196" ec="32" bec="0" bev="0" fileid="1" />
                <SequencePoint vc="14" uspid="4071" ordinal="0" offset="1" sl="197" sc="5" el="197" ec="5" bec="0" bev="0" fileid="1" />
                <SequencePoint vc="14" uspid="4072" ordinal="0" offset="15" sl="198" sc="3" el="198" ec="3" bec="0" bev="0" fileid="1" />
              </SequencePoints>
              <BranchPoints />
            </Method>
            <Method visited="true" cyclomaticComplexity="1" nPathComplexity="0" sequenceCoverage="100.0" branchCoverage="0" crapScore="1" isConstructor="false" isStatic="false" isGetter="false" isSetter="false">
              <Summary numSequencePoints="3" visitedSequencePoints="3" numBranchPoints="0" visitedBranchPoints="0" sequenceCoverage="100.0" branchCoverage="0" maxCyclomaticComplexity="1" minCyclomaticComplexity="1" maxCrapScore="1" minCrapScore="1" visitedClasses="0" numClasses="0" visitedMethods="1" numMethods="1" />
              <MetadataToken>100663330</MetadataToken>
              <Name>System.Void Agent::SetPosition(UnityEngine.Vector3)</Name>
              <FileRef uid="1" />
              <SequencePoints>
                <SequencePoint vc="4" uspid="4073" ordinal="0" offset="0" sl="200" sc="45" el="200" ec="45" bec="0" bev="0" fileid="1" />
                <SequencePoint vc="4" uspid="4074" ordinal="0" offset="1" sl="201" sc="5" el="201" ec="5" bec="0" bev="0" fileid="1" />
                <SequencePoint vc="4" uspid="4075" ordinal="0" offset="14" sl="202" sc="3" el="202" ec="3" bec="0" bev="0" fileid="1" />
              </SequencePoints>
              <BranchPoints />
            </Method>
            <Method visited="true" cyclomaticComplexity="1" nPathComplexity="0" sequenceCoverage="100.0" branchCoverage="0" crapScore="1" isConstructor="false" isStatic="false" isGetter="false" isSetter="false">
              <Summary numSequencePoints="3" visitedSequencePoints="3" numBranchPoints="0" visitedBranchPoints="0" sequenceCoverage="100.0" branchCoverage="0" maxCyclomaticComplexity="1" minCyclomaticComplexity="1" maxCrapScore="1" minCrapScore="1" visitedClasses="0" numClasses="0" visitedMethods="1" numMethods="1" />
              <MetadataToken>100663331</MetadataToken>
              <Name>System.Double Agent::GetSpeed()</Name>
              <FileRef uid="1" />
              <SequencePoints>
                <SequencePoint vc="8" uspid="4076" ordinal="0" offset="0" sl="204" sc="28" el="204" ec="28" bec="0" bev="0" fileid="1" />
                <SequencePoint vc="8" uspid="4077" ordinal="0" offset="1" sl="205" sc="5" el="205" ec="5" bec="0" bev="0" fileid="1" />
                <SequencePoint vc="8" uspid="4078" ordinal="0" offset="24" sl="206" sc="3" el="206" ec="3" bec="0" bev="0" fileid="1" />
              </SequencePoints>
              <BranchPoints />
            </Method>
            <Method visited="true" cyclomaticComplexity="1" nPathComplexity="0" sequenceCoverage="100.0" branchCoverage="0" crapScore="1" isConstructor="false" isStatic="false" isGetter="false" isSetter="false">
              <Summary numSequencePoints="3" visitedSequencePoints="3" numBranchPoints="0" visitedBranchPoints="0" sequenceCoverage="100.0" branchCoverage="0" maxCyclomaticComplexity="1" minCyclomaticComplexity="1" maxCrapScore="1" minCrapScore="1" visitedClasses="0" numClasses="0" visitedMethods="1" numMethods="1" />
              <MetadataToken>100663332</MetadataToken>
              <Name>UnityEngine.Vector3 Agent::GetVelocity()</Name>
              <FileRef uid="1" />
              <SequencePoints>
                <SequencePoint vc="34" uspid="4079" ordinal="0" offset="0" sl="208" sc="32" el="208" ec="32" bec="0" bev="0" fileid="1" />
                <SequencePoint vc="34" uspid="4080" ordinal="0" offset="1" sl="209" sc="5" el="209" ec="5" bec="0" bev="0" fileid="1" />
                <SequencePoint vc="34" uspid="4081" ordinal="0" offset="15" sl="210" sc="3" el="210" ec="3" bec="0" bev="0" fileid="1" />
              </SequencePoints>
              <BranchPoints />
            </Method>
            <Method visited="true" cyclomaticComplexity="1" nPathComplexity="0" sequenceCoverage="100.0" branchCoverage="0" crapScore="1" isConstructor="false" isStatic="false" isGetter="false" isSetter="false">
              <Summary numSequencePoints="3" visitedSequencePoints="3" numBranchPoints="0" visitedBranchPoints="0" sequenceCoverage="100.0" branchCoverage="0" maxCyclomaticComplexity="1" minCyclomaticComplexity="1" maxCrapScore="1" minCrapScore="1" visitedClasses="0" numClasses="0" visitedMethods="1" numMethods="1" />
              <MetadataToken>100663333</MetadataToken>
              <Name>System.Void Agent::SetVelocity(UnityEngine.Vector3)</Name>
              <FileRef uid="1" />
              <SequencePoints>
                <SequencePoint vc="1" uspid="4082" ordinal="0" offset="0" sl="212" sc="45" el="212" ec="45" bec="0" bev="0" fileid="1" />
                <SequencePoint vc="1" uspid="4083" ordinal="0" offset="1" sl="213" sc="5" el="213" ec="5" bec="0" bev="0" fileid="1" />
                <SequencePoint vc="1" uspid="4084" ordinal="0" offset="14" sl="214" sc="3" el="214" ec="3" bec="0" bev="0" fileid="1" />
              </SequencePoints>
              <BranchPoints />
            </Method>
            <Method visited="true" cyclomaticComplexity="1" nPathComplexity="0" sequenceCoverage="100.0" branchCoverage="0" crapScore="1" isConstructor="false" isStatic="false" isGetter="false" isSetter="false">
              <Summary numSequencePoints="3" visitedSequencePoints="3" numBranchPoints="0" visitedBranchPoints="0" sequenceCoverage="100.0" branchCoverage="0" maxCyclomaticComplexity="1" minCyclomaticComplexity="1" maxCrapScore="1" minCrapScore="1" visitedClasses="0" numClasses="0" visitedMethods="1" numMethods="1" />
              <MetadataToken>100663334</MetadataToken>
              <Name>UnityEngine.Vector3 Agent::GetAcceleration()</Name>
              <FileRef uid="1" />
              <SequencePoints>
                <SequencePoint vc="3" uspid="4085" ordinal="0" offset="0" sl="216" sc="36" el="216" ec="36" bec="0" bev="0" fileid="1" />
                <SequencePoint vc="3" uspid="4086" ordinal="0" offset="1" sl="217" sc="5" el="217" ec="5" bec="0" bev="0" fileid="1" />
                <SequencePoint vc="3" uspid="4087" ordinal="0" offset="10" sl="218" sc="3" el="218" ec="3" bec="0" bev="0" fileid="1" />
              </SequencePoints>
              <BranchPoints />
            </Method>
            <Method visited="true" cyclomaticComplexity="1" nPathComplexity="0" sequenceCoverage="100.0" branchCoverage="0" crapScore="1" isConstructor="false" isStatic="false" isGetter="false" isSetter="false">
              <Summary numSequencePoints="7" visitedSequencePoints="7" numBranchPoints="0" visitedBranchPoints="0" sequenceCoverage="100.0" branchCoverage="0" maxCyclomaticComplexity="1" minCyclomaticComplexity="1" maxCrapScore="1" minCrapScore="1" visitedClasses="0" numClasses="0" visitedMethods="1" numMethods="1" />
              <MetadataToken>100663336</MetadataToken>
              <Name>Transformation Agent::GetRelativeTransformation(Agent)</Name>
              <FileRef uid="1" />
              <SequencePoints>
                <SequencePoint vc="3" uspid="4091" ordinal="0" offset="0" sl="224" sc="65" el="224" ec="65" bec="0" bev="0" fileid="1" />
                <SequencePoint vc="3" uspid="4092" ordinal="0" offset="1" sl="225" sc="5" el="225" ec="5" bec="0" bev="0" fileid="1" />
                <SequencePoint vc="3" uspid="4093" ordinal="0" offset="9" sl="228" sc="5" el="228" ec="5" bec="0" bev="0" fileid="1" />
                <SequencePoint vc="3" uspid="4094" ordinal="0" offset="28" sl="231" sc="5" el="231" ec="5" bec="0" bev="0" fileid="1" />
                <SequencePoint vc="3" uspid="4095" ordinal="0" offset="75" sl="235" sc="5" el="235" ec="5" bec="0" bev="0" fileid="1" />
                <SequencePoint vc="3" uspid="4096" ordinal="0" offset="89" sl="236" sc="5" el="236" ec="5" bec="0" bev="0" fileid="1" />
                <SequencePoint vc="3" uspid="4097" ordinal="0" offset="93" sl="237" sc="3" el="237" ec="3" bec="0" bev="0" fileid="1" />
              </SequencePoints>
              <BranchPoints />
            </Method>
            <Method visited="true" cyclomaticComplexity="1" nPathComplexity="0" sequenceCoverage="100.0" branchCoverage="0" crapScore="1" isConstructor="false" isStatic="false" isGetter="false" isSetter="false">
              <Summary numSequencePoints="6" visitedSequencePoints="6" numBranchPoints="0" visitedBranchPoints="0" sequenceCoverage="100.0" branchCoverage="0" maxCyclomaticComplexity="1" minCyclomaticComplexity="1" maxCrapScore="1" minCrapScore="1" visitedClasses="0" numClasses="0" visitedMethods="1" numMethods="1" />
              <MetadataToken>100663337</MetadataToken>
              <Name>Transformation Agent::GetRelativeTransformationToWaypoint(UnityEngine.Vector3)</Name>
              <FileRef uid="1" />
              <SequencePoints>
                <SequencePoint vc="5" uspid="4098" ordinal="0" offset="0" sl="239" sc="79" el="239" ec="79" bec="0" bev="0" fileid="1" />
                <SequencePoint vc="5" uspid="4099" ordinal="0" offset="1" sl="240" sc="5" el="240" ec="5" bec="0" bev="0" fileid="1" />
                <SequencePoint vc="5" uspid="4100" ordinal="0" offset="9" sl="243" sc="5" el="243" ec="5" bec="0" bev="0" fileid="1" />
                <SequencePoint vc="5" uspid="4101" ordinal="0" offset="23" sl="246" sc="5" el="246" ec="5" bec="0" bev="0" fileid="1" />
                <SequencePoint vc="5" uspid="4102" ordinal="0" offset="59" sl="249" sc="5" el="249" ec="5" bec="0" bev="0" fileid="1" />
                <SequencePoint vc="5" uspid="4103" ordinal="0" offset="63" sl="250" sc="3" el="250" ec="3" bec="0" bev="0" fileid="1" />
              </SequencePoints>
              <BranchPoints />
            </Method>
            <Method visited="true" cyclomaticComplexity="2" nPathComplexity="0" sequenceCoverage="100.0" branchCoverage="0" crapScore="2" isConstructor="false" isStatic="false" isGetter="false" isSetter="false">
              <Summary numSequencePoints="16" visitedSequencePoints="16" numBranchPoints="0" visitedBranchPoints="0" sequenceCoverage="100.0" branchCoverage="0" maxCyclomaticComplexity="2" minCyclomaticComplexity="2" maxCrapScore="2" minCrapScore="2" visitedClasses="0" numClasses="0" visitedMethods="1" numMethods="1" />
              <MetadataToken>100663338</MetadataToken>
              <Name>PositionTransformation Agent::GetRelativePositionTransformation(UnityEngine.Vector3)</Name>
              <FileRef uid="1" />
              <SequencePoints>
                <SequencePoint vc="8" uspid="4104" ordinal="0" offset="0" sl="252" sc="94" el="252" ec="94" bec="0" bev="0" fileid="1" />
                <SequencePoint vc="8" uspid="4105" ordinal="0" offset="1" sl="253" sc="5" el="253" ec="5" bec="0" bev="0" fileid="1" />
                <SequencePoint vc="8" uspid="4106" ordinal="0" offset="9" sl="256" sc="5" el="256" ec="5" bec="0" bev="0" fileid="1" />
                <SequencePoint vc="8" uspid="4107" ordinal="0" offset="17" sl="259" sc="5" el="259" ec="5" bec="0" bev="0" fileid="1" />
                <SequencePoint vc="8" uspid="4108" ordinal="0" offset="31" sl="261" sc="5" el="261" ec="5" bec="0" bev="0" fileid="1" />
                <SequencePoint vc="8" uspid="4109" ordinal="0" offset="49" sl="262" sc="5" el="262" ec="5" bec="0" bev="0" fileid="1" />
                <SequencePoint vc="8" uspid="4110" ordinal="0" offset="57" sl="265" sc="5" el="265" ec="5" bec="0" bev="0" fileid="1" />
                <SequencePoint vc="8" uspid="4111" ordinal="0" offset="84" sl="269" sc="5" el="269" ec="5" bec="0" bev="0" fileid="1" />
                <SequencePoint vc="1" uspid="4112" ordinal="0" offset="102" sl="269" sc="46" el="269" ec="46" bec="0" bev="0" fileid="1" />
                <SequencePoint vc="1" uspid="4113" ordinal="0" offset="103" sl="270" sc="7" el="270" ec="7" bec="0" bev="0" fileid="1" />
                <SequencePoint vc="1" uspid="4114" ordinal="0" offset="115" sl="271" sc="5" el="271" ec="5" bec="0" bev="0" fileid="1" />
                <SequencePoint vc="7" uspid="4115" ordinal="0" offset="118" sl="271" sc="12" el="271" ec="12" bec="0" bev="0" fileid="1" />
                <SequencePoint vc="7" uspid="4116" ordinal="0" offset="119" sl="272" sc="7" el="272" ec="7" bec="0" bev="0" fileid="1" />
                <SequencePoint vc="7" uspid="4117" ordinal="0" offset="166" sl="275" sc="5" el="275" ec="5" bec="0" bev="0" fileid="1" />
                <SequencePoint vc="8" uspid="4118" ordinal="0" offset="167" sl="277" sc="5" el="277" ec="5" bec="0" bev="0" fileid="1" />
                <SequencePoint vc="8" uspid="4119" ordinal="0" offset="172" sl="278" sc="3" el="278" ec="3" bec="0" bev="0" fileid="1" />
              </SequencePoints>
              <BranchPoints />
            </Method>
            <Method visited="true" cyclomaticComplexity="5" nPathComplexity="0" sequenceCoverage="100.0" branchCoverage="0" crapScore="5" isConstructor="false" isStatic="false" isGetter="false" isSetter="false">
              <Summary numSequencePoints="29" visitedSequencePoints="29" numBranchPoints="0" visitedBranchPoints="0" sequenceCoverage="100.0" branchCoverage="0" maxCyclomaticComplexity="5" minCyclomaticComplexity="5" maxCrapScore="5" minCrapScore="5" visitedClasses="0" numClasses="0" visitedMethods="1" numMethods="1" />
              <MetadataToken>100663339</MetadataToken>
              <Name>VelocityTransformation Agent::GetRelativeVelocityTransformation(UnityEngine.Vector3, UnityEngine.Vector3)</Name>
              <FileRef uid="1" />
              <SequencePoints>
                <SequencePoint vc="8" uspid="4120" ordinal="0" offset="0" sl="281" sc="94" el="281" ec="94" bec="0" bev="0" fileid="1" />
                <SequencePoint vc="8" uspid="4121" ordinal="0" offset="1" sl="282" sc="5" el="282" ec="5" bec="0" bev="0" fileid="1" />
                <SequencePoint vc="8" uspid="4122" ordinal="0" offset="9" sl="285" sc="5" el="285" ec="5" bec="0" bev="0" fileid="1" />
                <SequencePoint vc="8" uspid="4123" ordinal="0" offset="17" sl="288" sc="5" el="288" ec="5" bec="0" bev="0" fileid="1" />
                <SequencePoint vc="8" uspid="4124" ordinal="0" offset="37" sl="291" sc="5" el="291" ec="5" bec="0" bev="0" fileid="1" />
                <SequencePoint vc="8" uspid="4125" ordinal="0" offset="45" sl="295" sc="5" el="295" ec="5" bec="0" bev="0" fileid="1" />
                <SequencePoint vc="8" uspid="4126" ordinal="0" offset="63" sl="298" sc="5" el="298" ec="5" bec="0" bev="0" fileid="1" />
                <SequencePoint vc="8" uspid="4127" ordinal="0" offset="81" sl="301" sc="5" el="301" ec="5" bec="0" bev="0" fileid="1" />
                <SequencePoint vc="1" uspid="4128" ordinal="0" offset="101" sl="301" sc="39" el="301" ec="39" bec="0" bev="0" fileid="1" />
                <SequencePoint vc="1" uspid="4129" ordinal="0" offset="102" sl="302" sc="7" el="302" ec="7" bec="0" bev="0" fileid="1" />
                <SequencePoint vc="1" uspid="4130" ordinal="0" offset="110" sl="303" sc="5" el="303" ec="5" bec="0" bev="0" fileid="1" />
                <SequencePoint vc="7" uspid="4131" ordinal="0" offset="113" sl="303" sc="12" el="303" ec="12" bec="0" bev="0" fileid="1" />
                <SequencePoint vc="2" uspid="4132" ordinal="0" offset="133" sl="303" sc="48" el="303" ec="48" bec="0" bev="0" fileid="1" />
                <SequencePoint vc="2" uspid="4133" ordinal="0" offset="134" sl="304" sc="7" el="304" ec="7" bec="0" bev="0" fileid="1" />
                <SequencePoint vc="2" uspid="4134" ordinal="0" offset="142" sl="305" sc="5" el="305" ec="5" bec="0" bev="0" fileid="1" />
                <SequencePoint vc="8" uspid="4135" ordinal="0" offset="143" sl="309" sc="5" el="309" ec="5" bec="0" bev="0" fileid="1" />
                <SequencePoint vc="8" uspid="4136" ordinal="0" offset="152" sl="312" sc="5" el="312" ec="5" bec="0" bev="0" fileid="1" />
                <SequencePoint vc="8" uspid="4137" ordinal="0" offset="174" sl="314" sc="5" el="314" ec="5" bec="0" bev="0" fileid="1" />
                <SequencePoint vc="5" uspid="4138" ordinal="0" offset="195" sl="314" sc="70" el="314" ec="70" bec="0" bev="0" fileid="1" />
                <SequencePoint vc="5" uspid="4139" ordinal="0" offset="196" sl="315" sc="7" el="315" ec="7" bec="0" bev="0" fileid="1" />
                <SequencePoint vc="5" uspid="4140" ordinal="0" offset="212" sl="316" sc="5" el="316" ec="5" bec="0" bev="0" fileid="1" />
                <SequencePoint vc="8" uspid="4141" ordinal="0" offset="213" sl="320" sc="5" el="320" ec="5" bec="0" bev="0" fileid="1" />
                <SequencePoint vc="8" uspid="4142" ordinal="0" offset="222" sl="323" sc="5" el="323" ec="5" bec="0" bev="0" fileid="1" />
                <SequencePoint vc="8" uspid="4143" ordinal="0" offset="244" sl="325" sc="5" el="325" ec="5" bec="0" bev="0" fileid="1" />
                <SequencePoint vc="1" uspid="4144" ordinal="0" offset="265" sl="325" sc="74" el="325" ec="74" bec="0" bev="0" fileid="1" />
                <SequencePoint vc="1" uspid="4145" ordinal="0" offset="266" sl="326" sc="7" el="326" ec="7" bec="0" bev="0" fileid="1" />
                <SequencePoint vc="1" uspid="4146" ordinal="0" offset="282" sl="327" sc="5" el="327" ec="5" bec="0" bev="0" fileid="1" />
                <SequencePoint vc="8" uspid="4147" ordinal="0" offset="283" sl="329" sc="5" el="329" ec="5" bec="0" bev="0" fileid="1" />
                <SequencePoint vc="8" uspid="4148" ordinal="0" offset="288" sl="330" sc="3" el="330" ec="3" bec="0" bev="0" fileid="1" />
              </SequencePoints>
              <BranchPoints />
            </Method>
            <Method visited="true" cyclomaticComplexity="1" nPathComplexity="0" sequenceCoverage="100.0" branchCoverage="0" crapScore="1" isConstructor="false" isStatic="false" isGetter="false" isSetter="false">
              <Summary numSequencePoints="5" visitedSequencePoints="5" numBranchPoints="0" visitedBranchPoints="0" sequenceCoverage="100.0" branchCoverage="0" maxCyclomaticComplexity="1" minCyclomaticComplexity="1" maxCrapScore="1" minCrapScore="1" visitedClasses="0" numClasses="0" visitedMethods="1" numMethods="1" />
              <MetadataToken>100663340</MetadataToken>
              <Name>AccelerationTransformation Agent::GetRelativeAccelerationTransformation(Agent)</Name>
              <FileRef uid="1" />
              <SequencePoints>
                <SequencePoint vc="3" uspid="4149" ordinal="0" offset="0" sl="332" sc="89" el="332" ec="89" bec="0" bev="0" fileid="1" />
                <SequencePoint vc="3" uspid="4150" ordinal="0" offset="1" sl="335" sc="5" el="335" ec="5" bec="0" bev="0" fileid="1" />
                <SequencePoint vc="3" uspid="4151" ordinal="0" offset="9" sl="336" sc="5" el="336" ec="5" bec="0" bev="0" fileid="1" />
                <SequencePoint vc="3" uspid="4152" ordinal="0" offset="22" sl="337" sc="5" el="337" ec="5" bec="0" bev="0" fileid="1" />
                <SequencePoint vc="3" uspid="4153" ordinal="0" offset="26" sl="338" sc="3" el="338" ec="3" bec="0" bev="0" fileid="1" />
              </SequencePoints>
              <BranchPoints />
            </Method>
            <Method visited="true" cyclomaticComplexity="1" nPathComplexity="0" sequenceCoverage="100.0" branchCoverage="0" crapScore="1" isConstructor="false" isStatic="false" isGetter="false" isSetter="false">
              <Summary numSequencePoints="2" visitedSequencePoints="2" numBranchPoints="0" visitedBranchPoints="0" sequenceCoverage="100.0" branchCoverage="0" maxCyclomaticComplexity="1" minCyclomaticComplexity="1" maxCrapScore="1" minCrapScore="1" visitedClasses="0" numClasses="0" visitedMethods="1" numMethods="1" />
              <MetadataToken>100663346</MetadataToken>
              <Name>System.Void Agent::Start()</Name>
              <FileRef uid="1" />
              <SequencePoints>
                <SequencePoint vc="19" uspid="4161" ordinal="0" offset="0" sl="353" sc="34" el="353" ec="34" bec="0" bev="0" fileid="1" />
                <SequencePoint vc="19" uspid="4162" ordinal="0" offset="1" sl="353" sc="35" el="353" ec="35" bec="0" bev="0" fileid="1" />
              </SequencePoints>
              <BranchPoints />
            </Method>
            <Method visited="true" cyclomaticComplexity="1" nPathComplexity="0" sequenceCoverage="100.0" branchCoverage="0" crapScore="1" isConstructor="false" isStatic="false" isGetter="false" isSetter="false">
              <Summary numSequencePoints="3" visitedSequencePoints="3" numBranchPoints="0" visitedBranchPoints="0" sequenceCoverage="100.0" branchCoverage="0" maxCyclomaticComplexity="1" minCyclomaticComplexity="1" maxCrapScore="1" minCrapScore="1" visitedClasses="0" numClasses="0" visitedMethods="1" numMethods="1" />
              <MetadataToken>100663350</MetadataToken>
              <Name>System.Single Agent::CalculateMaxForwardAcceleration()</Name>
              <FileRef uid="1" />
              <SequencePoints>
                <SequencePoint vc="6" uspid="4220" ordinal="0" offset="0" sl="433" sc="53" el="433" ec="53" bec="0" bev="0" fileid="1" />
                <SequencePoint vc="6" uspid="4221" ordinal="0" offset="1" sl="434" sc="5" el="434" ec="5" bec="0" bev="0" fileid="1" />
                <SequencePoint vc="6" uspid="4222" ordinal="0" offset="20" sl="435" sc="3" el="435" ec="3" bec="0" bev="0" fileid="1" />
              </SequencePoints>
              <BranchPoints />
            </Method>
            <Method visited="true" cyclomaticComplexity="1" nPathComplexity="0" sequenceCoverage="100.0" branchCoverage="0" crapScore="1" isConstructor="false" isStatic="false" isGetter="false" isSetter="false">
              <Summary numSequencePoints="5" visitedSequencePoints="5" numBranchPoints="0" visitedBranchPoints="0" sequenceCoverage="100.0" branchCoverage="0" maxCyclomaticComplexity="1" minCyclomaticComplexity="1" maxCrapScore="1" minCrapScore="1" visitedClasses="0" numClasses="0" visitedMethods="1" numMethods="1" />
              <MetadataToken>100663351</MetadataToken>
              <Name>System.Single Agent::CalculateMaxNormalAcceleration()</Name>
              <FileRef uid="1" />
              <SequencePoints>
                <SequencePoint vc="8" uspid="4223" ordinal="0" offset="0" sl="437" sc="52" el="437" ec="52" bec="0" bev="0" fileid="1" />
                <SequencePoint vc="8" uspid="4224" ordinal="0" offset="1" sl="438" sc="5" el="438" ec="5" bec="0" bev="0" fileid="1" />
                <SequencePoint vc="8" uspid="4225" ordinal="0" offset="30" sl="441" sc="5" el="441" ec="5" bec="0" bev="0" fileid="1" />
                <SequencePoint vc="8" uspid="4226" ordinal="0" offset="47" sl="442" sc="5" el="442" ec="5" bec="0" bev="0" fileid="1" />
                <SequencePoint vc="8" uspid="4227" ordinal="0" offset="71" sl="443" sc="3" el="443" ec="3" bec="0" bev="0" fileid="1" />
              </SequencePoints>
              <BranchPoints />
            </Method>
            <Method visited="true" cyclomaticComplexity="1" nPathComplexity="0" sequenceCoverage="100.0" branchCoverage="0" crapScore="1" isConstructor="true" isStatic="false" isGetter="false" isSetter="false">
              <Summary numSequencePoints="6" visitedSequencePoints="6" numBranchPoints="0" visitedBranchPoints="0" sequenceCoverage="100.0" branchCoverage="0" maxCyclomaticComplexity="1" minCyclomaticComplexity="1" maxCrapScore="1" minCrapScore="1" visitedClasses="0" numClasses="0" visitedMethods="1" numMethods="1" />
              <MetadataToken>100663354</MetadataToken>
              <Name>Agent::Agent()</Name>
              <FileRef uid="1" />
              <SequencePoints>
                <SequencePoint vc="41" uspid="4241" ordinal="0" offset="0" sl="11" sc="3" el="11" ec="3" bec="0" bev="0" fileid="1" />
                <SequencePoint vc="41" uspid="4242" ordinal="0" offset="7" sl="28" sc="3" el="28" ec="3" bec="0" bev="0" fileid="1" />
                <SequencePoint vc="41" uspid="4243" ordinal="0" offset="18" sl="33" sc="3" el="33" ec="3" bec="0" bev="0" fileid="1" />
                <SequencePoint vc="41" uspid="4244" ordinal="0" offset="25" sl="34" sc="3" el="34" ec="3" bec="0" bev="0" fileid="1" />
                <SequencePoint vc="41" uspid="4245" ordinal="0" offset="32" sl="37" sc="3" el="37" ec="3" bec="0" bev="0" fileid="1" />
                <SequencePoint vc="41" uspid="4246" ordinal="0" offset="47" sl="39" sc="3" el="39" ec="3" bec="0" bev="0" fileid="1" />
              </SequencePoints>
              <BranchPoints />
            </Method>
          </Methods>
        </Class>
        <Class>
          <Summary numSequencePoints="3" visitedSequencePoints="3" numBranchPoints="0" visitedBranchPoints="0" sequenceCoverage="100.0" branchCoverage="0.0" maxCyclomaticComplexity="1" minCyclomaticComplexity="1" maxCrapScore="1" minCrapScore="1" visitedClasses="1" numClasses="1" visitedMethods="1" numMethods="1" />
          <FullName>DummyAgent</FullName>
          <Methods>
            <Method visited="true" cyclomaticComplexity="1" nPathComplexity="0" sequenceCoverage="100.0" branchCoverage="0" crapScore="1" isConstructor="false" isStatic="false" isGetter="false" isSetter="false">
              <Summary numSequencePoints="3" visitedSequencePoints="3" numBranchPoints="0" visitedBranchPoints="0" sequenceCoverage="100.0" branchCoverage="0" maxCyclomaticComplexity="1" minCyclomaticComplexity="1" maxCrapScore="1" minCrapScore="1" visitedClasses="0" numClasses="0" visitedMethods="1" numMethods="1" />
              <MetadataToken>100663355</MetadataToken>
              <Name>System.Void DummyAgent::Start()</Name>
              <FileRef uid="1" />
              <SequencePoints>
                <SequencePoint vc="4" uspid="4247" ordinal="0" offset="0" sl="462" sc="35" el="462" ec="35" bec="0" bev="0" fileid="1" />
                <SequencePoint vc="4" uspid="4248" ordinal="0" offset="1" sl="463" sc="5" el="463" ec="5" bec="0" bev="0" fileid="1" />
                <SequencePoint vc="4" uspid="4249" ordinal="0" offset="8" sl="464" sc="3" el="464" ec="3" bec="0" bev="0" fileid="1" />
              </SequencePoints>
              <BranchPoints />
            </Method>
          </Methods>
        </Class>
        <Class>
          <Summary numSequencePoints="6" visitedSequencePoints="6" numBranchPoints="0" visitedBranchPoints="0" sequenceCoverage="100.0" branchCoverage="0.0" maxCyclomaticComplexity="2" minCyclomaticComplexity="2" maxCrapScore="2" minCrapScore="2" visitedClasses="1" numClasses="1" visitedMethods="2" numMethods="2" />
          <FullName>IAssignment</FullName>
          <Methods>
            <Method visited="true" cyclomaticComplexity="2" nPathComplexity="0" sequenceCoverage="100.0" branchCoverage="0" crapScore="2" isConstructor="false" isStatic="true" isGetter="false" isSetter="false">
              <Summary numSequencePoints="3" visitedSequencePoints="3" numBranchPoints="0" visitedBranchPoints="0" sequenceCoverage="100.0" branchCoverage="0" maxCyclomaticComplexity="2" minCyclomaticComplexity="2" maxCrapScore="2" minCrapScore="2" visitedClasses="0" numClasses="0" visitedMethods="1" numMethods="1" />
              <MetadataToken>100663362</MetadataToken>
              <Name>static System.Collections.Generic.List[Interceptor] IAssignment::GetAssignableInterceptors(System.Collections.Generic.IReadOnlyList`1[[Interceptor, bamlab.micromissiles, Version=0.0.0.0, Culture=neutral, PublicKeyToken=null]]&amp;)</Name>
              <FileRef uid="2" />
              <SequencePoints>
                <SequencePoint vc="2" uspid="4259" ordinal="0" offset="0" sl="31" sc="51" el="31" ec="51" bec="0" bev="0" fileid="2" />
                <SequencePoint vc="2" uspid="4260" ordinal="0" offset="1" sl="32" sc="5" el="32" ec="5" bec="0" bev="0" fileid="2" />
                <SequencePoint vc="2" uspid="4261" ordinal="0" offset="47" sl="33" sc="3" el="33" ec="3" bec="0" bev="0" fileid="2" />
              </SequencePoints>
              <BranchPoints />
            </Method>
            <Method visited="true" cyclomaticComplexity="2" nPathComplexity="0" sequenceCoverage="100.0" branchCoverage="0" crapScore="2" isConstructor="false" isStatic="true" isGetter="false" isSetter="false">
              <Summary numSequencePoints="3" visitedSequencePoints="3" numBranchPoints="0" visitedBranchPoints="0" sequenceCoverage="100.0" branchCoverage="0" maxCyclomaticComplexity="2" minCyclomaticComplexity="2" maxCrapScore="2" minCrapScore="2" visitedClasses="0" numClasses="0" visitedMethods="1" numMethods="1" />
              <MetadataToken>100663363</MetadataToken>
              <Name>static System.Collections.Generic.List[ThreatData] IAssignment::GetActiveThreats(System.Collections.Generic.IReadOnlyList`1[[ThreatData, bamlab.micromissiles, Version=0.0.0.0, Culture=neutral, PublicKeyToken=null]]&amp;)</Name>
              <FileRef uid="2" />
              <SequencePoints>
                <SequencePoint vc="2" uspid="4262" ordinal="0" offset="0" sl="37" sc="92" el="37" ec="92" bec="0" bev="0" fileid="2" />
                <SequencePoint vc="2" uspid="4263" ordinal="0" offset="1" sl="38" sc="5" el="38" ec="5" bec="0" bev="0" fileid="2" />
                <SequencePoint vc="2" uspid="4264" ordinal="0" offset="47" sl="39" sc="3" el="39" ec="3" bec="0" bev="0" fileid="2" />
              </SequencePoints>
              <BranchPoints />
            </Method>
          </Methods>
        </Class>
        <Class>
          <Summary numSequencePoints="46" visitedSequencePoints="40" numBranchPoints="0" visitedBranchPoints="0" sequenceCoverage="86.96" branchCoverage="0.0" maxCyclomaticComplexity="8" minCyclomaticComplexity="3" maxCrapScore="8.46" minCrapScore="3" visitedClasses="1" numClasses="1" visitedMethods="2" numMethods="2" />
          <FullName>ThreatAssignment</FullName>
          <Methods>
            <Method visited="true" cyclomaticComplexity="8" nPathComplexity="0" sequenceCoverage="80.65" branchCoverage="0" crapScore="8.46" isConstructor="false" isStatic="false" isGetter="false" isSetter="false">
              <Summary numSequencePoints="31" visitedSequencePoints="25" numBranchPoints="0" visitedBranchPoints="0" sequenceCoverage="80.65" branchCoverage="0" maxCyclomaticComplexity="8" minCyclomaticComplexity="8" maxCrapScore="8.46" minCrapScore="8.46" visitedClasses="0" numClasses="0" visitedMethods="1" numMethods="1" />
              <MetadataToken>100663367</MetadataToken>
              <Name>System.Collections.Generic.IEnumerable[AssignmentItem] ThreatAssignment::Assign(System.Collections.Generic.IReadOnlyList`1[[Interceptor, bamlab.micromissiles, Version=0.0.0.0, Culture=neutral, PublicKeyToken=null]]&amp;, System.Collections.Generic.IReadOnlyList`1[[ThreatData, bamlab.micromissiles, Version=0.0.0.0, Culture=neutral, PublicKeyToken=null]]&amp;)</Name>
              <FileRef uid="4" />
              <SequencePoints>
                <SequencePoint vc="2" uspid="4288" ordinal="0" offset="0" sl="14" sc="95" el="14" ec="95" bec="0" bev="0" fileid="4" />
                <SequencePoint vc="2" uspid="4289" ordinal="0" offset="1" sl="15" sc="5" el="15" ec="5" bec="0" bev="0" fileid="4" />
                <SequencePoint vc="2" uspid="4290" ordinal="0" offset="7" sl="17" sc="5" el="17" ec="5" bec="0" bev="0" fileid="4" />
                <SequencePoint vc="2" uspid="4291" ordinal="0" offset="14" sl="18" sc="5" el="18" ec="5" bec="0" bev="0" fileid="4" />
                <SequencePoint vc="0" uspid="4292" ordinal="0" offset="29" sl="18" sc="44" el="18" ec="44" bec="0" bev="0" fileid="4" />
                <SequencePoint vc="0" uspid="4293" ordinal="0" offset="30" sl="19" sc="7" el="19" ec="7" bec="0" bev="0" fileid="4" />
                <SequencePoint vc="0" uspid="4294" ordinal="0" offset="41" sl="20" sc="7" el="20" ec="7" bec="0" bev="0" fileid="4" />
                <SequencePoint vc="2" uspid="4295" ordinal="0" offset="49" sl="23" sc="5" el="23" ec="5" bec="0" bev="0" fileid="4" />
                <SequencePoint vc="2" uspid="4296" ordinal="0" offset="56" sl="24" sc="5" el="24" ec="5" bec="0" bev="0" fileid="4" />
                <SequencePoint vc="0" uspid="4297" ordinal="0" offset="71" sl="24" sc="35" el="24" ec="35" bec="0" bev="0" fileid="4" />
                <SequencePoint vc="0" uspid="4298" ordinal="0" offset="72" sl="25" sc="7" el="25" ec="7" bec="0" bev="0" fileid="4" />
                <SequencePoint vc="0" uspid="4299" ordinal="0" offset="83" sl="26" sc="7" el="26" ec="7" bec="0" bev="0" fileid="4" />
                <SequencePoint vc="2" uspid="4300" ordinal="0" offset="91" sl="29" sc="5" el="29" ec="5" bec="0" bev="0" fileid="4" />
                <SequencePoint vc="2" uspid="4301" ordinal="0" offset="97" sl="30" sc="5" el="30" ec="5" bec="0" bev="0" fileid="4" />
                <SequencePoint vc="2" uspid="4302" ordinal="0" offset="107" sl="34" sc="5" el="34" ec="5" bec="0" bev="0" fileid="4" />
                <SequencePoint vc="2" uspid="4303" ordinal="0" offset="188" sl="38" sc="5" el="38" ec="5" bec="0" bev="0" fileid="4" />
                <SequencePoint vc="2" uspid="4304" ordinal="0" offset="196" sl="39" sc="5" el="39" ec="5" bec="0" bev="0" fileid="4" />
                <SequencePoint vc="2" uspid="4305" ordinal="0" offset="209" sl="40" sc="5" el="40" ec="5" bec="0" bev="0" fileid="4" />
                <SequencePoint vc="2" uspid="4306" ordinal="0" offset="210" sl="41" sc="7" el="41" ec="7" bec="0" bev="0" fileid="4" />
                <SequencePoint vc="2" uspid="4307" ordinal="0" offset="211" sl="41" sc="41" el="41" ec="41" bec="0" bev="0" fileid="4" />
                <SequencePoint vc="5" uspid="4308" ordinal="0" offset="222" sl="41" sc="16" el="41" ec="16" bec="0" bev="0" fileid="4" />
                <SequencePoint vc="5" uspid="4309" ordinal="0" offset="231" sl="41" sc="54" el="41" ec="54" bec="0" bev="0" fileid="4" />
                <SequencePoint vc="5" uspid="4310" ordinal="0" offset="232" sl="42" sc="9" el="42" ec="9" bec="0" bev="0" fileid="4" />
                <SequencePoint vc="5" uspid="4311" ordinal="0" offset="263" sl="44" sc="9" el="44" ec="9" bec="0" bev="0" fileid="4" />
                <SequencePoint vc="1" uspid="4312" ordinal="0" offset="279" sl="44" sc="59" el="44" ec="59" bec="0" bev="0" fileid="4" />
                <SequencePoint vc="1" uspid="4313" ordinal="0" offset="280" sl="45" sc="11" el="45" ec="11" bec="0" bev="0" fileid="4" />
                <SequencePoint vc="4" uspid="4314" ordinal="0" offset="282" sl="47" sc="7" el="47" ec="7" bec="0" bev="0" fileid="4" />
                <SequencePoint vc="6" uspid="4315" ordinal="0" offset="283" sl="41" sc="38" el="41" ec="38" bec="0" bev="0" fileid="4" />
                <SequencePoint vc="2" uspid="4316" ordinal="0" offset="309" sl="48" sc="5" el="48" ec="5" bec="0" bev="0" fileid="4" />
                <SequencePoint vc="2" uspid="4317" ordinal="0" offset="310" sl="49" sc="5" el="49" ec="5" bec="0" bev="0" fileid="4" />
                <SequencePoint vc="2" uspid="4318" ordinal="0" offset="315" sl="50" sc="3" el="50" ec="3" bec="0" bev="0" fileid="4" />
              </SequencePoints>
              <BranchPoints />
            </Method>
            <Method visited="true" cyclomaticComplexity="3" nPathComplexity="0" sequenceCoverage="100.0" branchCoverage="0" crapScore="3" isConstructor="false" isStatic="false" isGetter="false" isSetter="false">
              <Summary numSequencePoints="15" visitedSequencePoints="15" numBranchPoints="0" visitedBranchPoints="0" sequenceCoverage="100.0" branchCoverage="0" maxCyclomaticComplexity="3" minCyclomaticComplexity="3" maxCrapScore="3" minCrapScore="3" visitedClasses="0" numClasses="0" visitedMethods="1" numMethods="1" />
              <MetadataToken>100663368</MetadataToken>
              <Name>System.Collections.Generic.List[ThreatInfo] ThreatAssignment::CalculateThreatLevels(System.Collections.Generic.List[ThreatData], UnityEngine.Vector3)</Name>
              <FileRef uid="4" />
              <SequencePoints>
                <SequencePoint vc="2" uspid="4319" ordinal="0" offset="0" sl="53" sc="75" el="53" ec="75" bec="0" bev="0" fileid="4" />
                <SequencePoint vc="2" uspid="4320" ordinal="0" offset="1" sl="54" sc="5" el="54" ec="5" bec="0" bev="0" fileid="4" />
                <SequencePoint vc="2" uspid="4321" ordinal="0" offset="7" sl="56" sc="5" el="56" ec="5" bec="0" bev="0" fileid="4" />
                <SequencePoint vc="2" uspid="4322" ordinal="0" offset="8" sl="56" sc="39" el="56" ec="39" bec="0" bev="0" fileid="4" />
                <SequencePoint vc="5" uspid="4323" ordinal="0" offset="17" sl="56" sc="14" el="56" ec="14" bec="0" bev="0" fileid="4" />
                <SequencePoint vc="5" uspid="4324" ordinal="0" offset="25" sl="56" sc="52" el="56" ec="52" bec="0" bev="0" fileid="4" />
                <SequencePoint vc="5" uspid="4325" ordinal="0" offset="26" sl="57" sc="7" el="57" ec="7" bec="0" bev="0" fileid="4" />
                <SequencePoint vc="5" uspid="4326" ordinal="0" offset="33" sl="58" sc="7" el="58" ec="7" bec="0" bev="0" fileid="4" />
                <SequencePoint vc="5" uspid="4327" ordinal="0" offset="52" sl="59" sc="7" el="59" ec="7" bec="0" bev="0" fileid="4" />
                <SequencePoint vc="5" uspid="4328" ordinal="0" offset="69" sl="62" sc="7" el="62" ec="7" bec="0" bev="0" fileid="4" />
                <SequencePoint vc="5" uspid="4329" ordinal="0" offset="82" sl="64" sc="7" el="64" ec="7" bec="0" bev="0" fileid="4" />
                <SequencePoint vc="5" uspid="4330" ordinal="0" offset="97" sl="65" sc="5" el="65" ec="5" bec="0" bev="0" fileid="4" />
                <SequencePoint vc="7" uspid="4331" ordinal="0" offset="98" sl="56" sc="36" el="56" ec="36" bec="0" bev="0" fileid="4" />
                <SequencePoint vc="2" uspid="4332" ordinal="0" offset="124" sl="68" sc="5" el="68" ec="5" bec="0" bev="0" fileid="4" />
                <SequencePoint vc="2" uspid="4333" ordinal="0" offset="170" sl="69" sc="3" el="69" ec="3" bec="0" bev="0" fileid="4" />
              </SequencePoints>
              <BranchPoints />
            </Method>
          </Methods>
        </Class>
        <Class>
          <Summary numSequencePoints="12" visitedSequencePoints="12" numBranchPoints="0" visitedBranchPoints="0" sequenceCoverage="100.0" branchCoverage="0.0" maxCyclomaticComplexity="2" minCyclomaticComplexity="1" maxCrapScore="2" minCrapScore="1" visitedClasses="1" numClasses="1" visitedMethods="2" numMethods="2" />
          <FullName>AttackBehavior</FullName>
          <Methods>
            <Method visited="true" cyclomaticComplexity="2" nPathComplexity="0" sequenceCoverage="100.0" branchCoverage="0" crapScore="2" isConstructor="false" isStatic="true" isGetter="false" isSetter="false">
              <Summary numSequencePoints="7" visitedSequencePoints="7" numBranchPoints="0" visitedBranchPoints="0" sequenceCoverage="100.0" branchCoverage="0" maxCyclomaticComplexity="2" minCyclomaticComplexity="2" maxCrapScore="2" minCrapScore="2" visitedClasses="0" numClasses="0" visitedMethods="1" numMethods="1" />
              <MetadataToken>100663372</MetadataToken>
              <Name>static System.String AttackBehavior::ResolveBehaviorPath(System.String)</Name>
              <FileRef uid="5" />
              <SequencePoints>
                <SequencePoint vc="30" uspid="4337" ordinal="0" offset="0" sl="21" sc="60" el="21" ec="60" bec="0" bev="0" fileid="5" />
                <SequencePoint vc="30" uspid="4338" ordinal="0" offset="1" sl="23" sc="5" el="23" ec="5" bec="0" bev="0" fileid="5" />
                <SequencePoint vc="30" uspid="4339" ordinal="0" offset="19" sl="23" sc="56" el="23" ec="56" bec="0" bev="0" fileid="5" />
                <SequencePoint vc="30" uspid="4340" ordinal="0" offset="20" sl="24" sc="7" el="24" ec="7" bec="0" bev="0" fileid="5" />
                <SequencePoint vc="30" uspid="4341" ordinal="0" offset="33" sl="25" sc="5" el="25" ec="5" bec="0" bev="0" fileid="5" />
                <SequencePoint vc="30" uspid="4342" ordinal="0" offset="34" sl="26" sc="5" el="26" ec="5" bec="0" bev="0" fileid="5" />
                <SequencePoint vc="30" uspid="4343" ordinal="0" offset="38" sl="27" sc="3" el="27" ec="3" bec="0" bev="0" fileid="5" />
              </SequencePoints>
              <BranchPoints />
            </Method>
            <Method visited="true" cyclomaticComplexity="1" nPathComplexity="0" sequenceCoverage="100.0" branchCoverage="0" crapScore="1" isConstructor="false" isStatic="true" isGetter="false" isSetter="false">
              <Summary numSequencePoints="5" visitedSequencePoints="5" numBranchPoints="0" visitedBranchPoints="0" sequenceCoverage="100.0" branchCoverage="0" maxCyclomaticComplexity="1" minCyclomaticComplexity="1" maxCrapScore="1" minCrapScore="1" visitedClasses="0" numClasses="0" visitedMethods="1" numMethods="1" />
              <MetadataToken>100663373</MetadataToken>
              <Name>static AttackBehavior AttackBehavior::FromJson(System.String)</Name>
              <FileRef uid="5" />
              <SequencePoints>
                <SequencePoint vc="15" uspid="4344" ordinal="0" offset="0" sl="29" sc="54" el="29" ec="54" bec="0" bev="0" fileid="5" />
                <SequencePoint vc="15" uspid="4345" ordinal="0" offset="1" sl="30" sc="5" el="30" ec="5" bec="0" bev="0" fileid="5" />
                <SequencePoint vc="15" uspid="4346" ordinal="0" offset="8" sl="31" sc="5" el="31" ec="5" bec="0" bev="0" fileid="5" />
                <SequencePoint vc="15" uspid="4347" ordinal="0" offset="15" sl="32" sc="5" el="32" ec="5" bec="0" bev="0" fileid="5" />
                <SequencePoint vc="15" uspid="4348" ordinal="0" offset="46" sl="35" sc="3" el="35" ec="3" bec="0" bev="0" fileid="5" />
              </SequencePoints>
              <BranchPoints />
            </Method>
          </Methods>
        </Class>
        <Class>
          <Summary numSequencePoints="10" visitedSequencePoints="10" numBranchPoints="0" visitedBranchPoints="0" sequenceCoverage="100.0" branchCoverage="0.0" maxCyclomaticComplexity="4" minCyclomaticComplexity="4" maxCrapScore="4" minCrapScore="4" visitedClasses="1" numClasses="1" visitedMethods="1" numMethods="1" />
          <FullName>DirectAttackBehavior</FullName>
          <Methods>
            <Method visited="true" cyclomaticComplexity="4" nPathComplexity="0" sequenceCoverage="100.0" branchCoverage="0" crapScore="4" isConstructor="false" isStatic="true" isGetter="false" isSetter="false">
              <Summary numSequencePoints="10" visitedSequencePoints="10" numBranchPoints="0" visitedBranchPoints="0" sequenceCoverage="100.0" branchCoverage="0" maxCyclomaticComplexity="4" minCyclomaticComplexity="4" maxCrapScore="4" minCrapScore="4" visitedClasses="0" numClasses="0" visitedMethods="1" numMethods="1" />
              <MetadataToken>100663379</MetadataToken>
              <Name>static DirectAttackBehavior DirectAttackBehavior::FromJson(System.String)</Name>
              <FileRef uid="6" />
              <SequencePoints>
                <SequencePoint vc="15" uspid="4378" ordinal="0" offset="0" sl="50" sc="64" el="50" ec="64" bec="0" bev="0" fileid="6" />
                <SequencePoint vc="15" uspid="4379" ordinal="0" offset="1" sl="51" sc="5" el="51" ec="5" bec="0" bev="0" fileid="6" />
                <SequencePoint vc="15" uspid="4380" ordinal="0" offset="8" sl="52" sc="3" el="52" ec="3" bec="0" bev="0" fileid="6" />
                <SequencePoint vc="15" uspid="4381" ordinal="0" offset="15" sl="53" sc="3" el="53" ec="3" bec="0" bev="0" fileid="6" />
                <SequencePoint vc="15" uspid="4382" ordinal="0" offset="44" sl="57" sc="3" el="57" ec="3" bec="0" bev="0" fileid="6" />
                <SequencePoint vc="15" uspid="4383" ordinal="0" offset="73" sl="57" sc="77" el="57" ec="77" bec="0" bev="0" fileid="6" />
                <SequencePoint vc="15" uspid="4384" ordinal="0" offset="74" sl="58" sc="5" el="58" ec="5" bec="0" bev="0" fileid="6" />
                <SequencePoint vc="15" uspid="4385" ordinal="0" offset="122" sl="59" sc="3" el="59" ec="3" bec="0" bev="0" fileid="6" />
                <SequencePoint vc="15" uspid="4386" ordinal="0" offset="123" sl="61" sc="3" el="61" ec="3" bec="0" bev="0" fileid="6" />
                <SequencePoint vc="15" uspid="4387" ordinal="0" offset="128" sl="62" sc="1" el="62" ec="1" bec="0" bev="0" fileid="6" />
              </SequencePoints>
              <BranchPoints />
            </Method>
          </Methods>
        </Class>
        <Class>
          <Summary numSequencePoints="26" visitedSequencePoints="20" numBranchPoints="0" visitedBranchPoints="0" sequenceCoverage="76.92" branchCoverage="0.0" maxCyclomaticComplexity="4" minCyclomaticComplexity="2" maxCrapScore="4.09" minCrapScore="2.15" visitedClasses="1" numClasses="1" visitedMethods="2" numMethods="2" />
          <FullName>ConfigLoader</FullName>
          <Methods>
            <Method visited="true" cyclomaticComplexity="4" nPathComplexity="0" sequenceCoverage="82.35" branchCoverage="0" crapScore="4.09" isConstructor="false" isStatic="true" isGetter="false" isSetter="false">
              <Summary numSequencePoints="17" visitedSequencePoints="14" numBranchPoints="0" visitedBranchPoints="0" sequenceCoverage="82.35" branchCoverage="0" maxCyclomaticComplexity="4" minCyclomaticComplexity="4" maxCrapScore="4.09" minCrapScore="4.09" visitedClasses="0" numClasses="0" visitedMethods="1" numMethods="1" />
              <MetadataToken>100663383</MetadataToken>
              <Name>static System.String ConfigLoader::LoadFromStreamingAssets(System.String)</Name>
              <FileRef uid="7" />
              <SequencePoints>
                <SequencePoint vc="45" uspid="4388" ordinal="0" offset="0" sl="7" sc="69" el="7" ec="69" bec="0" bev="0" fileid="7" />
                <SequencePoint vc="45" uspid="4389" ordinal="0" offset="1" sl="8" sc="5" el="8" ec="5" bec="0" bev="0" fileid="7" />
                <SequencePoint vc="45" uspid="4390" ordinal="0" offset="13" sl="11" sc="5" el="11" ec="5" bec="0" bev="0" fileid="7" />
                <SequencePoint vc="45" uspid="4391" ordinal="0" offset="31" sl="11" sc="42" el="11" ec="42" bec="0" bev="0" fileid="7" />
                <SequencePoint vc="45" uspid="4392" ordinal="0" offset="32" sl="12" sc="7" el="12" ec="7" bec="0" bev="0" fileid="7" />
                <SequencePoint vc="45" uspid="4393" ordinal="0" offset="44" sl="13" sc="5" el="13" ec="5" bec="0" bev="0" fileid="7" />
                <SequencePoint vc="45" uspid="4394" ordinal="0" offset="45" sl="16" sc="5" el="16" ec="5" bec="0" bev="0" fileid="7" />
                <SequencePoint vc="45" uspid="4395" ordinal="0" offset="52" sl="17" sc="5" el="17" ec="5" bec="0" bev="0" fileid="7" />
                <SequencePoint vc="46699" uspid="4396" ordinal="0" offset="61" sl="20" sc="25" el="20" ec="25" bec="0" bev="0" fileid="7" />
                <SequencePoint vc="46699" uspid="4397" ordinal="0" offset="62" sl="22" sc="5" el="22" ec="5" bec="0" bev="0" fileid="7" />
                <SequencePoint vc="46744" uspid="4398" ordinal="0" offset="63" sl="20" sc="5" el="20" ec="5" bec="0" bev="0" fileid="7" />
                <SequencePoint vc="45" uspid="4399" ordinal="0" offset="76" sl="24" sc="5" el="24" ec="5" bec="0" bev="0" fileid="7" />
                <SequencePoint vc="0" uspid="4400" ordinal="0" offset="94" sl="24" sc="55" el="24" ec="55" bec="0" bev="0" fileid="7" />
                <SequencePoint vc="0" uspid="4401" ordinal="0" offset="95" sl="25" sc="7" el="25" ec="7" bec="0" bev="0" fileid="7" />
                <SequencePoint vc="0" uspid="4402" ordinal="0" offset="123" sl="26" sc="7" el="26" ec="7" bec="0" bev="0" fileid="7" />
                <SequencePoint vc="45" uspid="4403" ordinal="0" offset="128" sl="29" sc="5" el="29" ec="5" bec="0" bev="0" fileid="7" />
                <SequencePoint vc="45" uspid="4404" ordinal="0" offset="143" sl="30" sc="3" el="30" ec="3" bec="0" bev="0" fileid="7" />
              </SequencePoints>
              <BranchPoints />
            </Method>
            <Method visited="true" cyclomaticComplexity="2" nPathComplexity="0" sequenceCoverage="66.67" branchCoverage="0" crapScore="2.15" isConstructor="false" isStatic="true" isGetter="false" isSetter="false">
              <Summary numSequencePoints="9" visitedSequencePoints="6" numBranchPoints="0" visitedBranchPoints="0" sequenceCoverage="66.67" branchCoverage="0" maxCyclomaticComplexity="2" minCyclomaticComplexity="2" maxCrapScore="2.15" minCrapScore="2.15" visitedClasses="0" numClasses="0" visitedMethods="1" numMethods="1" />
              <MetadataToken>100663385</MetadataToken>
              <Name>static StaticAgentConfig ConfigLoader::LoadStaticAgentConfig(System.String)</Name>
              <FileRef uid="7" />
              <SequencePoints>
                <SequencePoint vc="15" uspid="4414" ordinal="0" offset="0" sl="46" sc="80" el="46" ec="80" bec="0" bev="0" fileid="7" />
                <SequencePoint vc="15" uspid="4415" ordinal="0" offset="1" sl="47" sc="5" el="47" ec="5" bec="0" bev="0" fileid="7" />
                <SequencePoint vc="15" uspid="4416" ordinal="0" offset="13" sl="48" sc="5" el="48" ec="5" bec="0" bev="0" fileid="7" />
                <SequencePoint vc="15" uspid="4417" ordinal="0" offset="20" sl="50" sc="5" el="50" ec="5" bec="0" bev="0" fileid="7" />
                <SequencePoint vc="0" uspid="4418" ordinal="0" offset="30" sl="50" sc="44" el="50" ec="44" bec="0" bev="0" fileid="7" />
                <SequencePoint vc="0" uspid="4419" ordinal="0" offset="31" sl="51" sc="7" el="51" ec="7" bec="0" bev="0" fileid="7" />
                <SequencePoint vc="0" uspid="4420" ordinal="0" offset="48" sl="52" sc="7" el="52" ec="7" bec="0" bev="0" fileid="7" />
                <SequencePoint vc="15" uspid="4421" ordinal="0" offset="52" sl="55" sc="5" el="55" ec="5" bec="0" bev="0" fileid="7" />
                <SequencePoint vc="15" uspid="4422" ordinal="0" offset="83" sl="59" sc="3" el="59" ec="3" bec="0" bev="0" fileid="7" />
              </SequencePoints>
              <BranchPoints />
            </Method>
          </Methods>
        </Class>
        <Class>
          <Summary numSequencePoints="4" visitedSequencePoints="4" numBranchPoints="0" visitedBranchPoints="0" sequenceCoverage="100.0" branchCoverage="0.0" maxCyclomaticComplexity="1" minCyclomaticComplexity="1" maxCrapScore="1" minCrapScore="1" visitedClasses="1" numClasses="1" visitedMethods="1" numMethods="1" />
          <FullName>SimulationConfig</FullName>
          <Methods>
            <Method visited="true" cyclomaticComplexity="1" nPathComplexity="0" sequenceCoverage="100.0" branchCoverage="0" crapScore="1" isConstructor="true" isStatic="false" isGetter="false" isSetter="false">
              <Summary numSequencePoints="4" visitedSequencePoints="4" numBranchPoints="0" visitedBranchPoints="0" sequenceCoverage="100.0" branchCoverage="0" maxCyclomaticComplexity="1" minCyclomaticComplexity="1" maxCrapScore="1" minCrapScore="1" visitedClasses="0" numClasses="0" visitedMethods="1" numMethods="1" />
              <MetadataToken>100663396</MetadataToken>
              <Name>SimulationConfig::SimulationConfig()</Name>
              <FileRef uid="8" />
              <SequencePoints>
                <SequencePoint vc="10" uspid="4507" ordinal="0" offset="0" sl="10" sc="3" el="10" ec="3" bec="0" bev="0" fileid="8" />
                <SequencePoint vc="10" uspid="4508" ordinal="0" offset="11" sl="12" sc="3" el="12" ec="3" bec="0" bev="0" fileid="8" />
                <SequencePoint vc="10" uspid="4509" ordinal="0" offset="22" sl="15" sc="3" el="15" ec="3" bec="0" bev="0" fileid="8" />
                <SequencePoint vc="10" uspid="4510" ordinal="0" offset="33" sl="18" sc="3" el="18" ec="3" bec="0" bev="0" fileid="8" />
              </SequencePoints>
              <BranchPoints />
            </Method>
          </Methods>
        </Class>
        <Class>
          <Summary numSequencePoints="8" visitedSequencePoints="8" numBranchPoints="0" visitedBranchPoints="0" sequenceCoverage="100.0" branchCoverage="0.0" maxCyclomaticComplexity="1" minCyclomaticComplexity="1" maxCrapScore="1" minCrapScore="1" visitedClasses="1" numClasses="1" visitedMethods="2" numMethods="2" />
          <FullName>IController</FullName>
          <Methods>
            <Method visited="true" cyclomaticComplexity="1" nPathComplexity="0" sequenceCoverage="100.0" branchCoverage="0" crapScore="1" isConstructor="false" isStatic="false" isGetter="false" isSetter="false">
              <Summary numSequencePoints="4" visitedSequencePoints="4" numBranchPoints="0" visitedBranchPoints="0" sequenceCoverage="100.0" branchCoverage="0" maxCyclomaticComplexity="1" minCyclomaticComplexity="1" maxCrapScore="1" minCrapScore="1" visitedClasses="0" numClasses="0" visitedMethods="1" numMethods="1" />
              <MetadataToken>100663417</MetadataToken>
              <Name>UnityEngine.Vector3 IController::PlanToWaypoint(UnityEngine.Vector3)</Name>
              <FileRef uid="11" />
              <SequencePoints>
                <SequencePoint vc="5" uspid="4534" ordinal="0" offset="0" sl="21" sc="51" el="21" ec="51" bec="0" bev="0" fileid="11" />
                <SequencePoint vc="5" uspid="4535" ordinal="0" offset="1" sl="22" sc="5" el="22" ec="5" bec="0" bev="0" fileid="11" />
                <SequencePoint vc="5" uspid="4536" ordinal="0" offset="14" sl="23" sc="5" el="23" ec="5" bec="0" bev="0" fileid="11" />
                <SequencePoint vc="5" uspid="4537" ordinal="0" offset="25" sl="24" sc="3" el="24" ec="3" bec="0" bev="0" fileid="11" />
              </SequencePoints>
              <BranchPoints />
            </Method>
            <Method visited="true" cyclomaticComplexity="1" nPathComplexity="0" sequenceCoverage="100.0" branchCoverage="0" crapScore="1" isConstructor="true" isStatic="false" isGetter="false" isSetter="false">
              <Summary numSequencePoints="4" visitedSequencePoints="4" numBranchPoints="0" visitedBranchPoints="0" sequenceCoverage="100.0" branchCoverage="0" maxCyclomaticComplexity="1" minCyclomaticComplexity="1" maxCrapScore="1" minCrapScore="1" visitedClasses="0" numClasses="0" visitedMethods="1" numMethods="1" />
              <MetadataToken>100663415</MetadataToken>
              <Name>IController::IController(Agent)</Name>
              <FileRef uid="11" />
              <SequencePoints>
                <SequencePoint vc="5" uspid="4541" ordinal="0" offset="0" sl="9" sc="3" el="9" ec="3" bec="0" bev="0" fileid="11" />
                <SequencePoint vc="5" uspid="4542" ordinal="0" offset="7" sl="9" sc="35" el="9" ec="35" bec="0" bev="0" fileid="11" />
                <SequencePoint vc="5" uspid="4543" ordinal="0" offset="8" sl="10" sc="5" el="10" ec="5" bec="0" bev="0" fileid="11" />
                <SequencePoint vc="5" uspid="4544" ordinal="0" offset="15" sl="11" sc="3" el="11" ec="3" bec="0" bev="0" fileid="11" />
              </SequencePoints>
              <BranchPoints />
            </Method>
          </Methods>
        </Class>
        <Class>
          <Summary numSequencePoints="33" visitedSequencePoints="25" numBranchPoints="0" visitedBranchPoints="0" sequenceCoverage="75.76" branchCoverage="0.0" maxCyclomaticComplexity="4" minCyclomaticComplexity="1" maxCrapScore="4.34" minCrapScore="1" visitedClasses="1" numClasses="1" visitedMethods="2" numMethods="2" />
          <FullName>PnController</FullName>
          <Methods>
            <Method visited="true" cyclomaticComplexity="4" nPathComplexity="0" sequenceCoverage="72.41" branchCoverage="0" crapScore="4.34" isConstructor="false" isStatic="false" isGetter="false" isSetter="false">
              <Summary numSequencePoints="29" visitedSequencePoints="21" numBranchPoints="0" visitedBranchPoints="0" sequenceCoverage="72.41" branchCoverage="0" maxCyclomaticComplexity="4" minCyclomaticComplexity="4" maxCrapScore="4.34" minCrapScore="4.34" visitedClasses="0" numClasses="0" visitedMethods="1" numMethods="1" />
              <MetadataToken>100663420</MetadataToken>
              <Name>UnityEngine.Vector3 PnController::PlanImpl(Transformation&amp;)</Name>
              <FileRef uid="12" />
              <SequencePoints>
                <SequencePoint vc="2" uspid="4545" ordinal="0" offset="0" sl="20" sc="81" el="20" ec="81" bec="0" bev="0" fileid="12" />
                <SequencePoint vc="2" uspid="4546" ordinal="0" offset="1" sl="22" sc="5" el="22" ec="5" bec="0" bev="0" fileid="12" />
                <SequencePoint vc="2" uspid="4547" ordinal="0" offset="13" sl="23" sc="5" el="23" ec="5" bec="0" bev="0" fileid="12" />
                <SequencePoint vc="2" uspid="4548" ordinal="0" offset="20" sl="24" sc="5" el="24" ec="5" bec="0" bev="0" fileid="12" />
                <SequencePoint vc="2" uspid="4549" ordinal="0" offset="27" sl="25" sc="5" el="25" ec="5" bec="0" bev="0" fileid="12" />
                <SequencePoint vc="2" uspid="4550" ordinal="0" offset="34" sl="26" sc="5" el="26" ec="5" bec="0" bev="0" fileid="12" />
                <SequencePoint vc="2" uspid="4551" ordinal="0" offset="42" sl="28" sc="5" el="28" ec="5" bec="0" bev="0" fileid="12" />
                <SequencePoint vc="2" uspid="4552" ordinal="0" offset="55" sl="29" sc="5" el="29" ec="5" bec="0" bev="0" fileid="12" />
                <SequencePoint vc="2" uspid="4553" ordinal="0" offset="64" sl="32" sc="5" el="32" ec="5" bec="0" bev="0" fileid="12" />
                <SequencePoint vc="2" uspid="4554" ordinal="0" offset="77" sl="33" sc="5" el="33" ec="5" bec="0" bev="0" fileid="12" />
                <SequencePoint vc="2" uspid="4555" ordinal="0" offset="90" sl="34" sc="5" el="34" ec="5" bec="0" bev="0" fileid="12" />
                <SequencePoint vc="2" uspid="4556" ordinal="0" offset="103" sl="35" sc="5" el="35" ec="5" bec="0" bev="0" fileid="12" />
                <SequencePoint vc="2" uspid="4557" ordinal="0" offset="116" sl="37" sc="5" el="37" ec="5" bec="0" bev="0" fileid="12" />
                <SequencePoint vc="2" uspid="4558" ordinal="0" offset="130" sl="40" sc="5" el="40" ec="5" bec="0" bev="0" fileid="12" />
                <SequencePoint vc="2" uspid="4559" ordinal="0" offset="134" sl="43" sc="5" el="43" ec="5" bec="0" bev="0" fileid="12" />
                <SequencePoint vc="0" uspid="4560" ordinal="0" offset="149" sl="43" sc="30" el="43" ec="30" bec="0" bev="0" fileid="12" />
                <SequencePoint vc="0" uspid="4561" ordinal="0" offset="150" sl="44" sc="7" el="44" ec="7" bec="0" bev="0" fileid="12" />
                <SequencePoint vc="0" uspid="4562" ordinal="0" offset="175" sl="45" sc="5" el="45" ec="5" bec="0" bev="0" fileid="12" />
                <SequencePoint vc="2" uspid="4563" ordinal="0" offset="176" sl="48" sc="5" el="48" ec="5" bec="0" bev="0" fileid="12" />
                <SequencePoint vc="0" uspid="4564" ordinal="0" offset="235" sl="49" sc="82" el="49" ec="82" bec="0" bev="0" fileid="12" />
                <SequencePoint vc="0" uspid="4565" ordinal="0" offset="236" sl="51" sc="7" el="51" ec="7" bec="0" bev="0" fileid="12" />
                <SequencePoint vc="0" uspid="4566" ordinal="0" offset="263" sl="52" sc="7" el="52" ec="7" bec="0" bev="0" fileid="12" />
                <SequencePoint vc="0" uspid="4567" ordinal="0" offset="290" sl="53" sc="7" el="53" ec="7" bec="0" bev="0" fileid="12" />
                <SequencePoint vc="0" uspid="4568" ordinal="0" offset="305" sl="54" sc="5" el="54" ec="5" bec="0" bev="0" fileid="12" />
                <SequencePoint vc="2" uspid="4569" ordinal="0" offset="306" sl="56" sc="5" el="56" ec="5" bec="0" bev="0" fileid="12" />
                <SequencePoint vc="2" uspid="4570" ordinal="0" offset="320" sl="57" sc="5" el="57" ec="5" bec="0" bev="0" fileid="12" />
                <SequencePoint vc="2" uspid="4571" ordinal="0" offset="334" sl="58" sc="5" el="58" ec="5" bec="0" bev="0" fileid="12" />
                <SequencePoint vc="2" uspid="4572" ordinal="0" offset="357" sl="59" sc="5" el="59" ec="5" bec="0" bev="0" fileid="12" />
                <SequencePoint vc="2" uspid="4573" ordinal="0" offset="363" sl="60" sc="3" el="60" ec="3" bec="0" bev="0" fileid="12" />
              </SequencePoints>
              <BranchPoints />
            </Method>
            <Method visited="true" cyclomaticComplexity="1" nPathComplexity="0" sequenceCoverage="100.0" branchCoverage="0" crapScore="1" isConstructor="true" isStatic="false" isGetter="false" isSetter="false">
              <Summary numSequencePoints="4" visitedSequencePoints="4" numBranchPoints="0" visitedBranchPoints="0" sequenceCoverage="100.0" branchCoverage="0" maxCyclomaticComplexity="1" minCyclomaticComplexity="1" maxCrapScore="1" minCrapScore="1" visitedClasses="0" numClasses="0" visitedMethods="1" numMethods="1" />
              <MetadataToken>100663419</MetadataToken>
              <Name>PnController::PnController(Agent, System.Single)</Name>
              <FileRef uid="12" />
              <SequencePoints>
                <SequencePoint vc="2" uspid="4574" ordinal="0" offset="0" sl="16" sc="60" el="16" ec="60" bec="0" bev="0" fileid="12" />
                <SequencePoint vc="2" uspid="4575" ordinal="0" offset="8" sl="16" sc="72" el="16" ec="72" bec="0" bev="0" fileid="12" />
                <SequencePoint vc="2" uspid="4576" ordinal="0" offset="9" sl="17" sc="5" el="17" ec="5" bec="0" bev="0" fileid="12" />
                <SequencePoint vc="2" uspid="4577" ordinal="0" offset="16" sl="18" sc="3" el="18" ec="3" bec="0" bev="0" fileid="12" />
              </SequencePoints>
              <BranchPoints />
            </Method>
          </Methods>
        </Class>
        <Class>
          <Summary numSequencePoints="10" visitedSequencePoints="10" numBranchPoints="0" visitedBranchPoints="0" sequenceCoverage="100.0" branchCoverage="0.0" maxCyclomaticComplexity="1" minCyclomaticComplexity="1" maxCrapScore="1" minCrapScore="1" visitedClasses="1" numClasses="1" visitedMethods="2" numMethods="2" />
          <FullName>WaypointController</FullName>
          <Methods>
            <Method visited="true" cyclomaticComplexity="1" nPathComplexity="0" sequenceCoverage="100.0" branchCoverage="0" crapScore="1" isConstructor="false" isStatic="false" isGetter="false" isSetter="false">
              <Summary numSequencePoints="6" visitedSequencePoints="6" numBranchPoints="0" visitedBranchPoints="0" sequenceCoverage="100.0" branchCoverage="0" maxCyclomaticComplexity="1" minCyclomaticComplexity="1" maxCrapScore="1" minCrapScore="1" visitedClasses="0" numClasses="0" visitedMethods="1" numMethods="1" />
              <MetadataToken>100663422</MetadataToken>
              <Name>UnityEngine.Vector3 WaypointController::PlanImpl(Transformation&amp;)</Name>
              <FileRef uid="13" />
              <SequencePoints>
                <SequencePoint vc="3" uspid="4578" ordinal="0" offset="0" sl="13" sc="81" el="13" ec="81" bec="0" bev="0" fileid="13" />
                <SequencePoint vc="3" uspid="4579" ordinal="0" offset="1" sl="14" sc="5" el="14" ec="5" bec="0" bev="0" fileid="13" />
                <SequencePoint vc="3" uspid="4580" ordinal="0" offset="13" sl="15" sc="5" el="15" ec="5" bec="0" bev="0" fileid="13" />
                <SequencePoint vc="3" uspid="4581" ordinal="0" offset="32" sl="18" sc="5" el="18" ec="5" bec="0" bev="0" fileid="13" />
                <SequencePoint vc="3" uspid="4582" ordinal="0" offset="61" sl="20" sc="5" el="20" ec="5" bec="0" bev="0" fileid="13" />
                <SequencePoint vc="3" uspid="4583" ordinal="0" offset="65" sl="21" sc="3" el="21" ec="3" bec="0" bev="0" fileid="13" />
              </SequencePoints>
              <BranchPoints />
            </Method>
            <Method visited="true" cyclomaticComplexity="1" nPathComplexity="0" sequenceCoverage="100.0" branchCoverage="0" crapScore="1" isConstructor="true" isStatic="false" isGetter="false" isSetter="false">
              <Summary numSequencePoints="4" visitedSequencePoints="4" numBranchPoints="0" visitedBranchPoints="0" sequenceCoverage="100.0" branchCoverage="0" maxCyclomaticComplexity="1" minCyclomaticComplexity="1" maxCrapScore="1" minCrapScore="1" visitedClasses="0" numClasses="0" visitedMethods="1" numMethods="1" />
              <MetadataToken>100663421</MetadataToken>
              <Name>WaypointController::WaypointController(Agent, System.Single)</Name>
              <FileRef uid="13" />
              <SequencePoints>
                <SequencePoint vc="3" uspid="4584" ordinal="0" offset="0" sl="9" sc="64" el="9" ec="64" bec="0" bev="0" fileid="13" />
                <SequencePoint vc="3" uspid="4585" ordinal="0" offset="8" sl="9" sc="76" el="9" ec="76" bec="0" bev="0" fileid="13" />
                <SequencePoint vc="3" uspid="4586" ordinal="0" offset="9" sl="10" sc="5" el="10" ec="5" bec="0" bev="0" fileid="13" />
                <SequencePoint vc="3" uspid="4587" ordinal="0" offset="16" sl="11" sc="3" el="11" ec="3" bec="0" bev="0" fileid="13" />
              </SequencePoints>
              <BranchPoints />
            </Method>
          </Methods>
        </Class>
        <Class>
          <Summary numSequencePoints="11" visitedSequencePoints="11" numBranchPoints="0" visitedBranchPoints="0" sequenceCoverage="100.0" branchCoverage="0.0" maxCyclomaticComplexity="1" minCyclomaticComplexity="1" maxCrapScore="1" minCrapScore="1" visitedClasses="1" numClasses="1" visitedMethods="2" numMethods="2" />
          <FullName>ThreatData</FullName>
          <Methods>
[...]
              <MetadataToken>100663312</MetadataToken>
              <Name>System.Void ThreatTests::RotaryWingThreat_CalculateAccelerationToWaypoint_ComputesCorrectly()</Name>
              <FileRef uid="47" />
              <SequencePoints>
                <SequencePoint vc="1" uspid="7730" ordinal="0" offset="0" sl="263" sc="84" el="263" ec="84" bec="0" bev="0" fileid="47" />
                <SequencePoint vc="1" uspid="7731" ordinal="0" offset="1" sl="265" sc="5" el="265" ec="5" bec="0" bev="0" fileid="47" />
                <SequencePoint vc="1" uspid="7732" ordinal="0" offset="23" sl="266" sc="5" el="266" ec="5" bec="0" bev="0" fileid="47" />
                <SequencePoint vc="1" uspid="7733" ordinal="0" offset="45" sl="267" sc="5" el="267" ec="5" bec="0" bev="0" fileid="47" />
                <SequencePoint vc="1" uspid="7734" ordinal="0" offset="67" sl="268" sc="5" el="268" ec="5" bec="0" bev="0" fileid="47" />
                <SequencePoint vc="1" uspid="7735" ordinal="0" offset="73" sl="270" sc="5" el="270" ec="5" bec="0" bev="0" fileid="47" />
                <SequencePoint vc="1" uspid="7736" ordinal="0" offset="86" sl="271" sc="5" el="271" ec="5" bec="0" bev="0" fileid="47" />
                <SequencePoint vc="1" uspid="7737" ordinal="0" offset="105" sl="272" sc="5" el="272" ec="5" bec="0" bev="0" fileid="47" />
                <SequencePoint vc="1" uspid="7738" ordinal="0" offset="118" sl="273" sc="5" el="273" ec="5" bec="0" bev="0" fileid="47" />
                <SequencePoint vc="1" uspid="7739" ordinal="0" offset="137" sl="277" sc="5" el="277" ec="5" bec="0" bev="0" fileid="47" />
                <SequencePoint vc="1" uspid="7740" ordinal="0" offset="171" sl="279" sc="5" el="279" ec="5" bec="0" bev="0" fileid="47" />
                <SequencePoint vc="1" uspid="7741" ordinal="0" offset="190" sl="282" sc="5" el="282" ec="5" bec="0" bev="0" fileid="47" />
                <SequencePoint vc="1" uspid="7742" ordinal="0" offset="214" sl="286" sc="5" el="286" ec="5" bec="0" bev="0" fileid="47" />
                <SequencePoint vc="1" uspid="7743" ordinal="0" offset="223" sl="287" sc="5" el="287" ec="5" bec="0" bev="0" fileid="47" />
                <SequencePoint vc="1" uspid="7744" ordinal="0" offset="232" sl="288" sc="5" el="288" ec="5" bec="0" bev="0" fileid="47" />
                <SequencePoint vc="1" uspid="7745" ordinal="0" offset="242" sl="289" sc="5" el="289" ec="5" bec="0" bev="0" fileid="47" />
                <SequencePoint vc="1" uspid="7746" ordinal="0" offset="253" sl="292" sc="5" el="292" ec="5" bec="0" bev="0" fileid="47" />
                <SequencePoint vc="1" uspid="7747" ordinal="0" offset="278" sl="294" sc="5" el="294" ec="5" bec="0" bev="0" fileid="47" />
                <SequencePoint vc="1" uspid="7748" ordinal="0" offset="289" sl="297" sc="5" el="297" ec="5" bec="0" bev="0" fileid="47" />
                <SequencePoint vc="1" uspid="7749" ordinal="0" offset="313" sl="299" sc="5" el="299" ec="5" bec="0" bev="0" fileid="47" />
                <SequencePoint vc="1" uspid="7750" ordinal="0" offset="324" sl="300" sc="5" el="300" ec="5" bec="0" bev="0" fileid="47" />
                <SequencePoint vc="1" uspid="7751" ordinal="0" offset="348" sl="302" sc="5" el="302" ec="5" bec="0" bev="0" fileid="47" />
                <SequencePoint vc="1" uspid="7752" ordinal="0" offset="359" sl="303" sc="5" el="303" ec="5" bec="0" bev="0" fileid="47" />
                <SequencePoint vc="1" uspid="7753" ordinal="0" offset="370" sl="305" sc="5" el="305" ec="5" bec="0" bev="0" fileid="47" />
                <SequencePoint vc="1" uspid="7754" ordinal="0" offset="411" sl="307" sc="5" el="307" ec="5" bec="0" bev="0" fileid="47" />
                <SequencePoint vc="1" uspid="7755" ordinal="0" offset="451" sl="309" sc="3" el="309" ec="3" bec="0" bev="0" fileid="47" />
              </SequencePoints>
              <BranchPoints />
            </Method>
          </Methods>
        </Class>
        <Class>
          <Summary numSequencePoints="61" visitedSequencePoints="61" numBranchPoints="0" visitedBranchPoints="0" sequenceCoverage="100.0" branchCoverage="0.0" maxCyclomaticComplexity="1" minCyclomaticComplexity="1" maxCrapScore="1" minCrapScore="1" visitedClasses="1" numClasses="1" visitedMethods="3" numMethods="3" />
          <FullName>TransformationTests</FullName>
          <Methods>
            <Method visited="true" cyclomaticComplexity="1" nPathComplexity="0" sequenceCoverage="100.0" branchCoverage="0" crapScore="1" isConstructor="false" isStatic="false" isGetter="false" isSetter="false">
              <Summary numSequencePoints="21" visitedSequencePoints="21" numBranchPoints="0" visitedBranchPoints="0" sequenceCoverage="100.0" branchCoverage="0" maxCyclomaticComplexity="1" minCyclomaticComplexity="1" maxCrapScore="1" minCrapScore="1" visitedClasses="0" numClasses="0" visitedMethods="1" numMethods="1" />
              <MetadataToken>100663314</MetadataToken>
              <Name>System.Void TransformationTests::Target_At_Boresight()</Name>
              <FileRef uid="48" />
              <SequencePoints>
                <SequencePoint vc="1" uspid="7756" ordinal="0" offset="0" sl="9" sc="37" el="9" ec="37" bec="0" bev="0" fileid="48" />
                <SequencePoint vc="1" uspid="7757" ordinal="0" offset="1" sl="11" sc="5" el="11" ec="5" bec="0" bev="0" fileid="48" />
                <SequencePoint vc="1" uspid="7758" ordinal="0" offset="17" sl="12" sc="5" el="12" ec="5" bec="0" bev="0" fileid="48" />
                <SequencePoint vc="1" uspid="7759" ordinal="0" offset="29" sl="13" sc="5" el="13" ec="5" bec="0" bev="0" fileid="48" />
                <SequencePoint vc="1" uspid="7760" ordinal="0" offset="61" sl="14" sc="5" el="14" ec="5" bec="0" bev="0" fileid="48" />
                <SequencePoint vc="1" uspid="7761" ordinal="0" offset="88" sl="15" sc="5" el="15" ec="5" bec="0" bev="0" fileid="48" />
                <SequencePoint vc="1" uspid="7762" ordinal="0" offset="106" sl="18" sc="5" el="18" ec="5" bec="0" bev="0" fileid="48" />
                <SequencePoint vc="1" uspid="7763" ordinal="0" offset="122" sl="19" sc="5" el="19" ec="5" bec="0" bev="0" fileid="48" />
                <SequencePoint vc="1" uspid="7764" ordinal="0" offset="149" sl="20" sc="5" el="20" ec="5" bec="0" bev="0" fileid="48" />
                <SequencePoint vc="1" uspid="7765" ordinal="0" offset="161" sl="21" sc="5" el="21" ec="5" bec="0" bev="0" fileid="48" />
                <SequencePoint vc="1" uspid="7766" ordinal="0" offset="188" sl="22" sc="5" el="22" ec="5" bec="0" bev="0" fileid="48" />
                <SequencePoint vc="1" uspid="7767" ordinal="0" offset="206" sl="25" sc="5" el="25" ec="5" bec="0" bev="0" fileid="48" />
                <SequencePoint vc="1" uspid="7768" ordinal="0" offset="215" sl="28" sc="5" el="28" ec="5" bec="0" bev="0" fileid="48" />
                <SequencePoint vc="1" uspid="7769" ordinal="0" offset="270" sl="30" sc="5" el="30" ec="5" bec="0" bev="0" fileid="48" />
                <SequencePoint vc="1" uspid="7770" ordinal="0" offset="300" sl="31" sc="5" el="31" ec="5" bec="0" bev="0" fileid="48" />
                <SequencePoint vc="1" uspid="7771" ordinal="0" offset="329" sl="32" sc="5" el="32" ec="5" bec="0" bev="0" fileid="48" />
                <SequencePoint vc="1" uspid="7772" ordinal="0" offset="358" sl="33" sc="5" el="33" ec="5" bec="0" bev="0" fileid="48" />
                <SequencePoint vc="1" uspid="7773" ordinal="0" offset="403" sl="35" sc="5" el="35" ec="5" bec="0" bev="0" fileid="48" />
                <SequencePoint vc="1" uspid="7774" ordinal="0" offset="432" sl="36" sc="5" el="36" ec="5" bec="0" bev="0" fileid="48" />
                <SequencePoint vc="1" uspid="7775" ordinal="0" offset="461" sl="37" sc="5" el="37" ec="5" bec="0" bev="0" fileid="48" />
                <SequencePoint vc="1" uspid="7776" ordinal="0" offset="490" sl="38" sc="3" el="38" ec="3" bec="0" bev="0" fileid="48" />
              </SequencePoints>
              <BranchPoints />
            </Method>
            <Method visited="true" cyclomaticComplexity="1" nPathComplexity="0" sequenceCoverage="100.0" branchCoverage="0" crapScore="1" isConstructor="false" isStatic="false" isGetter="false" isSetter="false">
              <Summary numSequencePoints="19" visitedSequencePoints="19" numBranchPoints="0" visitedBranchPoints="0" sequenceCoverage="100.0" branchCoverage="0" maxCyclomaticComplexity="1" minCyclomaticComplexity="1" maxCrapScore="1" minCrapScore="1" visitedClasses="0" numClasses="0" visitedMethods="1" numMethods="1" />
              <MetadataToken>100663315</MetadataToken>
              <Name>System.Void TransformationTests::Target_At_Starboard()</Name>
              <FileRef uid="48" />
              <SequencePoints>
                <SequencePoint vc="1" uspid="7777" ordinal="0" offset="0" sl="41" sc="37" el="41" ec="37" bec="0" bev="0" fileid="48" />
                <SequencePoint vc="1" uspid="7778" ordinal="0" offset="1" sl="43" sc="5" el="43" ec="5" bec="0" bev="0" fileid="48" />
                <SequencePoint vc="1" uspid="7779" ordinal="0" offset="17" sl="44" sc="5" el="44" ec="5" bec="0" bev="0" fileid="48" />
                <SequencePoint vc="1" uspid="7780" ordinal="0" offset="29" sl="45" sc="5" el="45" ec="5" bec="0" bev="0" fileid="48" />
                <SequencePoint vc="1" uspid="7781" ordinal="0" offset="61" sl="46" sc="5" el="46" ec="5" bec="0" bev="0" fileid="48" />
                <SequencePoint vc="1" uspid="7782" ordinal="0" offset="88" sl="49" sc="5" el="49" ec="5" bec="0" bev="0" fileid="48" />
                <SequencePoint vc="1" uspid="7783" ordinal="0" offset="104" sl="50" sc="5" el="50" ec="5" bec="0" bev="0" fileid="48" />
                <SequencePoint vc="1" uspid="7784" ordinal="0" offset="131" sl="51" sc="5" el="51" ec="5" bec="0" bev="0" fileid="48" />
                <SequencePoint vc="1" uspid="7785" ordinal="0" offset="143" sl="52" sc="5" el="52" ec="5" bec="0" bev="0" fileid="48" />
                <SequencePoint vc="1" uspid="7786" ordinal="0" offset="170" sl="55" sc="5" el="55" ec="5" bec="0" bev="0" fileid="48" />
                <SequencePoint vc="1" uspid="7787" ordinal="0" offset="179" sl="58" sc="5" el="58" ec="5" bec="0" bev="0" fileid="48" />
                <SequencePoint vc="1" uspid="7788" ordinal="0" offset="234" sl="60" sc="5" el="60" ec="5" bec="0" bev="0" fileid="48" />
                <SequencePoint vc="1" uspid="7789" ordinal="0" offset="264" sl="61" sc="5" el="61" ec="5" bec="0" bev="0" fileid="48" />
                <SequencePoint vc="1" uspid="7790" ordinal="0" offset="297" sl="62" sc="5" el="62" ec="5" bec="0" bev="0" fileid="48" />
                <SequencePoint vc="1" uspid="7791" ordinal="0" offset="326" sl="63" sc="5" el="63" ec="5" bec="0" bev="0" fileid="48" />
                <SequencePoint vc="1" uspid="7792" ordinal="0" offset="371" sl="65" sc="5" el="65" ec="5" bec="0" bev="0" fileid="48" />
                <SequencePoint vc="1" uspid="7793" ordinal="0" offset="400" sl="66" sc="5" el="66" ec="5" bec="0" bev="0" fileid="48" />
                <SequencePoint vc="1" uspid="7794" ordinal="0" offset="429" sl="67" sc="5" el="67" ec="5" bec="0" bev="0" fileid="48" />
                <SequencePoint vc="1" uspid="7795" ordinal="0" offset="458" sl="68" sc="3" el="68" ec="3" bec="0" bev="0" fileid="48" />
              </SequencePoints>
              <BranchPoints />
            </Method>
            <Method visited="true" cyclomaticComplexity="1" nPathComplexity="0" sequenceCoverage="100.0" branchCoverage="0" crapScore="1" isConstructor="false" isStatic="false" isGetter="false" isSetter="false">
              <Summary numSequencePoints="21" visitedSequencePoints="21" numBranchPoints="0" visitedBranchPoints="0" sequenceCoverage="100.0" branchCoverage="0" maxCyclomaticComplexity="1" minCyclomaticComplexity="1" maxCrapScore="1" minCrapScore="1" visitedClasses="0" numClasses="0" visitedMethods="1" numMethods="1" />
              <MetadataToken>100663316</MetadataToken>
              <Name>System.Void TransformationTests::Target_At_Elevation()</Name>
              <FileRef uid="48" />
              <SequencePoints>
                <SequencePoint vc="1" uspid="7796" ordinal="0" offset="0" sl="71" sc="37" el="71" ec="37" bec="0" bev="0" fileid="48" />
                <SequencePoint vc="1" uspid="7797" ordinal="0" offset="1" sl="73" sc="5" el="73" ec="5" bec="0" bev="0" fileid="48" />
                <SequencePoint vc="1" uspid="7798" ordinal="0" offset="17" sl="74" sc="5" el="74" ec="5" bec="0" bev="0" fileid="48" />
                <SequencePoint vc="1" uspid="7799" ordinal="0" offset="29" sl="75" sc="5" el="75" ec="5" bec="0" bev="0" fileid="48" />
                <SequencePoint vc="1" uspid="7800" ordinal="0" offset="61" sl="76" sc="5" el="76" ec="5" bec="0" bev="0" fileid="48" />
                <SequencePoint vc="1" uspid="7801" ordinal="0" offset="88" sl="77" sc="5" el="77" ec="5" bec="0" bev="0" fileid="48" />
                <SequencePoint vc="1" uspid="7802" ordinal="0" offset="106" sl="80" sc="5" el="80" ec="5" bec="0" bev="0" fileid="48" />
                <SequencePoint vc="1" uspid="7803" ordinal="0" offset="122" sl="81" sc="5" el="81" ec="5" bec="0" bev="0" fileid="48" />
                <SequencePoint vc="1" uspid="7804" ordinal="0" offset="149" sl="82" sc="5" el="82" ec="5" bec="0" bev="0" fileid="48" />
                <SequencePoint vc="1" uspid="7805" ordinal="0" offset="161" sl="83" sc="5" el="83" ec="5" bec="0" bev="0" fileid="48" />
                <SequencePoint vc="1" uspid="7806" ordinal="0" offset="188" sl="84" sc="5" el="84" ec="5" bec="0" bev="0" fileid="48" />
                <SequencePoint vc="1" uspid="7807" ordinal="0" offset="206" sl="87" sc="5" el="87" ec="5" bec="0" bev="0" fileid="48" />
                <SequencePoint vc="1" uspid="7808" ordinal="0" offset="215" sl="90" sc="5" el="90" ec="5" bec="0" bev="0" fileid="48" />
                <SequencePoint vc="1" uspid="7809" ordinal="0" offset="270" sl="92" sc="5" el="92" ec="5" bec="0" bev="0" fileid="48" />
                <SequencePoint vc="1" uspid="7810" ordinal="0" offset="300" sl="93" sc="5" el="93" ec="5" bec="0" bev="0" fileid="48" />
                <SequencePoint vc="1" uspid="7811" ordinal="0" offset="329" sl="94" sc="5" el="94" ec="5" bec="0" bev="0" fileid="48" />
                <SequencePoint vc="1" uspid="7812" ordinal="0" offset="362" sl="95" sc="5" el="95" ec="5" bec="0" bev="0" fileid="48" />
                <SequencePoint vc="1" uspid="7813" ordinal="0" offset="407" sl="97" sc="5" el="97" ec="5" bec="0" bev="0" fileid="48" />
                <SequencePoint vc="1" uspid="7814" ordinal="0" offset="436" sl="98" sc="5" el="98" ec="5" bec="0" bev="0" fileid="48" />
                <SequencePoint vc="1" uspid="7815" ordinal="0" offset="465" sl="99" sc="5" el="99" ec="5" bec="0" bev="0" fileid="48" />
                <SequencePoint vc="1" uspid="7816" ordinal="0" offset="494" sl="100" sc="3" el="100" ec="3" bec="0" bev="0" fileid="48" />
              </SequencePoints>
              <BranchPoints />
            </Method>
          </Methods>
        </Class>
        <Class>
          <Summary numSequencePoints="4" visitedSequencePoints="3" numBranchPoints="0" visitedBranchPoints="0" sequenceCoverage="75.00" branchCoverage="0.0" maxCyclomaticComplexity="3" minCyclomaticComplexity="3" maxCrapScore="3.14" minCrapScore="3.14" visitedClasses="1" numClasses="1" visitedMethods="1" numMethods="1" />
          <FullName>SanityTest/&lt;SanityTestWithEnumeratorPasses&gt;d__1</FullName>
          <Methods>
            <Method visited="true" cyclomaticComplexity="3" nPathComplexity="0" sequenceCoverage="75.00" branchCoverage="0" crapScore="3.14" isConstructor="false" isStatic="false" isGetter="false" isSetter="false">
              <Summary numSequencePoints="4" visitedSequencePoints="3" numBranchPoints="0" visitedBranchPoints="0" sequenceCoverage="75.00" branchCoverage="0" maxCyclomaticComplexity="3" minCyclomaticComplexity="3" maxCrapScore="3.14" minCrapScore="3.14" visitedClasses="0" numClasses="0" visitedMethods="1" numMethods="1" />
              <MetadataToken>100663322</MetadataToken>
              <Name>System.Boolean SanityTest/&lt;SanityTestWithEnumeratorPasses&gt;d__1::MoveNext()</Name>
              <FileRef uid="45" />
              <SequencePoints>
                <SequencePoint vc="1" uspid="7817" ordinal="0" offset="31" sl="16" sc="55" el="16" ec="55" bec="0" bev="0" fileid="45" />
                <SequencePoint vc="1" uspid="7818" ordinal="0" offset="32" sl="19" sc="5" el="19" ec="5" bec="0" bev="0" fileid="45" />
                <SequencePoint vc="1" uspid="7819" ordinal="0" offset="55" sl="20" sc="5" el="20" ec="5" bec="0" bev="0" fileid="45" />
                <SequencePoint vc="0" uspid="7820" ordinal="0" offset="66" sl="21" sc="3" el="21" ec="3" bec="0" bev="0" fileid="45" />
              </SequencePoints>
              <BranchPoints />
            </Method>
          </Methods>
        </Class>
        <Class>
          <Summary numSequencePoints="2" visitedSequencePoints="2" numBranchPoints="0" visitedBranchPoints="0" sequenceCoverage="100.0" branchCoverage="0.0" maxCyclomaticComplexity="1" minCyclomaticComplexity="1" maxCrapScore="1" minCrapScore="1" visitedClasses="1" numClasses="1" visitedMethods="2" numMethods="2" />
          <FullName>ThreatAssignmentTests/&lt;&gt;c</FullName>
          <Methods>
            <Method visited="true" cyclomaticComplexity="1" nPathComplexity="0" sequenceCoverage="100.0" branchCoverage="0" crapScore="1" isConstructor="false" isStatic="false" isGetter="false" isSetter="false">
              <Summary numSequencePoints="1" visitedSequencePoints="1" numBranchPoints="0" visitedBranchPoints="0" sequenceCoverage="100.0" branchCoverage="0" maxCyclomaticComplexity="1" minCyclomaticComplexity="1" maxCrapScore="1" minCrapScore="1" visitedClasses="0" numClasses="0" visitedMethods="1" numMethods="1" />
              <MetadataToken>100663328</MetadataToken>
              <Name>System.Single ThreatAssignmentTests/&lt;&gt;c::&lt;Assign_Should_Assign_All_Interceptors_And_Threats&gt;b__0_0(IAssignment/AssignmentItem)</Name>
              <FileRef uid="46" />
              <SequencePoints>
                <SequencePoint vc="3" uspid="7821" ordinal="0" offset="0" sl="68" sc="37" el="68" ec="37" bec="0" bev="0" fileid="46" />
              </SequencePoints>
              <BranchPoints />
            </Method>
            <Method visited="true" cyclomaticComplexity="1" nPathComplexity="0" sequenceCoverage="100.0" branchCoverage="0" crapScore="1" isConstructor="false" isStatic="false" isGetter="false" isSetter="false">
              <Summary numSequencePoints="1" visitedSequencePoints="1" numBranchPoints="0" visitedBranchPoints="0" sequenceCoverage="100.0" branchCoverage="0" maxCyclomaticComplexity="1" minCyclomaticComplexity="1" maxCrapScore="1" minCrapScore="1" visitedClasses="0" numClasses="0" visitedMethods="1" numMethods="1" />
              <MetadataToken>100663329</MetadataToken>
              <Name>System.Single ThreatAssignmentTests/&lt;&gt;c::&lt;Assign_Should_Handle_More_Interceptors_Than_Threats&gt;b__1_0(IAssignment/AssignmentItem)</Name>
              <FileRef uid="46" />
              <SequencePoints>
                <SequencePoint vc="2" uspid="7822" ordinal="0" offset="0" sl="133" sc="37" el="133" ec="37" bec="0" bev="0" fileid="46" />
              </SequencePoints>
              <BranchPoints />
            </Method>
          </Methods>
        </Class>
      </Classes>
    </Module>
  </Modules>
</CoverageSession>